[18/8/2018 20:4:24] Lord doido: alguem
[18/8/2018 20:15:17] Lord doido: adm ?
[18/8/2018 20:33:33] Lord doido: adm ?
[19/8/2018 15:47:1] Druid Noia: adm?
[19/8/2018 16:43:40] Pallyboladao: GOD ON?
[19/8/2018 16:45:54] Pallyboladao: gm on??
[22/8/2018 10:37:12] Bud: adm
[14/9/2018 16:53:22] Gu Zika: adm on?
[14/9/2018 18:13:10] Bolsonaro Mito: onde arrumo  Black Skull   ??
[14/9/2018 18:49:38] Ganesh: so no site da pra compra vip?
[14/9/2018 22:20:34] Ganesha Sz: gm pls
[14/9/2018 22:21:51] Ganesha Sz: gm deu erro no meu autoloot
[14/9/2018 22:38:16] Ganesha Sz: GM MEU AUTO LOOT NN PEGA ND
[15/9/2018 11:23:4] Overlord: esse ot nao esta no otservlist por isso nao emtra gente
[15/9/2018 12:43:20] Kinaboladona: PROCURO TIME PRA FAZER QUESTDA ARMA!!!!!SOU KINAAAAAA 
[15/9/2018 15:50:57] Ganesh: hi
[15/9/2018 16:5:18] Bolsonaro Mito: ta no otservlist esse ot ?
[15/9/2018 16:5:27] Hit Do Canso: iae ^^
[15/9/2018 16:5:30] GM Bogo: eae
[15/9/2018 16:7:5] Hit Do Canso: ta nice 
[15/9/2018 16:7:12] Overlord: para mim oky so falta pelego pra mata se ta divugando ?
[15/9/2018 16:7:14] GM Bogo: vou anunciar um pouco
[15/9/2018 16:7:15] Ganesh: autoloot bugado
[15/9/2018 16:7:20] GM Bogo: nem tava em casa
[15/9/2018 16:7:22] GM Bogo: o que ta bugado
[15/9/2018 16:7:23] GM Bogo: ?
[15/9/2018 16:12:30] Hit Do Canso: gm os boss dos addons tao muito forte
[15/9/2018 16:12:39] GM Bogo: quais?
[15/9/2018 16:12:57] Overlord: sem mimi ta otimo tem que ter amigo para ajudar
[15/9/2018 16:13:12] GM Bogo: vou analisar aq agr
[15/9/2018 16:14:26] Ganesh: vdd
[15/9/2018 16:15:4] Overlord: qual bixo da mais exp na area vip ? gm ?
[15/9/2018 16:16:58] GM Bogo: a maioria é balanceada
[15/9/2018 16:57:26] Overlord: galera vamos quest qm quiser ir pm
[15/9/2018 19:10:12] Ganesha Sz: GM PLSSSS
[15/9/2018 19:14:7] Ganesha Sz: GM PLSSSSS
[16/9/2018 8:30:48] Ganesha Sz: GM PLS
[16/9/2018 8:47:27] Ganesha Sz: gm pls, vem templo
[16/9/2018 11:56:10] Ratu: ok
[16/9/2018 11:58:29] Lariana: LW AS QUEST ESTAO MUITO FORTE
[16/9/2018 11:58:51] Ratu: ssss tenso de mais
[16/9/2018 12:4:3] GM Bogo: sim
[16/9/2018 12:4:7] GM Bogo: to arrumando galera
[16/9/2018 12:4:10] GM Bogo: rapidinho vou atualizar
[16/9/2018 12:4:13] GM Bogo: pra voces testarem
[16/9/2018 12:4:17] Ratu: oks
[16/9/2018 12:5:11] Ratu: hi
[16/9/2018 12:5:20] Lariana: vlw
[16/9/2018 12:6:7] Lariana: arruma os addons tb
[16/9/2018 12:6:20] Ratu: ferumbras hat ta osso
[16/9/2018 12:6:20] GM Bogo: quais addons
[16/9/2018 12:6:20] GM Bogo: ?
[16/9/2018 12:6:31] GM Bogo: eu vou abaixar o hit do ferumrbas
[16/9/2018 12:6:35] GM Bogo: vai ficar mais facil a task eu acho
[16/9/2018 12:6:56] Ratu: mais nao deixa muito facil nao se nao vira bagunça
[16/9/2018 12:7:4] Lariana: ferumbras hat ta ossooo
[16/9/2018 12:8:39] Ratu: o ferumbras ta mais forte que o gazba
[16/9/2018 12:10:39] GM Bogo: eu mexi nos dois
[16/9/2018 12:10:43] GM Bogo: nao sei se vai ficar melgor
[16/9/2018 12:10:45] GM Bogo: melhor ou pior
[16/9/2018 12:10:45] GM Bogo: kk
[16/9/2018 12:10:52] Ratu: vo testar 
[16/9/2018 12:10:58] GM Bogo: mas
[16/9/2018 12:10:59] GM Bogo: nao atualizei ainda
[16/9/2018 12:11:0] GM Bogo: espera
[16/9/2018 12:11:10] Lariana: chama ratu
[16/9/2018 12:18:11] Ratu: salva
[16/9/2018 12:18:15] GM Bogo: ja salvei
[16/9/2018 12:19:31] Ratu: blzzzz
[16/9/2018 12:29:39] Ratu: vo agora ushushushush
[16/9/2018 12:30:13] Ratu: jaja
[16/9/2018 12:35:52] Ratu: ok
[16/9/2018 12:37:44] Ratu: ficou bom
[16/9/2018 12:40:12] Ratu: show de bola
[16/9/2018 12:46:38] Ratu: to indo a da sd
[16/9/2018 12:52:42] Ratu: lag
[16/9/2018 13:2:54] Ratu: ta lag aew
[16/9/2018 13:3:1] Pallyboladao: verdade
[16/9/2018 13:3:31] Ratu: caralho vo morrer
[16/9/2018 13:30:45] Ratu: quest grande
[16/9/2018 14:43:2] Ratu: gm ajuda
[16/9/2018 14:54:34] Overlord: eu vou
[16/9/2018 17:49:45] Lukina Kina: alguem pra anihi quest?
[16/9/2018 18:9:26] Croata Jr: ADM AI ?
[16/9/2018 18:20:34] Elven Havoc: algum gm on
[16/9/2018 18:20:42] GM Bogo: oi
[16/9/2018 20:33:49] Elven Havoc: oi
[16/9/2018 20:34:9] GM Bogo: eae
[16/9/2018 20:34:20] Elven Havoc: como vai acontecer o sorteio
[16/9/2018 20:34:26] GM Bogo: entao
[16/9/2018 20:34:34] GM Bogo: to vendo, acho q nao tem player suficiente
[16/9/2018 20:34:52] GM Bogo: tava pensando em me esconder e quem achar leva uma boots e um item de decoração
[16/9/2018 20:35:13] Elven Havoc: ah sim
[16/9/2018 20:35:21] Kakarotoo: hehe
[16/9/2018 20:35:49] Elven Havoc: pois e a maioria da galera fica afk
[16/9/2018 20:38:30] Elven Havoc: ia ser interessante ter eventos assim pra insentivar a galera a nao ficar tao afk
[16/9/2018 21:38:4] Kakarotoo: -----=-0--==--00-===9
[16/9/2018 21:38:35] Kakarotoo: alguem quest?
[16/9/2018 21:45:19] Croata Jr: ADM ONLINE ?
[16/9/2018 22:7:37] Elven Havoc: nao consigo loga na acc no site
[17/9/2018 8:42:21] Croata Jr: alguem ai ?
[17/9/2018 9:20:37] Trejzolekk Dominando: ?
[17/9/2018 17:27:37] Lariana: os precos dos addons ta muito caro 20kk 
[17/9/2018 17:27:45] Queensland: kk
[17/9/2018 17:27:58] Elven Havoc: addon da status
[17/9/2018 17:28:10] GM Bogo: qual addon
[17/9/2018 17:28:10] GM Bogo: ?
[17/9/2018 17:29:29] Lariana: Full Assassin: Basta ter 1x nose ring e 50kk,
[17/9/2018 17:29:51] Vou matar um noob: tem q ser caro msm
[17/9/2018 17:30:16] GM Bogo: eu acho q ta bom, se nao fica tudo muito facil
[17/9/2018 17:30:33] Overlord: cara tem que ser dificil msm cade graça disso ?
[17/9/2018 17:31:2] Lariana: diminiu o preco pelo menos nao precisa ser 50kk 
[17/9/2018 17:31:9] Elven Havoc: por mim aumentava
[17/9/2018 17:31:44] Overlord: por mim so colocava pra vip e com quest ainda
[17/9/2018 17:32:2] Elven Havoc: se for vip free tudo bem
[17/9/2018 17:32:21] Lariana: hi
[17/9/2018 17:32:37] Elven Havoc: servidor muito pay to win nunca manteve player
[17/9/2018 17:33:3] Overlord: demolidores e underwar descorda disso kk
[17/9/2018 17:33:7] Lariana: Jack Blue: Seja Bem vindo Lariana. tem intesse em encarar o subsolo do inferno e enfrentar os demonios?? aconselho a montar uma grande equipe e ir preparado! eu irei cobrar uma quantia simbolica de 10kk.. ok? diga quest !
[17/9/2018 17:36:3] Dark Panda: :V
[17/9/2018 17:36:37] Dark Panda: GOGOGO ELITE QUEST LVL 300+ 10KK PRA IR NAH QUEST
[17/9/2018 17:36:54] GM Bogo: tentem ir em time 
[17/9/2018 17:36:59] GM Bogo: acho q conseguem fazer
[17/9/2018 17:37:4] GM Bogo: eu diminui muito os bichos
[17/9/2018 17:37:9] Dark Panda: :C
[17/9/2018 17:37:12] GM Bogo: alguns, eu diminui até a força
[17/9/2018 17:37:17] GM Bogo: deve estar mais facil
[17/9/2018 17:37:27] Lariana: ai sin en !
[17/9/2018 17:37:39] Dark Panda: :D
[17/9/2018 17:38:1] Lariana: manda msg ai no ot ! pra geral
[17/9/2018 17:44:56] Elven Havoc: tem quantos ja pra elite quest?
[17/9/2018 17:46:43] Dark Panda: naiden :C
[17/9/2018 17:47:18] Elven Havoc: junta mais gente ai q eu vou
[17/9/2018 18:10:51] Queensland: alguem que ir quest?
[17/9/2018 18:13:5] Lariana: .
[17/9/2018 18:35:43] Hit Do Canso: ^^
[17/9/2018 18:35:52] Arkaykos: ok
[17/9/2018 18:36:36] Queensland: aff
[17/9/2018 18:37:3] GM Bogo: reiniei pra testar a nova engine
[17/9/2018 18:38:42] Queensland: sourcer
[17/9/2018 18:48:48] Croata Jr: ADM ONLINE ?
[17/9/2018 18:49:6] GM Bogo: sim
[17/9/2018 18:52:17] Jair Bolsonaro Mito: tem novidade?
[17/9/2018 18:52:26] GM Bogo: mudei a source do ot man
[17/9/2018 18:52:29] GM Bogo: agora nao cai mais
[17/9/2018 18:52:34] GM Bogo: hoje de manha tinha caido
[17/9/2018 20:9:22] Croata Jr: ADM AI ?
[17/9/2018 20:17:33] Croata Jr: ADM TA AI MANO ?
[17/9/2018 20:18:9] GM Bogo: oi
[17/9/2018 20:27:23] Lariana: ou
[17/9/2018 20:27:34] GM Bogo: oi
[17/9/2018 20:33:46] Hit Do Canso: adm essa wand troka de atributo
[17/9/2018 20:34:30] GM Bogo: ainda nao
[17/9/2018 20:34:32] GM Bogo: pretendo adicionar
[17/9/2018 20:34:36] Hit Do Canso: bl
[17/9/2018 21:11:14] Croata Jr: ADM AI ?
[17/9/2018 21:20:31] Jair Bolsonaro Mito: ADM?
[17/9/2018 22:14:28] Elven Havoc: laaag
[17/9/2018 22:15:24] Overlord: aki ta de boa
[17/9/2018 22:16:1] Elven Havoc: voltou agr pouco
[17/9/2018 22:16:36] Elven Havoc: deu uma lagadinha dnv
[17/9/2018 22:17:48] Kakarotoo: pensei q era so aqui
[17/9/2018 22:18:49] Elven Havoc: e no serrvidor, pq ate os mob travam
[17/9/2018 22:19:11] Kakarotoo: tlgd
[17/9/2018 22:52:38] Overlord: merreao na quest qui tenso
[17/9/2018 22:57:39] GM Wake: Boa noite galera.
[17/9/2018 22:57:58] Kakarotoo: boaaa
[17/9/2018 22:58:2] GM Wake: Opa..
[17/9/2018 22:58:29] Kakarotoo: heheh
[17/9/2018 23:9:14] Jair Bolsonaro Mito: e ae
[17/9/2018 23:18:1] Sansao: bixos bate pakas em kk
[17/9/2018 23:35:35] Emelhorjairseacostumando: muito exaust
[17/9/2018 23:50:19] Lariana: god
[17/9/2018 23:51:6] GM Wake: Boa noite..
[17/9/2018 23:51:18] Lariana: p.v
[17/9/2018 23:52:40] Lariana: minha house ta bugada ajuda aqi ' !
[17/9/2018 23:53:56] Lariana: obg ^^^
[17/9/2018 23:54:6] GM Wake: ^^
[18/9/2018 0:31:38] Croata: Boa noite galeraaaa
[18/9/2018 0:39:50] Kakarotoo: boaaa
[18/9/2018 1:31:45] Elven Havoc: alguem ae
[18/9/2018 1:32:4] Croata: Oi
[18/9/2018 1:36:14] Elven Havoc: esse best wake item
[18/9/2018 1:36:57] Elven Havoc: como funciona
[18/9/2018 1:37:41] Elven Havoc: ele é consumivel?
[18/9/2018 1:40:1] Croata: Colocar ele no lugar no arrow
[18/9/2018 1:40:32] Croata: ele vai te dar regen de mana life e ajudar na proteçao
[18/9/2018 1:41:11] Elven Havoc: sim
[18/9/2018 1:42:29] Croata: Indo dormir até ;*
[18/9/2018 1:55:55] Elven Havoc: algum adm
[18/9/2018 1:56:21] GM Wake: pode dizer Elven Havoc
[18/9/2018 2:19:31] Elven Havoc: DEU ROLLBACK
[18/9/2018 2:19:37] Lariana: ^^
[18/9/2018 2:20:15] Elven Havoc: perdi 2 quest e voltei em outra
[18/9/2018 2:21:14] Elven Havoc: algum adm
[18/9/2018 2:22:10] Elven Havoc: assim fica dificil jogar
[18/9/2018 2:24:9] Elven Havoc: ALGUEM DA STAFF ON?
[18/9/2018 2:28:5] Elven Havoc: porra
[18/9/2018 2:28:28] Lariana: ta foda ;@
[18/9/2018 2:28:45] Elven Havoc: to dentro de uma porra de quest com vinte bicho
[18/9/2018 2:29:23] Elven Havoc: o meu problema nao foi resolvido n
[18/9/2018 2:31:8] Elven Havoc: gm???
[18/9/2018 5:36:25] Trejzolekk Dominando: Hello
[18/9/2018 10:44:6] Jair Bolsonaro Mito: gm ta ai?
[18/9/2018 10:47:9] Jair Bolsonaro Mito: !promoinfo !spells
[18/9/2018 10:48:35] Jair Bolsonaro Mito: hi
[18/9/2018 11:5:9] Jair Bolsonaro Mito: gm
[18/9/2018 11:46:57] Jair Bolsonaro Mito: gm?
[18/9/2018 11:47:37] GM Wake: Opa.
[18/9/2018 12:42:25] Filha Do Jair: ta ae
[18/9/2018 13:26:28] Lariana: GM ta ai ?
[18/9/2018 13:32:47] Lariana: ?
[18/9/2018 13:37:1] Lariana: Gm ta ai ?
[18/9/2018 13:43:14] Lariana: GM?
[18/9/2018 13:49:19] Lariana: ?
[18/9/2018 14:23:40] Croata: Boa tarde galera
[18/9/2018 14:57:13] Filha Do Jair: algum adm on?
[18/9/2018 14:57:52] Croata: posso ajudar ?
[18/9/2018 17:17:53] Croata: De noite estou de volta galera 
[18/9/2018 17:18:29] Croata: flwww  ;*
[18/9/2018 17:21:38] Elven Havoc: alguem ae
[18/9/2018 17:48:53] Jair Bolsonaro Mito: o server caiu
[18/9/2018 17:50:46] Kakarotoo: sera
[18/9/2018 19:0:59] Croata: acho que nao
[18/9/2018 19:3:1] Jair Bolsonaro Mito: por vc e croata jr?
[18/9/2018 19:3:11] Croata: eu mesmo
[18/9/2018 19:3:55] Jair Bolsonaro Mito: oxe pow vc e tutor
[18/9/2018 19:4:11] Croata: Sim !
[18/9/2018 19:4:31] Jair Bolsonaro Mito: entao pow pode entrar pvp  com os cara 
[18/9/2018 19:4:40] Queensland: Croata Jr
[18/9/2018 19:5:13] Croata: quando tem um pvp nos entra mas por enquanto vamos deixar a galera jogar ne
[18/9/2018 19:7:58] Overlord: bora mata ele jair ?
[18/9/2018 19:8:46] Overlord: bora mata ele jair ?
[18/9/2018 19:9:38] Croata: OverLord vc esta upando tranquilo kkk acho melhor nao fazer isso
[18/9/2018 19:9:55] Queensland: manow eu nunca vir um tutor mata um player
[18/9/2018 19:10:32] Croata: tutor é player normal galera eu apenos ajudo a galera com duvidas
[18/9/2018 19:10:47] Overlord: é so tutor galera jaja ele vai morrer pra mim >p
[18/9/2018 19:11:5] Croata: muito bom Overlord vc que manda
[18/9/2018 19:11:9] Jair Bolsonaro Mito: so observo
[18/9/2018 19:11:16] Queensland: ne isso deixa queto
[18/9/2018 19:12:58] Amendoimi Taxista: Olá, sou novo aqui, escutei que o jair é um lider muito autocratico
[18/9/2018 19:28:53] Croata Jr: Só uma coisa nao fique prometendo que vai matar ninguem em kkkk
[18/9/2018 19:29:13] Queensland: blz vc vai ver :D
[18/9/2018 19:30:22] Elven Havoc: suco de macaracujaaaa
[18/9/2018 19:30:54] Elven Havoc: quem nao tomo nao vai toma.
[18/9/2018 19:33:3] Kina Motorizado: algum adm on pls ?
[18/9/2018 19:34:33] Croata: Adm nao mas sou tutor talvez posso te ajudar
[18/9/2018 19:36:35] Kina Motorizado: obg pela atençao ! 
[18/9/2018 19:37:3] Croata: Por nada
[18/9/2018 23:23:19] Croata: Boa noite..
[18/9/2018 23:33:26] Kakarotoo: boa
[18/9/2018 23:52:36] Lariana: gm ou god TA AI?
[18/9/2018 23:53:2] Croata: Acredito que estão off... mas talvez posso te ajudar
[18/9/2018 23:53:16] Lariana: minha house ta bugada de novo cara
[18/9/2018 23:54:2] Croata: isso apenas com eles... vou tentar avisar os adms
[18/9/2018 23:54:30] Lariana: vlw 
[18/9/2018 23:54:48] Croata: Por nada
[18/9/2018 23:56:35] Imortal Lend: ue
[18/9/2018 23:57:39] Croata: ?
[19/9/2018 0:46:24] Eu Amo Md: vsfd adm porra arruma o lag mano
[19/9/2018 0:46:45] Croata: lag apenas ai cara... aqui ta normal
[19/9/2018 0:46:51] Kakarotoo: nem ta laag
[19/9/2018 0:47:19] Croata: pode ser sua net mano
[19/9/2018 0:51:33] Lariana: nao e ! ta bugada mesmo o god tinha arrumado so que volto o buug depois que o ot fico OFF
[19/9/2018 0:52:24] Lariana: to bolado quero minha house de volta !
[19/9/2018 0:52:36] Croata: vou tentar avisar ele sobre isso...
[19/9/2018 0:53:17] Lariana: ajuda ae mano to com 50kk akih pra fazer os addons que falta as coisas ta tudo la dentro ! 
[19/9/2018 0:53:51] Croata: Vou avisar eles
[19/9/2018 1:24:46] Elven Havoc: a partir de hoje ninguem upa mais afk
[19/9/2018 1:24:58] Granatres: nossa que medo
[19/9/2018 1:25:6] Punhetossauro: já que é pra matar afk
[19/9/2018 1:25:35] Granatres: mata nao bebe.... mata naooo bebeeeee
[19/9/2018 1:26:1] Elven Havoc: que issso bebe
[19/9/2018 1:27:57] Kakarotoo: ;)
[19/9/2018 1:30:53] Lariana: ?
[19/9/2018 1:33:22] Kakarotoo: rsrsrs
[19/9/2018 11:32:28] Wellness: alguem por ai
[19/9/2018 12:14:57] Wellness: gm?
[19/9/2018 12:33:17] Croata: Bom dia
[19/9/2018 12:34:7] Wellness: vc é o gm?
[19/9/2018 12:34:32] Croata: sou apenas tutor... mas talvez posso te ajudar
[19/9/2018 14:21:56] Donacroata: adm on ?
[19/9/2018 16:35:56] Wizard Khalifus: O admêeeeeeee
[19/9/2018 17:44:47] GM Wake: Boa tarde, em que posso ajudar?
[19/9/2018 19:27:40] Donacroata: ADM AI ?
[19/9/2018 19:29:28] GM Bogo: sim
[19/9/2018 19:48:20] Jair Bolsonaro Mito: o leg e so aki ou tambem ai no pc de vcs tambem
[19/9/2018 19:48:31] Donacroata: so ai
[19/9/2018 20:2:24] Wizard Khalifus: GM on rapaziada?
[19/9/2018 20:55:12] Love War: ADM TA AE ?
[19/9/2018 20:57:43] Love War: TIRA ESSE EXAUSTED PALLA NEM ANDA DIREITO
[19/9/2018 21:18:36] Wizard Khalifus: uv
[19/9/2018 21:19:8] Druid: hi
[19/9/2018 22:32:4] Jair Bolsonaro Mito: alguem ae
[19/9/2018 22:33:9] GM Bogo: sim
[19/9/2018 22:54:58] Kakarotoo: aee
[19/9/2018 22:55:7] Donacroata: eai bb
[19/9/2018 22:55:37] Kakarotoo: vam war
[19/9/2018 23:51:28] Rango: gm??
[19/9/2018 23:52:2] Rango: adm?
[19/9/2018 23:56:22] Rango: alguem??
[19/9/2018 23:57:0] Croata: Boa noite
[20/9/2018 0:6:51] Rango: toma no cu essa desgraça
[20/9/2018 0:27:56] Love War: hi
[20/9/2018 0:28:42] Love War: como vendo os itens do altoloot ?
[20/9/2018 2:56:15] Lariana: god?
[20/9/2018 11:57:28] Kinaite blokudo: hi
[20/9/2018 13:13:2] Donacroata: pm aqui bogo
[20/9/2018 14:7:58] Wizard Khalifus: ADM on?
[20/9/2018 15:58:59] Pallyboladao: porra minha net caiu e eu perdi o double EXP é normal???
[20/9/2018 21:4:33] Wizard Khalifus: GM on?
[20/9/2018 21:4:52] Shyva: estamos preso
[20/9/2018 21:5:50] Shyva: estamos preso
[20/9/2018 21:7:4] Shyva: AJUDA
[20/9/2018 21:8:3] Shyva: bugou
[20/9/2018 21:8:36] Wizard Khalifus: Onde?
[20/9/2018 21:9:34] Shyva: Quest
[20/9/2018 21:10:13] Shyva: Quest Yalahari estamos preso ultimo andar
[20/9/2018 21:12:26] Donacroata: PRONTO 
[20/9/2018 21:12:37] Wizard Khalifus: Resolvemos aqui GM
[20/9/2018 22:58:2] Donacroata: ADM ONLINE ?????/
[20/9/2018 23:2:10] Donacroata: adm online ?
[21/9/2018 0:40:52] Lariana: god
[21/9/2018 11:26:32] Pallyboladao: ALGUEM AI QUER FAZER QUESTSS??
[21/9/2018 12:35:38] Wizard Khalifus: GM on?
[21/9/2018 13:33:0] Donacroata: adm ai ?
[21/9/2018 15:4:22] Pallyboladao: alguem afimd e fazer quests?
[21/9/2018 18:59:2] Donacroata: adm online ?
[21/9/2018 19:2:8] Donacroata: adm ta ai ? preciso falar com vc
[21/9/2018 19:29:2] Pallyboladao: GM ONN?
[21/9/2018 19:48:39] GM Bogo: oioi
[21/9/2018 19:49:24] Pallyboladao: tae gm
[21/9/2018 19:53:44] Pallyboladao: O GMM
[21/9/2018 19:54:19] Pallyboladao: O GMM
[21/9/2018 20:0:40] Pallyboladao: tai brother?
[21/9/2018 23:2:25] Donacroata: adm on ?
[21/9/2018 23:4:32] Granatres: ta ai ?
[21/9/2018 23:4:47] Bazee: ?
[22/9/2018 0:35:32] Granatres: adm ai ????
[22/9/2018 0:40:19] Croata: falar a vdd adm ta cagando pro serv dele
[22/9/2018 2:3:40] Lariana: god
[22/9/2018 11:28:58] Croata Jr: adm ai ?
[22/9/2018 12:27:28] Croata: adm on ?
[22/9/2018 14:29:1] Jair Bolsonaro Mito: alguem
[22/9/2018 14:32:47] Croata Jr: eu
[22/9/2018 17:21:41] Croata: alguem ai ? adm ai ?
[22/9/2018 18:9:56] Jair Bolsonaro Mito: e ae quem ta ae
[22/9/2018 18:10:28] Croata: fala ai
[22/9/2018 20:2:54] Croata: Cuiaba E.C  Campeão serie C
[22/9/2018 20:16:50] Red Killer: adm
[22/9/2018 20:17:32] Red Killer: tem como sair desse evento n?
[22/9/2018 21:7:27] Iaeiae: adm
[23/9/2018 0:51:23] Lariana: god
[23/9/2018 10:36:1] Croata: adm ai ?]
[23/9/2018 13:33:37] Rango: 9 players on ta osso em 
[23/9/2018 17:55:33] Wizard Khalifus: ef
[23/9/2018 20:16:1] Red Killer: procuro guild
[23/9/2018 23:33:28] Croata: alguem ai ? pelomenos o adm ta ai nessa porra ? kkk
[24/9/2018 0:0:51] Croata: alguem ai ?
[24/9/2018 1:20:17] Incomum: dasdasd
[24/9/2018 1:21:7] Incomum: Alguém quest ?
[24/9/2018 1:22:44] Lariana: ]~~
[24/9/2018 1:26:42] Croata: kkk vai dormir gurizada
[24/9/2018 1:41:23] Croata: voltei
[24/9/2018 3:32:41] Incomum: Alguém quest ?
[24/9/2018 11:39:22] Incomum: Alguém me ajuda ? preciso de 3 pessoas 
[24/9/2018 14:44:13] Incomum: Alguém pra me ajuda na quest anihi ?
[24/9/2018 19:3:0] Incomum: croata pega rank com bot e quer ter moral 
[24/9/2018 19:32:33] Thompsomn: OT TA TRAVANDO ?
[24/9/2018 19:43:44] Incomum: sim
[24/9/2018 19:45:15] Croata: Croata pega rank com bot ?
[24/9/2018 19:45:49] Incomum: sim
[24/9/2018 19:47:41] Croata: kkkkk nego so me mata afk e ta falando merda ? faz seu time e gogo war meu amigo donate
[24/9/2018 19:48:59] Incomum: pega rank igual homem, ai se fala comigo 
[24/9/2018 19:51:39] Incomum: Engraçado né ? asdasdasd pensei q se era top, por upa normal dadsasdasd até eu pego rank assim.
[24/9/2018 19:51:54] String: croata xora do PZ pq fora tu deita
[24/9/2018 19:52:26] String: ta com os 2 char off pq se sair pz nois killa, msm ot sendo "morto" como vc falou e msm assim tu n para de largar no bot ne nobao
[24/9/2018 19:52:43] Incomum: partiu escola 
[24/9/2018 20:20:5] Iaeiae: gm me da uma Elite wand 
[24/9/2018 20:36:41] Marcola Zero Grau: ajudem ai
[24/9/2018 20:37:16] Marcola Zero Grau: GM on
[25/9/2018 9:58:37] Hifoodpleasethankyou: hi
[25/9/2018 14:43:34] Meu Macho: !joinguild Mithos
[25/9/2018 15:15:15] Meu Macho: exevo con mas san
[25/9/2018 15:43:56] Escravo: gm ta ae ?
[27/9/2018 9:33:0] Silverota al: ADM ta on
[27/9/2018 22:28:27] Croata: mano tem 2 player on
[26/11/2018 21:5:28] Itz Infinity: não entendi ate agora se eu morro ou deslogo minha skill volta tudo
[26/11/2018 21:8:4] Cv rl na pista: s
[26/11/2018 21:8:17] Itz Infinity: por que isso.. slk
[26/11/2018 21:8:52] Cv rl na pista: so aiiii
[26/11/2018 21:14:13] GM Bogo: vou arrumar isos
[26/11/2018 21:14:14] GM Bogo: agora
[26/11/2018 21:17:5] Cv rl na pista: achei daora a paralyze de sobir a escada da pez
[26/11/2018 21:17:27] GM Bogo: pra diminuir o pvp escada
[26/11/2018 21:17:38] GM Bogo: vou chechar o bug que o cara falou e ja vou arrumar
[26/11/2018 21:17:54] Cv rl na pista: isso mesmo.
[26/11/2018 21:18:26] Cv rl na pista: tem donate aqui é
[26/11/2018 21:19:0] GM Bogo: cara, arma, amuleto, ring, bota voce consegue ingame ou comprando
[26/11/2018 21:19:18] GM Bogo: unica coisa donate q n da pra pegar ingame é o set armor,shield,legs e helmet
[26/11/2018 21:24:54] Cv rl na pista: adm como consegue o autoloot
[26/11/2018 21:32:4] Itz Infinity: tem autoloot se pah 
[26/11/2018 22:7:6] Magdalen altanahi: adm que descuido foi esse vei
[26/11/2018 22:8:4] GM Bogo: qual descuido?
[26/11/2018 22:8:21] Magdalen altanahi: ot caiu
[26/11/2018 22:8:28] GM Bogo: cara, foi erro meu. 
[26/11/2018 22:8:31] GM Bogo: eu nao tive outra escolha
[26/11/2018 22:8:39] GM Bogo: nao tava salvando as skills
[26/11/2018 22:8:43] GM Bogo: antes agora doq daq 1 mes
[26/11/2018 22:8:51] Magdalen altanahi: tinha como ter dado save não foi
[26/11/2018 22:8:59] GM Bogo: era na database
[26/11/2018 22:9:23] Magdalen altanahi: tendeu, gm como consegue o autoloot
[26/11/2018 22:10:6] GM Bogo: /autoloot.
[26/11/2018 22:10:10] GM Bogo: sem o ponto final
[26/11/2018 22:16:0] Magdalen altanahi: não ta indo
[26/11/2018 22:16:33] Magdalen altanahi: os slot
[26/11/2018 22:17:48] GM Bogo: ta indo sim
[26/11/2018 22:17:50] GM Bogo: acabei de testar
[26/11/2018 22:17:57] GM Bogo: ./autoloot add, magic plate armor
[26/11/2018 22:18:0] GM Bogo: ./autoloot power
[26/11/2018 22:18:0] Magdalen altanahi: eita
[26/11/2018 23:7:14] Itz Cafajeste: fala verdade para você melhor ot que ja joguei pvp balanceado cheio de quest critical e dodge barato melhor ot !!!!! so falta player
[26/11/2018 23:10:45] Magdalen altanahi: si, vai melhorar...
[26/11/2018 23:11:18] GM Bogo: cara, eu sou o dono e sinceramente. Nao é pq é meu, mas é o melhor
[26/11/2018 23:11:20] GM Bogo: serio...
[26/11/2018 23:11:28] GM Bogo: fora q eu ja tenho varios planos pra atualizao
[26/11/2018 23:11:37] GM Bogo: fora o meu site q vou atualizar jaja
[26/11/2018 23:13:3] GM Bogo: fora q o ot sem si de donate, so o set donate q é pagando pra ter
[26/11/2018 23:13:16] GM Bogo: o resto da pra tentar conseguir in game
[26/11/2018 23:13:31] Magdalen altanahi: ´so o set é
[26/11/2018 23:54:8] Itz Cafajeste: Gm so falta uma divulgaçao do ot né precisa de alguns player
[27/11/2018 0:7:24] GM Bogo: entao, to tentando... vou fazer
[27/11/2018 8:20:50] Magdalen altanahi: adm
[27/11/2018 13:11:46] Magdalen altanahi: adm
[27/11/2018 13:13:33] Magdalen altanahi: hi
[27/11/2018 13:14:30] Magdalen altanahi: GM DA UMA ATENÇÃO VAMOS MELHORAR ISO AQUI.
[27/11/2018 22:57:49] Magdalen altanahi: !gm
[27/11/2018 22:57:57] GM Bogo: ?
[27/11/2018 22:58:53] Magdalen altanahi: como pega esa vip boat
[27/11/2018 22:59:21] GM Bogo: vip boat?
[27/11/2018 22:59:31] GM Bogo: isso é vip donate
[27/11/2018 22:59:40] Magdalen altanahi: ata
[27/11/2018 23:0:21] Magdalen altanahi: oxi pq to atras desse jair ja fui td q e cave kkk
[27/11/2018 23:0:56] GM Bogo: tem certeza q ja foi em todas caves?
[27/11/2018 23:0:57] GM Bogo: haha
[27/11/2018 23:1:6] Magdalen altanahi: kkkk
[27/11/2018 23:1:16] GM Bogo: deixa ele vivo kkkk
[27/11/2018 23:1:20] GM Bogo: mais players
[27/11/2018 23:1:21] GM Bogo: '-'
[27/11/2018 23:1:41] Magdalen altanahi: kkkkk ips 
[28/11/2018 2:8:22] Ls Sword: GM
[28/11/2018 17:24:49] Jair Bolsonaro: <<<<
[28/11/2018 20:43:37] Magdalen altanahi: adm
[30/11/2018 15:54:24] Stoned Wave: !buyhouse
[1/12/2018 10:20:38] Pineng: GOD ON? GASTEI 10KK NA VIP 1 E NAO CONSIGO ENTRAR
[1/12/2018 12:3:33] Pineng: adm que lag da porra
[1/12/2018 23:4:8] Queen: tem discord? 
[2/12/2018 18:37:58] Braga: boa tarde 
[2/12/2018 18:49:34] Crakuda: boua
[2/12/2018 20:4:34] Elitarny Knight: give me pirate set
[2/12/2018 20:13:0] Mal Comida: o god
[2/12/2018 20:13:3] GM Bogo: oi
[2/12/2018 23:56:30] Ksharck Doll: GM ?
[2/12/2018 23:59:24] Ksharck Doll: lag ai
[3/12/2018 0:8:20] Vanity: algun ek ?
[3/12/2018 0:28:2] Ksharck Doll: hi
[3/12/2018 5:4:30] Fanta: alguem?
[3/12/2018 5:4:52] Captai'n: ee
[3/12/2018 5:24:58] Tiffany: ?
[3/12/2018 6:3:34] Biruleibee: alguem ai
[3/12/2018 10:39:21] Lana Del Rey: tem alguma forma de recuerar a stamina rapido aqui?
[3/12/2018 10:39:36] Queen: tem
[3/12/2018 10:40:2] Lana Del Rey: e seria ?
[3/12/2018 10:40:29] Queen: mandei PM
[3/12/2018 10:40:40] Lana Del Rey: manda dnv pf, deu dc
[3/12/2018 10:42:16] Lana Del Rey: tua msg me da dc lol, n da nem tempo de ler
[3/12/2018 10:43:28] Queen: d baixo do templo 10kk
[3/12/2018 10:44:20] Lana Del Rey: vlw
[3/12/2018 11:51:3] Queen: alguem quer me ajudar a ir quests?°
[3/12/2018 12:14:9] Soraka: como pega o citizen addon com o npc? eu já tenho os 3kk pra ter full
[3/12/2018 14:6:43] Lana Del Rey: entao, me traparam aqui no trainer..n consigo sai do trainer, tem algum comando de tp ?
[3/12/2018 14:7:32] Lana Del Rey: o cara ta parado na entrada, dai n consigo sair, nem empurra ele
[3/12/2018 16:52:8] Triping Song: adm
[3/12/2018 18:17:54] Pineng: assim nao da adm
[3/12/2018 18:19:34] Crakuda: boa
[3/12/2018 18:20:34] Ksharck Doll: GM
[3/12/2018 19:6:53] Pineng: DEVOLVE
[3/12/2018 19:43:26] Triping Song: GM
[3/12/2018 19:47:18] GM Bogo: eae galera
[3/12/2018 19:51:5] Elitarny Knight: where is ur frends
[3/12/2018 19:51:25] GM Bogo: which?
[3/12/2018 19:51:55] Lana Del Rey: mais lagado q o batiman
[3/12/2018 19:54:27] GM Bogo: eu vou mudar o host
[3/12/2018 19:54:29] GM Bogo: galera
[3/12/2018 19:54:34] GM Bogo: fiquem tranquilos
[3/12/2018 19:54:39] GM Bogo: vou trazer pro brasil
[3/12/2018 20:7:30] Elitarny Knight: GM HELP
[3/12/2018 20:7:52] GM Wake: Pode dizer
[3/12/2018 20:8:15] Crakuda: hi
[3/12/2018 20:8:56] GM Wake: hiho
[3/12/2018 20:15:34] Ksharck Doll: viu
[3/12/2018 20:16:5] GM Wake: Oi
[3/12/2018 20:33:53] Satanaiz: finalmente lvl 200 kkk
[3/12/2018 20:34:15] GM Bogo: boa
[3/12/2018 20:36:4] Satanaiz: rola aquele set presente XD
[3/12/2018 20:39:53] Satanaiz: outro bug
[3/12/2018 20:40:28] Satanaiz: n to conseguindo por trophy nas parede XD
[3/12/2018 20:44:15] Crakuda: hi
[3/12/2018 20:44:50] GM Bogo: opa
[3/12/2018 20:47:43] Crakuda: trade kk
[3/12/2018 20:48:19] Ksharck Doll: Nerfaram o atak da Elite Wand ?
[3/12/2018 20:50:38] GM Bogo: nao, ta a mesma coisa
[3/12/2018 20:51:29] Ksharck Doll: antes eu hitava 1k e agr ta hitando 700
[3/12/2018 20:51:47] GM Bogo: depende do q voca ataca
[3/12/2018 20:52:0] Ksharck Doll: estava atacando o mesmo bixo
[3/12/2018 20:52:0] GM Bogo: vamos migrar o otserver jaja pra maquina br, vai diminuir seu lag
[3/12/2018 20:52:24] GM Wake: -700, 0, -750
[3/12/2018 20:52:30] GM Wake: o ataque dela sempre foi esse
[3/12/2018 20:53:48] Ksharck Doll: deve ser o bixo então
[3/12/2018 21:5:19] Ksharck Doll: Os pots de Double Exp dura quanto tempo ?
[3/12/2018 21:7:9] GM Wake: 30 min sem poder deslogar
[3/12/2018 21:7:19] Ksharck Doll: thanks bb
[3/12/2018 22:44:24] Lana Del Rey: alguem pode puxar a alavanca da quest da golen boots? fiquei preso aqui cim um amigo
[3/12/2018 22:45:0] Ksharck Doll: pera vou ir ai
[3/12/2018 22:45:49] Lana Del Rey: tu puxou ??
[3/12/2018 23:12:17] Ksharck Doll: A TRUE É QUE VCS TEM QUE CRIAREM UM CANAL NO TS
[4/12/2018 9:32:2] Elitarny Knight: when is restart server ? Because i want this sword
[4/12/2018 13:26:16] Satanaiz: gm on?
[4/12/2018 13:31:50] Ksharck Doll: Não
[4/12/2018 14:53:22] Elitarny Knight: quest ? for 5 critical ?
[4/12/2018 16:23:37] Queen: GM ON?
[4/12/2018 16:36:48] Queen: GMMM
[4/12/2018 16:43:15] Mal Comida: ta no redtube
[4/12/2018 16:43:29] Queen: GM elite sword bugada está upando Club
[4/12/2018 17:30:1] GM Bogo: ola
[4/12/2018 19:54:5] Soraka: alô, alguém da equipe on?
[4/12/2018 19:54:46] GM Bogo: oi
[4/12/2018 20:9:10] Doombill: Bogo quando servidor vem para o brasil?
[4/12/2018 20:9:57] Doombill: hi
[4/12/2018 20:10:25] Rukada: onde dropa nose ring?
[4/12/2018 20:30:28] Crakuda: mals
[4/12/2018 22:26:41] Soraka: alo?
[4/12/2018 22:32:39] GM Bogo: to com a maquina ja, so preciso fazer as transferencias
[4/12/2018 22:33:25] Doombill: para o brasil?
[4/12/2018 22:33:55] GM Bogo: sim
[4/12/2018 22:34:14] GM Bogo: se eu conseguir, eu coloco hoje ja
[4/12/2018 22:51:12] Lana Del Rey: o server vai ficar off durante o processo ?
[4/12/2018 22:52:38] GM Bogo: vai ser rapidinho
[4/12/2018 22:53:9] Lana Del Rey: blz
[5/12/2018 1:51:38] Doombill: hi
[5/12/2018 1:53:47] GM Wake: hi
[5/12/2018 2:12:31] Doombill: eai wake vao conseguir mandar o server para ca?
[5/12/2018 11:17:8] Lana Del Rey: como usa o sistema de mineração e refinamento de armas que diz la no site ??
[5/12/2018 11:20:33] Lana Del Rey: como usa o sistema de mineração e refinamento de armas que diz la no site ??
[5/12/2018 12:48:42] Fanta: hi
[5/12/2018 15:8:54] Lana Del Rey: ???
[5/12/2018 16:48:35] Fanta: gm??
[5/12/2018 21:16:30] Mude Vape: alguem ai
[5/12/2018 23:49:48] Fanta: gms?
[5/12/2018 23:51:36] GM Bogo: oi
[5/12/2018 23:59:9] Ashe: gm poderia dar tp em mim 1min ?
[5/12/2018 23:59:39] Doombill: Ai Gm vou fazer videos so seu OT para meu canal, para ajudar na divulgação! qualquer coisa fala cmg no PV !
[6/12/2018 0:26:4] GM Bogo: o que voce precisa ashe
[6/12/2018 0:28:1] Ashe: mandei no teu pv
[6/12/2018 15:1:45] Pancada Maldita: ae GM , br divulgar o ot ae se n ngm entra nao em ;D
[9/12/2018 23:21:3] Queen: EAI GM
[6/5/2019 21:45:28] Knight: adm ta mt LAG
[7/5/2019 0:39:6] Pally Maldito: hi
[7/5/2019 12:33:1] Askan: [Admin]
[7/5/2019 12:33:4] [Admin]: opa
[7/5/2019 12:36:9] Askan: vem aqui onde eu estou
[7/5/2019 12:36:57] [Admin]: ja estou aqui.
[7/5/2019 12:38:7] Askan: aruma
[7/5/2019 12:41:39] Sapo Leao: Admin, o critical ele funciona só no atak basico das wands ou na SD tb?
[7/5/2019 12:58:35] Sapo Leao: tem promotion npc?
[7/5/2019 14:51:3] Sapo Leao: adm podia aumentar 1 pouco o atak speed =z
[7/5/2019 14:51:11] [Admin]: vou ver isso.
[7/5/2019 14:51:22] Sapo Leao: :D
[7/5/2019 14:52:8] Krystian: E a torre de campión é demasiado forte e ten moita vida
[7/5/2019 14:52:32] Sapo Leao: pois é, eu morri nela.. Fiquei la tankando 3 anos kk ai tomei um combo quando utamo acabou
[7/5/2019 15:1:2] Sapo Leao: 2 anos pra matar 1 morgaroth =z e quase morro kk
[7/5/2019 15:2:25] Krystian: mr
[7/5/2019 15:2:48] Sapo Leao: a champion tower ta osso msm lek que isso demora mt
[7/5/2019 15:4:44] Sapo Leao: e acho que o critical não ta funfando tb nas wands
[7/5/2019 15:6:52] Knight: verdade lek, fiz mago e nao tava funfando agora to com kina
[7/5/2019 15:7:24] Knight: tb acho que ta lento o atack speed
[7/5/2019 15:17:2] Sapo Leao: adm podia mudar né .. ele falou que ia ver
[7/5/2019 15:18:33] Esquilo De Mobilete: Deveria aumentar esse fast slk bagulho lento do kct
[7/5/2019 15:34:36] Anthony Miguel: pq nao consigo entrar msg pros lek
[7/5/2019 15:35:9] [Admin]: entrar?
[7/5/2019 15:35:33] Sapo Leao: ta mt foda o ot não da pra fazer nenhuma quest solo =z
[7/5/2019 15:35:41] [Admin]: amigo.
[7/5/2019 15:35:47] [Admin]: nao tem como eu facilitar
[7/5/2019 15:35:47] [Admin]: cara
[7/5/2019 15:35:49] [Admin]: o divertido
[7/5/2019 15:35:52] [Admin]: e fazer em grupo
[7/5/2019 15:35:54] [Admin]: com uma galera
[7/5/2019 15:35:54] Anthony Miguel: eu nao consigo mandar msg pra ningue´m
[7/5/2019 15:35:56] [Admin]: se nao nao tem graca.
[7/5/2019 15:36:1] [Admin]: voce vai e faz
[7/5/2019 15:36:5] [Admin]: as quests solo
[7/5/2019 15:36:7] [Admin]: que graca tem?
[7/5/2019 15:36:7] [Admin]: :S
[7/5/2019 15:36:47] Sapo Leao: mas tem pouca gente on, ai fica so upando é brabo kkk
[7/5/2019 15:36:57] [Admin]: to ligado haha
[7/5/2019 15:37:1] [Admin]: jaja entra mais galera.
[7/5/2019 15:37:4] [Admin]: so ajudar a divulgar.
[7/5/2019 15:37:9] [Admin]: entra alguns servidores ai k
[7/5/2019 15:37:19] [Admin]: to pensando
[7/5/2019 15:37:23] [Admin]: em fazer um evento.
[7/5/2019 15:37:25] [Admin]: de divulgacao 
[7/5/2019 15:37:28] [Admin]: dando premios
[7/5/2019 15:38:37] Jumento De Mobilete: Deveria aumentar fast attack e aumentar esse loot rate matei 10 demon pra dropar 3 mms e 2 mpa
[7/5/2019 15:38:58] [Admin]: vou ver isso.
[7/5/2019 15:39:3] [Admin]: em relacao ao fast attack
[7/5/2019 15:39:5] [Admin]: e ao loot.
[7/5/2019 15:39:7] [Admin]: no server save
[7/5/2019 15:39:9] [Admin]: irei arrumar.
[7/5/2019 15:39:10] [Admin]: ok?
[7/5/2019 15:39:39] Jumento De Mobilete: Estou a espera, Estou esperando uma noticia positiva em kkk
[7/5/2019 15:39:50] [Admin]: kkkkkkk
[7/5/2019 15:39:55] [Admin]: ajude a divulgar o otzin ae
[7/5/2019 15:39:56] [Admin]: :D
[7/5/2019 15:39:58] [Admin]: chama os parsa
[7/5/2019 15:39:59] [Admin]: kkkkkk
[7/5/2019 15:40:8] Anthony Miguel: não consigo mandar msg pra ninguém. engraçado que eles me mandam msg, eu não consigo responder
[7/5/2019 15:40:25] Sapo Leao: eu divulguei em um grupo do face
[7/5/2019 15:40:28] [Admin]: ne possivel
[7/5/2019 15:40:28] Todoroki: adm 15:39 Por completar uma hora online sem deslogar, você ganhou 1 Online Point. Total: 17.
[7/5/2019 15:40:43] [Admin]: esses points
[7/5/2019 15:40:45] [Admin]: podem ser trocado
[7/5/2019 15:40:48] [Admin]: no event shop
[7/5/2019 15:40:49] [Admin]: no site
[7/5/2019 15:40:52] Jumento De Mobilete: Nao posso divulgar em ot pq eu rodo todos b4i4k mais eu vou divulgar no meu face tenho uma team bacana no sei se eles vem kkk
[7/5/2019 15:41:1] [Admin]: demoro
[7/5/2019 15:41:2] [Admin]: kkkkkk
[7/5/2019 15:41:4] [Admin]: tmj haha
[7/5/2019 15:56:2] Todoroki: XD
[7/5/2019 16:4:4] Maguito: oloco
[7/5/2019 16:4:37] Maguito: cola evento galerinha
[7/5/2019 16:4:43] Sapo Leao: Da o papo
[7/5/2019 16:5:16] Maguito: vou ficar solo aqui, cola evento >>> do templo dos zumbie
[7/5/2019 16:6:2] Maguito: ossh pq ele ganhou aleatorio?
[7/5/2019 16:6:29] Sapo Leao: Ja era agora rs
[7/5/2019 16:6:34] Esquilo De Mobilete: Nao ganhei solo tinha um lek la aksakskas
[7/5/2019 16:6:42] Maguito: era eu, mas eu fui expulso hsauhsa
[7/5/2019 16:7:2] Jumento De Mobilete: KkKkkKk Tinha uma continha la ss parada eu passei direto de vc e zombie tocou vc e ja era aksaksak
[7/5/2019 16:8:24] Maguito: n sabia q n podia relar em mim achei q tinha q matar ele
[7/5/2019 16:13:32] Todoroki: XD
[7/5/2019 16:21:47] Sapo Leao: hi
[7/5/2019 16:28:49] Sapo Leao: adm, no site diz que no trainer recupera stamina 3 pra 1 e aqui não ta funfando
[7/5/2019 16:30:25] Todoroki: compra stamina
[7/5/2019 16:31:31] Todoroki: alguem joga tibia me?
[7/5/2019 16:32:30] Csharpie: lag da porra mermao 
[7/5/2019 16:40:38] Maguito: mt lag real
[7/5/2019 16:41:42] Todoroki: deve ta editando o ot
[7/5/2019 16:42:46] Todoroki: !bp
[7/5/2019 16:43:19] Esquilo De Mobilete: hi
[7/5/2019 16:46:27] Jumento De Mobilete: VOU FALAR PRA TU VAI DEMORAR PRA CHEGAR NOS ANOS QUE PODE PEGAR AS ARMAS LA NAS IDADE EM KKK
[7/5/2019 16:47:18] Maguito: a cd qnt tempo é um mes?
[7/5/2019 16:48:10] Csharpie: lag lag lag, senhor jesus essa bagaça e hospedada na casa do adm so pode
[7/5/2019 16:48:30] Maguito: é q tem save toda hora
[7/5/2019 16:50:37] Sapo Leao: tinha que aumentar o speed attak para ajudar nós nas quests kk aquela barreira lá demora muito pra morrer
[7/5/2019 16:51:30] Esquilo De Mobilete: O MANGUITO FICA INSISTINDO EM IR SOZINHO MEU JESUS FILHAO ESPERA UMA TROPA MELHOR 
[7/5/2019 16:52:6] Maguito: ta te atrapalhando?
[7/5/2019 16:54:54] Csharpie: quero ver pega esse todoroki ai
[7/5/2019 16:55:19] Todoroki: oq
[7/5/2019 16:55:20] Maguito: acc do adm fica foda neh hsuahsa
[7/5/2019 16:55:52] Todoroki: olha no site
[7/5/2019 17:3:13] Todoroki: hahhah morri
[7/5/2019 17:3:22] Sapo Leao: onde fica o boss
[7/5/2019 17:3:33] [Admin]: south
[7/5/2019 17:3:34] [Admin]: >>
[7/5/2019 17:3:38] [Admin]: templo >>>
[7/5/2019 17:3:45] Todoroki: bicho mto forte
[7/5/2019 17:5:40] Todoroki: caralho
[7/5/2019 17:6:8] Anthony Miguel: adm, o Lizard Chosen, ta com hit muito a normal kkk
[7/5/2019 17:6:15] Todoroki: q bicho lookoo
[7/5/2019 17:6:48] Todoroki: me matou com dois hits
[7/5/2019 17:7:13] Anthony Miguel: kkkkkkk
[7/5/2019 17:9:52] Todoroki: tem q ver isso kkk me mata com dois hits e foda  quase 10k de life
[7/5/2019 17:11:23] Todoroki: andei invitando alguns pra minha guild qm eu invitei quiser entra
[7/5/2019 17:12:24] Sapo Leao: hi
[7/5/2019 17:14:2] Todoroki: so os tops 
[7/5/2019 17:15:8] Maguito: entrei, dps upo meus outros chars e coloca eles tbm
[7/5/2019 17:15:35] Maguito: morri no final da quest huheuehuehue
[7/5/2019 17:18:5] Todoroki: coloquei vc como vice
[7/5/2019 17:18:18] Maguito: boa
[7/5/2019 17:25:35] Maguito: onde consegue cave exclusiva aqui?
[7/5/2019 17:36:11] Csharpie: esse sistema de idades em kkkkkkkkkkkkkkkkk
[7/5/2019 17:37:8] Maguito: to só qrendo saber  como funciona a idade
[7/5/2019 17:37:55] Todoroki: adm
[7/5/2019 17:47:13] Cheira Cola: lol
[7/5/2019 17:49:3] Cheira Cola: quest arma aqui tem ?
[7/5/2019 17:57:36] Csharpie: acho que saquei os meses são as horas os dias sao os anos
[7/5/2019 17:58:18] Csharpie: to 2h on com 2 meses ja
[7/5/2019 18:16:56] Maguito: alguem sabe como consegue cave exclusiva?
[7/5/2019 18:19:40] Todoroki: alguem q ir quest
[7/5/2019 18:20:7] Maguito: eu
[7/5/2019 18:29:23] Eu tentei: borq
[7/5/2019 18:51:54] Todoroki: porra deu tela azul no meu pc e desligou por causa do lag
[7/5/2019 18:52:13] Sapo Leao: kk
[7/5/2019 18:52:45] Maguito: puts kkk
[7/5/2019 18:52:57] Todoroki: vou upa flw
[7/5/2019 19:10:20] Sapo Leao: morgarot é mt dificil de matar vei que isso
[7/5/2019 19:13:14] Maguito: quest da sd é foda de maissss
[7/5/2019 19:13:31] Sapo Leao: tentei fazer tb
[7/5/2019 19:13:51] Maguito: morreu aonde?
[7/5/2019 19:14:2] Sapo Leao: Nem lembro, sei que foi rapido kk
[7/5/2019 19:14:25] Maguito: kkkkk normal
[7/5/2019 19:14:46] Sapo Leao: foda tb são as torres champion tower demora mt mano, adm falou que vai melhorar o speed attack
[7/5/2019 19:15:1] Maguito: to esperando melhora
[7/5/2019 19:19:4] Maguito: ngm sabe da cave exclusiva?
[7/5/2019 19:19:23] Esquilo De Mobilete: Sabemos so nao temos condiçoes ainda pra comprar kaskaskaks
[7/5/2019 19:19:38] Maguito: onde compra? e qnts custa? hsuahs
[7/5/2019 19:22:13] Maguito: 19:22 You see a SuperSD("SuperSD"). It can only be used with level 45 and magic level 15 or higher. It weighs 0.70 oz.
[7/5/2019 19:22:45] Maguito: amem
[7/5/2019 19:24:19] Maguito: adm?
[7/5/2019 20:15:21] Todoroki: adm
[7/5/2019 20:16:4] Todoroki: adm on
[7/5/2019 20:23:10] Todoroki: adm mto lag no server
[7/5/2019 21:0:43] Sapo Leao: ADM? arruma o PZ demorando mt =z
[7/5/2019 21:4:0] Sapo Leao: adm ta osso, vem ni nós
[7/5/2019 21:10:53] Esquilo De Mobilete: Ta Horrivel Mane
[7/5/2019 21:12:9] Shoto: mto lag~
[7/5/2019 21:22:40] Shoto: adm ta ai
[7/5/2019 21:23:57] Esquilo De Mobilete: Porra adm facilita a porra desses guild poitns mano ta querendo 10 players online que loucura facilita pra 5 ou 7 ja nao tem players no ot e vc coloca isso E pra se fuder msm 
[7/5/2019 21:26:42] Todoroki: concordo 
[7/5/2019 21:29:34] Esquilo De Mobilete: Tem tanto erro mano que ele desde da tarde ia arrumar ate agora nd, o loot rate nao aumentou que eu matei 10 demon pra pegar 2mms e 2mpa horrivel, fast attack ta uma merda e guild poitns da 20 ponto ele sabendo que tem arma e boots pra a pessoa pegar
[7/5/2019 21:32:8] Maguito: server abriu hj calma galera, mandem ticket pra ajudar ele
[7/5/2019 22:45:18] Maguito: 22:45 You see a Elite Wand. It can only be wielded properly by master sorcerers and elder druids of level 8 or higher. It weighs 1.50 oz. Old wand of Rowenna.
[8/5/2019 0:7:15] Solo: alguem on?
[8/5/2019 10:30:51] Sapo Leao: adm onde eu uso os events points que eu depositei no site?
[8/5/2019 10:33:53] Sapo Leao: Achei já vlw
[8/5/2019 11:13:7] Extreme Pally: ta travando pra alguem ae?
[8/5/2019 11:13:22] Anthony Miguel: mais ou menos
[8/5/2019 11:13:25] Taca Magia: sim
[8/5/2019 11:14:51] Taca Magia: vira compra o item de 10kk?
[8/5/2019 11:14:58] Extreme Pally: ss
[8/5/2019 11:15:47] Extreme Pally: loot hardcore aqui em
[8/5/2019 11:16:45] Extreme Pally: matei 76 dl pra dropar 1 rh e 1 dsm lol kk
[8/5/2019 11:17:18] Taca Magia: matei os 200 dropei 13
[8/5/2019 11:17:46] Extreme Pally: o q mata nesse ot eh as travadas
[8/5/2019 11:18:10] Taca Magia: ta quebrando
[8/5/2019 11:24:43] Sapo Leao: o speed attack tb podia aumentar um pouco
[8/5/2019 11:25:3] Knight: adm falou que ia aumentar ontem e nada ate agora
[8/5/2019 11:25:10] Extreme Pally: acabando com as travadas tava otimo
[8/5/2019 11:25:15] Taca Magia: im
[8/5/2019 11:32:59] Taca Magia: vamo pega guild points ae galera 6 players 400+
[8/5/2019 11:33:22] Anthony Miguel: só falta vcs pegaram lvl '-'
[8/5/2019 11:49:5] Anthony Miguel: upel lvl 400, guild points, gogo
[8/5/2019 11:50:40] Taca Magia: tava upando mais vo termina task agr usahsua
[8/5/2019 11:51:27] Anthony Miguel: upem lvl 400+. ajudo vcs pegaram wand da quest
[8/5/2019 11:53:38] Taca Magia: ela bate qt
[8/5/2019 11:54:13] Anthony Miguel: sim
[8/5/2019 11:58:19] Csharpie: alguem sabe aonde dropa headchopper
[8/5/2019 11:59:11] Taca Magia: pra q
[8/5/2019 11:59:32] Sapo Leao: task
[8/5/2019 11:59:43] Taca Magia: dl
[8/5/2019 12:0:25] Taca Magia: cata task do dl
[8/5/2019 12:8:45] Anthony Miguel: alguém quer fazer quest
[8/5/2019 12:18:11] Maguito: eu
[8/5/2019 12:19:1] Taca Magia: qual
[8/5/2019 12:19:19] Csharpie: vamo comprar host de qualidade ai adm, ta foda essas travada
[8/5/2019 12:20:24] Anthony Miguel: Go Quest canivete. alguém?
[8/5/2019 12:20:40] Taca Magia: o
[8/5/2019 12:21:46] Taca Magia: kd vc?
[8/5/2019 12:21:51] Anthony Miguel: indo
[8/5/2019 12:22:25] Anthony Miguel: to na quests. kd vcs
[8/5/2019 12:22:32] Maguito: tamo aqui dentro
[8/5/2019 12:52:52] Taca Magia: onde cata ferumbras hat?
[8/5/2019 13:2:51] Sapo Leao: task
[8/5/2019 13:7:34] Taca Magia: qual?
[8/5/2019 13:12:46] Sapo Leao: grim reaper
[8/5/2019 13:13:12] Taca Magia: dp
[8/5/2019 13:13:18] Sapo Leao: Depois de 800 demons tem ela
[8/5/2019 13:42:42] Taca Magia: respawn meio zuao neh?
[8/5/2019 13:47:8] Sapo Leao: Acho bem rápido
[8/5/2019 14:6:45] Anthony Miguel: vamos rushar quests rapaziada
[8/5/2019 14:47:33] Solo: ?
[8/5/2019 16:30:0] Knight: adm onde usa os online points?
[8/5/2019 16:32:49] Shoto: site
[8/5/2019 16:36:14] Sapo Leao: Qual lugar?
[8/5/2019 16:36:46] Sapo Leao: Não consegui achar, só achei o dos events points..
[8/5/2019 16:42:45] Sapo Leao: ADM cade vc amigo, falou que ia aumentar um pouco o speed att =z
[8/5/2019 17:6:44] Sapo Leao: recebeu
[8/5/2019 21:6:17] Sapo Leao: TA MT LAG =Z
[8/5/2019 22:36:42] Knight: QUEM QUER IR QUEST DAS ARMAS??
[12/5/2019 1:14:31] Bruu: hi
[12/5/2019 1:16:2] Bruu: hi
[14/5/2019 20:49:52] Shoto: adm on
[14/5/2019 20:53:1] Shoto: !fly depot
[17/5/2019 11:32:1] Arya Leader: me ajuda
[18/5/2019 1:0:50] Knightin: eita
[18/6/2019 9:4:14] Wilzao: bones
