[30/4/2019 12:40:19] /closeserver
[30/4/2019 12:52:13] /closeserver
[30/4/2019 14:49:42] /t
[30/4/2019 15:3:32] /closeserver
[30/4/2019 15:4:55] /t
[30/4/2019 15:5:13] /i super wand
[30/4/2019 15:8:35] /i super staff
[30/4/2019 15:16:59] /up
[30/4/2019 15:18:43] /t
[30/4/2019 15:19:55] /t
[30/4/2019 15:25:10] /t
[30/4/2019 15:25:26] /i 12735
[30/4/2019 15:25:32] /i 12736
[30/4/2019 15:26:22] /closeserver
[30/4/2019 15:38:51] /t
[30/4/2019 15:48:28] /closeserver
[30/4/2019 15:56:42] /t
[30/4/2019 16:0:29] /t
[30/4/2019 16:15:26] /closeserver
[30/4/2019 16:56:6] /closeserver
[30/4/2019 16:56:7] /t
[30/4/2019 16:59:30] /r
[30/4/2019 16:59:31] /r
[30/4/2019 16:59:32] /r
[30/4/2019 17:6:37] /t
[30/4/2019 17:50:20] /t
[1/5/2019 14:38:27] /closeserver
[1/5/2019 14:39:48] /t
[1/5/2019 14:41:12] /t
[1/5/2019 14:41:21] /t
[1/5/2019 14:41:38] /t
[1/5/2019 14:42:17] /i 10137
[1/5/2019 14:42:35] /i elite wand
[1/5/2019 14:42:43] /goto demon
[1/5/2019 14:42:57] /t
[1/5/2019 22:27:29] /t
[1/5/2019 22:44:47] /r
[1/5/2019 23:3:51] /t
[2/5/2019 13:3:57] /t
[2/5/2019 13:12:10] /closeserver
[2/5/2019 13:13:10] /r
[2/5/2019 13:17:53] /closeserver
[2/5/2019 13:18:53] /r
[2/5/2019 13:23:47] /closeserver
[2/5/2019 13:55:46] /m aracna
[2/5/2019 14:25:36] /reload globalevents
[2/5/2019 16:18:7] /closeserver
[2/5/2019 16:18:29] /up
[2/5/2019 16:19:8] /m wdonate warlock
[2/5/2019 16:19:13] /m donate warlock
[2/5/2019 16:19:49] /t
[2/5/2019 16:19:58] /up
[2/5/2019 17:20:19] /t
[2/5/2019 17:21:25] /t
[2/5/2019 17:31:56] /t
[3/5/2019 13:48:25] /closeserver
[3/5/2019 13:48:26] /t
[3/5/2019 13:49:41] /t
[3/5/2019 13:50:58] /t
[3/5/2019 14:7:9] /waredron
[3/5/2019 14:7:22] /waredron
[3/5/2019 14:12:31] /t
[3/5/2019 14:47:28] /closeserver
[3/5/2019 14:58:8] /closeserver
[5/5/2019 1:57:9] /goto todorki
[5/5/2019 1:57:17] /goto todoroki
[5/5/2019 1:58:49] /t
[5/5/2019 1:59:38] /t
[5/5/2019 12:36:43] /closeserver
[5/5/2019 13:15:9] /reload globalevents
[5/5/2019 21:36:55] /closeserver
[5/5/2019 22:9:11] /t
[5/5/2019 22:9:17] /m leave reaper
[5/5/2019 22:9:19] /m leave reaper
[5/5/2019 22:9:45] /m Live Reapers
[5/5/2019 22:9:47] /m Live Reapers
[5/5/2019 22:9:49] /goto Live Reapers
[5/5/2019 22:10:6] /m Live Reapers
[5/5/2019 22:14:20] /m dedo gordo
[5/5/2019 22:14:29] /goto dedo gordo
[5/5/2019 22:14:41] /goto dedo gordo
[5/5/2019 22:14:46] /m dedo gordo
[5/5/2019 22:14:47] /t
[5/5/2019 22:14:53] /m dedo gordo
[5/5/2019 22:36:13] /i 2160
[5/5/2019 22:36:13] /i 2160
[5/5/2019 22:36:14] /i 2160
[5/5/2019 22:36:14] /i 2160
[5/5/2019 22:36:14] /i 2160
[5/5/2019 22:36:15] /i 2160
[5/5/2019 22:41:51] /m Live Reaper
[5/5/2019 22:52:42] /m Live Reapers
[5/5/2019 22:53:10] /m Live Reaper
[6/5/2019 1:48:35] /m Live Reape
[6/5/2019 1:48:36] /m Live Reaper
[6/5/2019 2:2:59] /m Live Reaper
[6/5/2019 2:15:39] /reload mods
[6/5/2019 2:16:10] /m Live Reaper
[6/5/2019 2:32:19] /m magician mage
[6/5/2019 2:37:54] /m magicina mage
[6/5/2019 2:37:58] /m magician mage
[6/5/2019 2:39:22] /m Live Reaper
[6/5/2019 11:34:1] /n taskbk
[6/5/2019 11:34:4] /n task bk
[6/5/2019 11:34:8] /n bktask
[6/5/2019 11:34:12] /n bk task
[6/5/2019 11:34:26] /n [TASK] Grizzly Adams
[6/5/2019 11:35:7] /n task man
[6/5/2019 11:39:22] /n Task Man
[6/5/2019 11:40:27] /n Task Man
[6/5/2019 12:14:26] /m magician mage
[6/5/2019 12:17:0] /m Live Reaper
[6/5/2019 14:30:52] /shutdown
[6/5/2019 14:42:32] /shutdown
[6/5/2019 18:7:46] #b boa noite!
[6/5/2019 18:8:7] /goto Krystian
[6/5/2019 18:8:57] /goto askan
[6/5/2019 18:10:51] /t
[7/5/2019 11:56:15] /ghost
[7/5/2019 11:57:18] /owner
[7/5/2019 11:57:56] /goto sapo leao
[7/5/2019 11:58:3] /goto sapo leao
[7/5/2019 11:58:7] /goto sapo leao
[7/5/2019 11:58:16] /goto sapo leao
[7/5/2019 11:58:22] /t
[7/5/2019 11:58:26] /goto modelo
[7/5/2019 11:58:41] /goto Dimaszyn
[7/5/2019 11:59:58] /goto Askan
[7/5/2019 12:31:45] #b Bom dia galera.
[7/5/2019 12:31:53] /ghost
[7/5/2019 12:32:13] #b Chamem seus amigos para jogar!
[7/5/2019 12:33:20] /goto askan
[7/5/2019 12:33:30] /goto askan
[7/5/2019 12:33:44] /t
[7/5/2019 12:36:20] /goto askan
[7/5/2019 12:36:37] /goto Askan
[7/5/2019 12:36:38] /goto Askan
[7/5/2019 12:37:35] /ghost
[7/5/2019 12:37:36] /ghost
[7/5/2019 12:37:38] /ghost
[7/5/2019 12:40:17] /t
[7/5/2019 14:10:55] /c ariel
[7/5/2019 14:11:13] /i mega staff
[7/5/2019 14:11:32] /c ariel
[7/5/2019 14:12:44] #b Ajudem a divulgar o servidor galera.
[7/5/2019 14:13:26] /goto ariel
[7/5/2019 14:14:30] /t
[7/5/2019 14:14:53] /ghost
[7/5/2019 14:15:5] /ghost
[7/5/2019 14:15:34] /ghost
[7/5/2019 14:40:51] /owner Krystian
[7/5/2019 14:43:1] /ghost
[7/5/2019 14:43:3] /goto toroki
[7/5/2019 14:43:11] /goto Todoroki
[7/5/2019 14:44:3] /goto Todoroki
[7/5/2019 14:45:49] /goto Todoroki
[7/5/2019 14:46:57] /t
[7/5/2019 14:47:54] #b Chamem seus amigos ae galera ajude a divulgar o servidor.
[7/5/2019 14:56:51] #b Afk, vou da uma divulgada galera, qualquer duvida so chamar.
[7/5/2019 14:58:2] #b ja volto!
[7/5/2019 15:27:16] /ghost
[7/5/2019 15:27:20] /goto maguito
[7/5/2019 15:27:27] /t
[7/5/2019 15:29:15] #b Galera da uma ajuda a divulgar o ot ae :D
[7/5/2019 15:29:32] #b Chama os amigos guilds papagaio kkk
[7/5/2019 17:0:18] /goto Todoroki
[7/5/2019 17:0:39] /t
[7/5/2019 17:1:7] /goto Todoroki
[7/5/2019 17:1:10] /r
[7/5/2019 17:1:43] /r
[7/5/2019 17:1:53] /t
[7/5/2019 17:2:20] #b Galera em relacao ao fast attack irei aumentar no proximo server save.
[7/5/2019 17:4:29] #b Ja volto galera.
[8/5/2019 2:5:13] /ghost
[8/5/2019 2:5:21] /goto sapo leao
[8/5/2019 2:5:56] /goto shoto
[8/5/2019 2:6:13] /goto knight
[8/5/2019 2:6:22] /goto todoroki
[8/5/2019 2:6:33] /t
[8/5/2019 2:7:25] /goto todoroki
[8/5/2019 2:7:34] /goto sapo leao
[8/5/2019 2:7:58] /t
[8/5/2019 2:23:32] /goto Oliver Queen
[8/5/2019 2:24:27] /ghost
[8/5/2019 2:34:11] /goto Oliver Queen 
[8/5/2019 2:35:20] /goto Oliver Queen 
[8/5/2019 2:36:16] /goto Oliver Queen 
[8/5/2019 2:36:50] /goto Oliver Queen 
[8/5/2019 2:37:32] /goto Oliver Queen 
[8/5/2019 2:41:11] /r
[8/5/2019 2:41:30] /t
[8/5/2019 2:41:32] /clean
[8/5/2019 2:41:50] /up
[8/5/2019 2:41:52] /up
[8/5/2019 2:41:55] /down
[8/5/2019 2:41:56] /t
[8/5/2019 2:51:35] /t
[8/5/2019 3:35:50] /goto sapo leao
[8/5/2019 3:36:22] /goto shoto
[8/5/2019 3:36:24] /goto shoto
[8/5/2019 3:36:39] /t
[8/5/2019 8:20:20] /goto sapo leao
[8/5/2019 8:20:23] /goto sapo leao
[8/5/2019 8:20:42] /goto shoto
[8/5/2019 13:55:56] /t
[8/5/2019 13:56:3] #b Boa tarde galera!
[10/5/2019 7:20:34] /goto pcr lenda
[10/5/2019 7:20:54] /goto pcr lenda
[10/5/2019 7:21:2] /r
[10/5/2019 7:21:12] /t
[11/5/2019 12:26:8] /goto pcr lenda
[11/5/2019 12:26:10] /t
[17/5/2019 17:30:21] /goto hyundai
