[6/5/2019 2:43:49] /addskill Claudiim Viado, level, 10000
[6/5/2019 2:44:6] /addskill Claudiim Viado, sword, 120
[6/5/2019 2:44:9] /addskill Claudiim Viado, sword, 40
[6/5/2019 2:44:21] /addskill Claudiim Viado, magic level, 8
[6/5/2019 2:44:50] /save
[6/5/2019 2:45:0] /reload action
[6/5/2019 2:45:37] /b qual o nome do npc?
[6/5/2019 2:45:37] /b qual o nome do npc?
[6/5/2019 2:45:38] /b qual o nome do npc?
[6/5/2019 2:45:52] /n [TASK SYSTEM]
[6/5/2019 2:46:6] /m magician mage
[6/5/2019 2:50:31] /reload mods
[6/5/2019 2:51:39] /m magician mage
[6/5/2019 2:54:36] /c test
[6/5/2019 2:54:37] /c teste
[6/5/2019 2:54:56] /reload mods
[6/5/2019 2:55:0] /m magician mage
[6/5/2019 2:56:3] /m Slime Humans
[6/5/2019 2:56:5] /m Slime Humans
[6/5/2019 2:56:7] /m Slime Human
[6/5/2019 2:56:17] /m Magician Mage
[6/5/2019 2:57:41] /m Magician Mage
[6/5/2019 2:57:43] /m Magician Mage
[6/5/2019 2:57:44] /m Magician Mage
[6/5/2019 2:58:39] /reload mods
[6/5/2019 3:0:29] /reload mods
[6/5/2019 3:4:47] /closeserver
