[19/12/2017 22:15:27] /n bank
[19/12/2017 22:27:15] /i 2274
[19/12/2017 22:31:55] /i 2352
[19/12/2017 22:32:21] /i dodge
[19/12/2017 22:32:24] /i dodge stone
[19/12/2017 22:32:35] /i critical stone
[19/12/2017 22:32:40] /i critical feather
[19/12/2017 22:33:59] /addskill
[19/12/2017 22:34:7] /addskill Crowley Bogo, level, 100
[19/12/2017 22:34:23] /addskill Crowley Bogo, distance, 100
[19/12/2017 22:35:21] /addskill Crowley Bogo, distance, 20
[19/12/2017 22:35:47] /i 12706
[19/12/2017 22:35:59] /i 12694
[19/12/2017 22:36:11] /i 12694
[19/12/2017 22:36:13] /i 12694
[19/12/2017 22:36:21] /i 12695
[19/12/2017 22:36:38] /i 12723
[19/12/2017 22:36:56] /i 12712
[19/12/2017 22:37:3] /i 12723
[19/12/2017 22:37:5] /i 12723
[19/12/2017 22:37:7] /i 12694
[19/12/2017 22:37:12] /i 12694
[19/12/2017 22:37:12] /i 12694
[19/12/2017 22:37:17] /i 12689
[19/12/2017 22:39:15] /t
[19/12/2017 22:49:6] /t
[19/12/2017 22:49:54] /i 2160
[19/12/2017 22:50:18] /i 2160
[19/12/2017 22:50:24] /i 12715
[19/12/2017 22:51:36] /t
[19/12/2017 22:51:58] /i 2160
[19/12/2017 22:52:4] /i 12715
[19/12/2017 22:52:37] /t
[19/12/2017 22:56:2] /i sudden death
[19/12/2017 22:56:5] /n dark rodo
[19/12/2017 22:56:16] /r
[19/12/2017 22:56:35] /addskill Crowley Bogo, magic level, 100
[19/12/2017 22:56:38] /addskill Crowley Bogo, magic level, 100
[19/12/2017 22:56:42] /addskill Crowley Bogo, magic level, 100
[19/12/2017 22:56:44] /r
[19/12/2017 23:38:12] /t
[19/12/2017 23:39:5] /addskill Crowley bogo, level, 100
[19/12/2017 23:39:8] /addskill Crowley bogo, level, 100
[19/12/2017 23:42:34] /goto gm wake
[19/12/2017 23:45:48] /reward
[19/12/2017 23:45:52] !info
