[3/3/2018 1:43:49] /i 1533
[3/3/2018 1:43:50] /i 1544
[3/3/2018 1:43:51] /r
[3/3/2018 1:43:52] /r
[3/3/2018 1:44:15] /goto gm bogo
[3/3/2018 2:20:55] /goto gm bogo
[3/3/2018 2:23:22] /cliport
[3/3/2018 2:25:44] /goto gm bogo
[3/3/2018 2:26:22] /i 1544
[3/3/2018 2:26:23] /i 1544
[3/3/2018 2:26:23] /i 1544
[3/3/2018 2:26:24] /i 1544
[3/3/2018 2:37:8] /r
[3/3/2018 2:37:9] /r
[3/3/2018 2:37:9] /r
[3/3/2018 2:37:10] /r
[3/3/2018 4:2:3] /goto gm bogo
[3/3/2018 4:5:42] /goto gm bogo
[3/3/2018 4:9:36] /goto gm bogo
[3/3/2018 4:9:37] /goto gm bogo
[3/3/2018 4:9:38] /goto gm bogo
[3/3/2018 4:9:38] /goto gm bogo
[3/3/2018 4:9:39] /goto gm bogo
[3/3/2018 4:9:39] /goto gm bogo
[3/3/2018 4:9:39] /goto gm bogo
[3/3/2018 4:9:40] /goto gm bogo
[3/3/2018 4:9:41] /goto gm bogo
[3/3/2018 4:9:42] /goto gm bogo
[5/3/2018 17:43:3] /t
[5/3/2018 17:46:12] /t
[5/3/2018 17:46:14] /c gm bogo
[5/3/2018 17:47:43] /goto gm bogo
[20/12/2018 3:2:12] /goto 770, 612, 7
[20/12/2018 3:2:32] /goto 770, 612, 7
[20/12/2018 3:2:37] /t
[20/12/2018 3:2:46] /goto 830, 622, 7
[20/12/2018 3:4:43] /i 489
[20/12/2018 3:4:45] /i 489
[20/12/2018 3:12:24] /addskill Danyel, level, 200
[20/12/2018 3:12:28] /t
[20/12/2018 3:14:25] /t
[20/12/2018 3:21:7] /t
[20/12/2018 3:22:54] /goto 850, 639, 7
[20/12/2018 3:27:28] /goto 830, 622, 7
[20/12/2018 3:30:16] /t
[20/12/2018 3:30:37] /t
[20/12/2018 3:39:11] /t
[20/12/2018 3:39:15] /t
