[24/3/2017 2:27:38] /m lord of ice
[24/3/2017 2:27:49] /t
[24/3/2017 2:33:24] /up
[30/3/2017 13:12:14] /t
[19/12/2017 14:1:28] /i kk
[19/12/2017 14:4:39] /i kk
[19/12/2017 14:4:43] /i kk
[19/12/2017 14:6:13] /n Event Bank
[19/12/2017 14:6:26] /i 12734
[19/12/2017 14:24:30] /up
[19/12/2017 14:24:50] /i event coins
[19/12/2017 14:24:52] /i event coin
[19/12/2017 14:25:20] /i event coin
[19/12/2017 14:45:57] /n event bank
[19/12/2017 14:46:5] /s event bank
[19/12/2017 14:46:12] /n Event Bank
[19/12/2017 22:12:56] /goto Crowley Bogo
[19/12/2017 22:13:5] /promote Crowley Bogo
[19/12/2017 22:13:6] /promote Crowley Bogo
[19/12/2017 22:13:7] /promote Crowley Bogo
[19/12/2017 22:13:7] /promote Crowley Bogo
[19/12/2017 22:13:14] /demote Crowley Bogo
[19/12/2017 22:13:19] /attr group 5
[19/12/2017 22:13:23] /attr group 3
[19/12/2017 22:13:26] /attr group 2
[19/12/2017 22:13:28] /attr group 1
[19/12/2017 22:13:31] /promote Crowley Bogo
[19/12/2017 22:13:35] /promote Crowley Bogo
[19/12/2017 22:13:37] /promote Crowley Bogo
[19/12/2017 22:13:39] /promote Crowley Bogo
[19/12/2017 22:13:43] /r
[19/12/2017 22:39:54] /b tenho q terminar essas quests
[19/12/2017 22:40:16] /b calma ai mano, vou reiniciar pra arrumar umas coisinhas..
[19/12/2017 22:43:26] /save
[19/12/2017 22:55:3] /t
[19/12/2017 22:56:27] /t
[19/12/2017 22:56:44] /b Esse site está bem mais top que nosso antigo
[19/12/2017 22:56:55] /b Só colocar as pages fica 10x melhor
[19/12/2017 22:57:1] /goto gm bogo
[19/12/2017 22:57:11] /goto crowley bogo
[20/12/2017 0:28:15] /t
[20/12/2017 1:40:58] /town 2
[20/12/2017 1:47:43] /town 2
[20/12/2017 1:47:46] /t
[20/12/2017 12:37:36] /t
[21/12/2017 16:47:4] /goto gm bogo
[21/12/2017 16:47:51] /t
[21/12/2017 16:50:33] /reload globalevents
[21/12/2017 16:51:28] /i premium poiny
[21/12/2017 16:51:30] /i premium point
[21/12/2017 16:51:32] /i premium point
[21/2/2018 15:16:46] /c gm bogo
[21/2/2018 15:19:17] /reload globalevents
[21/2/2018 15:19:20] /down
[21/2/2018 15:19:21] /down
[21/2/2018 15:38:28] /i 12708
[21/2/2018 15:40:47] /i kk
[21/2/2018 15:40:49] /i kk
[21/2/2018 15:46:3] /t
[21/2/2018 15:47:5] /clean
[21/2/2018 15:47:32] /goto gm bogo
[21/2/2018 15:49:11] /addskill Asear,level,100
[21/2/2018 15:49:16] /addskill Asear,level,100
[21/2/2018 15:49:20] /addskill Asear ,level,100
[21/2/2018 15:49:23] /addskill Asear,level,100
[21/2/2018 15:49:43] /addskill Asear,level,100
[21/2/2018 15:50:22] /m king
[21/2/2018 15:51:41] /t
[28/2/2018 23:14:46] /goto gm bogo
[28/2/2018 23:14:54] /t
[28/2/2018 23:14:56] /c gm bogo
[28/2/2018 23:17:31] /goto gm bogo
[28/2/2018 23:18:58] /up
[28/2/2018 23:20:3] /c gm bogo
[28/2/2018 23:26:1] /t
[28/2/2018 23:26:41] /t
[28/2/2018 23:27:10] /t
[28/2/2018 23:27:43] /c gm bogo]
[28/2/2018 23:27:46] /c gm bogo
[28/2/2018 23:28:42] /t
[28/2/2018 23:29:24] /t
[28/2/2018 23:30:49] /up
[28/2/2018 23:31:11] /t
[28/2/2018 23:32:54] /m troll
[28/2/2018 23:32:54] /m troll
[1/3/2018 17:55:43] /t
[1/3/2018 17:56:17] /i mega upgrade
[1/3/2018 17:56:31] /i mega upgrade
[1/3/2018 17:57:22] /t
[1/3/2018 17:57:49] /t
[1/3/2018 17:58:58] /r
[1/3/2018 18:1:5] /c gm bogo
[1/3/2018 18:1:8] /c gm bogo
[1/3/2018 18:1:19] /c gm bogo
[1/3/2018 18:9:56] /t
[1/3/2018 18:10:37] /t
[1/3/2018 18:10:43] /goto oswaldo
[1/3/2018 18:14:30] /goto gm bogo
[1/3/2018 18:18:6] /t
[1/3/2018 18:19:49] /goto gm bogo
[1/3/2018 18:20:34] /r
[1/3/2018 18:20:38] /goto gm bogo
[1/3/2018 18:47:48] /m verminor
[1/3/2018 18:48:1] /m verminor
[1/3/2018 18:49:20] /addskill Jasase,level,1
[1/3/2018 18:49:29] /addskill Jasase,level,1000
[1/3/2018 18:54:3] /i demon backpack
[1/3/2018 18:54:8] /i super wand
[1/3/2018 18:54:13] /m verminor
[1/3/2018 18:54:28] /addskill Aseas,level,2
[1/3/2018 18:54:35] /addskill Aseas,level,2
[1/3/2018 18:55:19] /save
[3/3/2018 2:21:24] /goto gm bogo
[3/3/2018 2:23:59] /attr health -999
[3/3/2018 2:24:0] /attr health -999
[3/3/2018 2:24:0] /attr health -999
[3/3/2018 2:24:1] /attr health -9999
[3/3/2018 2:38:21] /t
[3/3/2018 2:39:2] /i yalahari leg piece
[3/3/2018 2:39:10] /i yalahari are
[3/3/2018 2:39:13] /i yalahari armor
[3/3/2018 2:41:5] /t
[3/3/2018 2:41:14] /goto rahemos
[3/3/2018 2:48:16] /goto gm bogo
[3/3/2018 2:57:12] /i 2445
[3/3/2018 2:58:29] /i crystal wand
[3/3/2018 2:58:35] /i star wand
[3/3/2018 2:58:55] /i 2185
[3/3/2018 2:58:56] /i 2186
[3/3/2018 2:58:58] /i 2183
[3/3/2018 2:59:0] /i 2182
[3/3/2018 2:59:1] /i 2181
[3/3/2018 2:59:2] /i 2184
[3/3/2018 2:59:4] /i 2189
[3/3/2018 2:59:6] /i 2190
[3/3/2018 2:59:7] /i 2191
[3/3/2018 2:59:8] /i 2192
[3/3/2018 2:59:9] /i 2193
[3/3/2018 2:59:10] /i 2194
[3/3/2018 2:59:11] /i 2195
[3/3/2018 2:59:12] /i 2196
[3/3/2018 3:2:21] /i 7735
[3/3/2018 3:3:42] /i 7735
[3/3/2018 3:3:45] /i 2184
[3/3/2018 3:8:21] /i 12727
[3/3/2018 3:10:14] /i mega wand
[3/3/2018 3:10:22] /i 12989
[3/3/2018 3:10:25] /i 12689
[3/3/2018 3:13:16] /t
[3/3/2018 3:16:46] /i super sd
[3/3/2018 3:16:51] /i super sudden death rune
[3/3/2018 3:30:36] /t
[3/3/2018 3:32:14] /t
[3/3/2018 3:39:41] /shutdown
[3/3/2018 3:41:43] /c gm bogo
[3/3/2018 3:42:52] /up
[4/3/2018 0:36:29] /t
[4/3/2018 0:36:38] /r
[4/3/2018 2:30:8] /c gm bogo
[4/3/2018 2:31:11] /c gm bogo
[4/3/2018 2:32:31] /goto FireStorm
[4/3/2018 2:32:35] /goto Telepors
[4/3/2018 2:32:37] /goto Teleports
[4/3/2018 2:32:46] /goto Firestorm
[4/3/2018 2:33:7] /goto Firestorm
[4/3/2018 2:49:34] /t
[4/3/2018 3:3:16] /save
[4/3/2018 3:7:55] /down
[4/3/2018 3:8:14] /goto gm bogo
[4/3/2018 3:8:58] /goto gm bogo
[4/3/2018 3:9:24] /goto gm bogo
[4/3/2018 3:21:47] /owner gm wake
[4/3/2018 3:37:28] /save
[4/3/2018 3:39:40] /m ghazbaran
[4/3/2018 3:45:44] /m ghazbaran
[4/3/2018 3:55:3] /reload creaturescripts
[4/3/2018 3:55:59] /reload creaturescripts
[4/3/2018 3:56:11] /m ghazbaran
[4/3/2018 3:58:14] /goto gm bogo
[4/3/2018 3:58:37] /t
[4/3/2018 4:6:14] /t
[4/3/2018 7:27:40] /addskill GM Wake,club,15
[4/3/2018 7:29:42] /addskill GM Wake,club,15
[4/3/2018 8:16:25] /save
[4/3/2018 8:19:27] /reload xml
[4/3/2018 8:19:31] /save
[4/3/2018 8:25:52] /t
[4/3/2018 8:50:43] /t
[4/3/2018 8:54:20] /up
[4/3/2018 8:56:57] /save
[4/3/2018 8:58:26] /t
[4/3/2018 9:4:31] /save
[4/3/2018 9:4:41] /t
[4/3/2018 9:4:57] /up
[4/3/2018 9:4:58] /up
[4/3/2018 9:5:1] /down
[4/3/2018 9:5:15] /save
[4/3/2018 9:5:17] /t
[4/3/2018 17:49:13] /t
[5/3/2018 17:23:45] /c gm bogo
[5/3/2018 23:19:5] /goto 61,48,10
[5/3/2018 23:19:8] /r
[5/3/2018 23:19:10] /r
[5/3/2018 23:19:10] /r
[5/3/2018 23:19:12] /r
[5/3/2018 23:19:14] /r
[5/3/2018 23:19:15] /r
[5/3/2018 23:19:16] /r
[5/3/2018 23:19:21] /r
[5/3/2018 23:19:22] /r
[5/3/2018 23:21:8] /goto 61,48,10
[5/3/2018 23:21:10] /t
[5/3/2018 23:23:42] /goto 61,48,10
[5/3/2018 23:27:36] /c gm bogo
[5/3/2018 23:42:49] /c gm bogo
[5/3/2018 23:58:53] /up
[6/3/2018 0:7:8] /save
[6/3/2018 0:7:17] /save
[6/3/2018 0:8:5] /t
[6/3/2018 0:8:53] /i backpack of holding
[6/3/2018 0:11:48] /save
[6/3/2018 0:17:9] /m ghazbaran
[6/3/2018 0:17:11] /ghost
[6/3/2018 0:17:30] /c sheep
[6/3/2018 0:17:43] /c sheep
[6/3/2018 0:17:52] /c sheep
[6/3/2018 0:18:13] /c gm bogo
[6/3/2018 0:24:23] /clean
[6/3/2018 0:47:29] /i super wand
[6/3/2018 0:51:21] /c gm bogo
[6/3/2018 1:1:49] /save
[6/3/2018 1:3:47] /t
[6/3/2018 1:18:1] /m monk
[6/3/2018 1:18:3] /m monk
[6/3/2018 1:18:4] /m monk
[6/3/2018 1:18:12] /m monk
[6/3/2018 1:18:24] /r
[6/3/2018 1:18:26] /r
[6/3/2018 1:18:27] /r
[6/3/2018 1:18:31] /m demon
[6/3/2018 1:18:32] /m demon
[6/3/2018 1:18:33] /m demon
[6/3/2018 1:18:52] /down
[6/3/2018 1:19:0] /c gm bogo
[6/3/2018 1:39:32] /t
[6/3/2018 1:40:5] /reload actions
[6/3/2018 1:40:26] /attr actiondid 15070
[6/3/2018 1:40:30] /attr actiondid 15070
[6/3/2018 1:40:35] /attr actionid 15070
[6/3/2018 1:40:45] /attr actionid 15070
[6/3/2018 1:40:51] /attr actionid 15070
[6/3/2018 1:40:55] /t
[6/3/2018 1:41:8] /t
[6/3/2018 1:41:11] /attr actionid 15070
[6/3/2018 1:41:14] /attr actionid 15070
[6/3/2018 1:41:19] /t
[6/3/2018 1:41:23] /c gm bogo
[6/3/2018 1:41:37] /t
[6/3/2018 1:41:49] /attr actionid 15070
[6/3/2018 1:41:55] /t
[6/3/2018 1:43:40] /t
[6/3/2018 1:44:24] /up
[6/3/2018 1:44:26] /up
[6/3/2018 1:44:27] /up
[6/3/2018 1:44:28] /up
[6/3/2018 1:44:28] /up
[6/3/2018 1:44:40] /down
[6/3/2018 1:44:42] /down
[6/3/2018 1:44:43] /down
[6/3/2018 1:44:43] /down
[6/3/2018 1:44:44] /down
[6/3/2018 1:57:33] /t
[6/3/2018 1:59:16] /save
[6/3/2018 2:0:47] /t
[6/3/2018 2:7:51] /t
[6/3/2018 2:11:14] /up
[6/3/2018 2:13:14] /t
[6/3/2018 2:16:31] /c gm bogo
[6/3/2018 2:22:4] /t
[6/3/2018 2:22:18] /reload config
[6/3/2018 2:27:21] /reload creaturescripts
[6/3/2018 2:27:26] /t
[6/3/2018 2:31:53] /m demon
[6/3/2018 2:32:4] /ghost
[6/3/2018 2:32:22] /m frost dragon
[6/3/2018 2:32:23] /m frost dragon
[6/3/2018 2:32:51] /addskill Hjase,magic,11
[6/3/2018 2:32:59] /addskill Hjase,level,300
[6/3/2018 2:33:10] /m orshabaal
[6/3/2018 2:33:23] /i ultimate healing potion
[6/3/2018 2:33:34] /i ultimate healing potion
[6/3/2018 2:35:45] /i super boots
[6/3/2018 2:35:47] /i super boots
[6/3/2018 2:35:48] /i super boots
[6/3/2018 2:36:7] /m golden demon
[6/3/2018 2:36:11] /m golden demon
[6/3/2018 2:36:14] /m golden demon
[6/3/2018 2:37:49] /m dedo gordo
[6/3/2018 2:38:4] /m hellfire fighter
[6/3/2018 2:38:33] /m the king mister
[6/3/2018 2:38:58] /m lord warlock
[6/3/2018 2:39:20] /r
[6/3/2018 2:39:21] /r
[6/3/2018 2:39:22] /r
[6/3/2018 2:39:38] /m ferumbras
[6/3/2018 2:40:20] /reload monster
[6/3/2018 2:40:26] /m ferumbras
[6/3/2018 2:41:1] /reload monster
[6/3/2018 2:41:25] /reload monster
[6/3/2018 2:41:26] /reload monster
[6/3/2018 2:41:28] /m ferumbras
[6/3/2018 2:41:28] /m ferumbras
[6/3/2018 2:41:28] /m ferumbras
[6/3/2018 2:41:29] /m ferumbras
[6/3/2018 2:41:29] /m ferumbras
[6/3/2018 2:41:59] /m demon backpack
[6/3/2018 2:42:5] /i demon backpack
[6/3/2018 2:42:21] /clean
[6/3/2018 2:42:48] /m hades
[6/3/2018 2:43:24] /m baby hades
[6/3/2018 2:43:35] /i super axe
[6/3/2018 2:43:54] /addskill Hjase,level,100
[6/3/2018 2:44:0] /addskill Hjase,axe,100
[6/3/2018 2:44:20] /addskill Hjase,level,400
[6/3/2018 2:45:19] /m lord warlock
[6/3/2018 2:45:52] /m hades
[6/3/2018 2:46:4] /r
[6/3/2018 2:46:33] /goto Hjase
[6/3/2018 2:46:37] /goto Hjase
[6/3/2018 2:46:38] /goto Hjase
[6/3/2018 2:46:39] /goto Hjase
[6/3/2018 2:46:40] /goto Hjase
[6/3/2018 2:47:35] /m paradise
[6/3/2018 2:49:16] /m paradise
[6/3/2018 2:49:47] /addskill Hjase,level,200
[6/3/2018 2:49:53] /m paradise
[6/3/2018 2:49:55] /m paradise
[6/3/2018 2:49:56] /m paradise
[6/3/2018 2:50:8] /c Hjase
[6/3/2018 2:52:8] /reload monster
[6/3/2018 2:52:23] /i dodge
[6/3/2018 2:52:28] /i dodge stone
[6/3/2018 2:52:33] /i dodge stone
[6/3/2018 2:52:55] /i critical stone
[6/3/2018 2:53:0] /i critical feather
[6/3/2018 2:53:2] /i critical feather
[6/3/2018 2:53:33] /m paradise
[6/3/2018 2:53:34] /m paradise
[6/3/2018 2:53:35] /m paradise
[6/3/2018 2:53:46] /t
[6/3/2018 2:53:52] /m paradise
[6/3/2018 2:53:58] /m paradise
[6/3/2018 2:54:44] /reload monster
[6/3/2018 2:54:46] /m paradise
[6/3/2018 2:54:47] /m paradise
[6/3/2018 2:55:1] /r
[6/3/2018 2:55:2] /r
[6/3/2018 2:55:39] /reload monster
[6/3/2018 2:55:41] /m paradise
[6/3/2018 2:55:43] /m paradise
[6/3/2018 2:56:9] /m aracna
[6/3/2018 2:56:33] /m aracna
[6/3/2018 2:56:34] /m aracna
[6/3/2018 2:56:34] /m aracna
[6/3/2018 2:56:35] /m aracna
[6/3/2018 2:56:35] /m aracna
[6/3/2018 2:56:36] /m aracna
[6/3/2018 2:56:36] /m aracna
[6/3/2018 2:56:37] /m aracna
[6/3/2018 2:56:37] /m aracna
[6/3/2018 2:56:38] /m aracna
[6/3/2018 2:56:39] /m aracna
[6/3/2018 2:58:25] /reload config
[6/3/2018 2:59:9] /reload config
[6/3/2018 2:59:58] /reload config
[6/3/2018 3:0:8] /r
[6/3/2018 3:0:9] /r
[6/3/2018 3:0:13] /r
[6/3/2018 3:0:18] /reload
[6/3/2018 3:0:21] /clean
[7/3/2018 1:24:37] /n Grizzly Adams
[7/3/2018 1:31:16] /reload creaturescripts
[7/3/2018 1:31:21] /reload npc
[7/3/2018 1:31:24] /r
[7/3/2018 1:31:27] /r
[7/3/2018 1:31:30] /n Grizzly Adams
[7/3/2018 1:31:48] /r
[7/3/2018 1:34:20] /reload npc
[7/3/2018 1:34:29] /n grizzly adams
[7/3/2018 1:37:23] /reload npc
[7/3/2018 1:39:58] /reload npc
[7/3/2018 1:41:6] /n grizzly adams
[7/3/2018 1:41:15] /n grizzly adams
[7/3/2018 1:41:29] /n Grizzly Adams
[7/3/2018 1:43:42] /reload creaturescripts
[7/3/2018 1:43:45] /reload npc
[7/3/2018 1:49:1] /reload npc
[7/3/2018 1:49:5] /reload creaturescripts
[7/3/2018 1:52:58] /n Grizzly Adams
[7/3/2018 1:55:56] /t
[7/3/2018 1:56:46] /reload npc
[7/3/2018 1:56:58] /n Grizzly Adams
[7/3/2018 1:58:4] /reload npc
[7/3/2018 2:2:10] /reload npc
[7/3/2018 2:3:8] /reload npc
[7/3/2018 2:18:58] /n Grizzly Adams
[7/3/2018 2:20:36] /n Grizzly Adams
[7/3/2018 23:4:48] /t
[7/3/2018 23:18:57] /goto necromancer
[7/3/2018 23:19:2] /goto necromancer
[7/3/2018 23:19:4] /goto necromancer
[7/3/2018 23:19:6] /goto necromancer
[7/3/2018 23:19:7] /goto necromancer
[7/3/2018 23:19:9] /goto necromancer
[7/3/2018 23:20:44] /goto necromonster
[7/3/2018 23:20:45] /t
[7/3/2018 23:30:3] /reload creaturescripts
[7/3/2018 23:34:47] /reload creaturescripts
[7/3/2018 23:53:29] /i kk
[8/3/2018 1:0:38] /n Task
[8/3/2018 1:0:48] !tasker
[8/3/2018 1:1:44] !tasker
[8/3/2018 1:7:43] /i kk
[8/3/2018 1:8:12] /i Stamina Feather
[8/3/2018 22:35:3] /ghost
[8/3/2018 22:35:5] /ghost
[8/3/2018 22:43:10] /m tibia bug
[8/3/2018 22:43:20] /m morgaroth
[8/3/2018 22:43:45] /m dedo gordo
[8/3/2018 22:43:47] /m paradise
[8/3/2018 22:43:50] /m baby hades
[8/3/2018 22:43:57] /m abobora demoniaca
[8/3/2018 22:44:3] /m ice morgaroth
[8/3/2018 22:44:7] /i ice demon
[8/3/2018 22:44:11] /i ice ghazbaran
[8/3/2018 22:44:15] /m ghazbaran
[8/3/2018 22:44:25] /m lord warlock
[8/3/2018 22:44:26] /m lord warlock
[8/3/2018 22:44:27] /m lord warlock
[8/3/2018 22:44:27] /m lord warlock
[8/3/2018 22:50:36] /i 12763
[8/3/2018 22:50:38] /i 12763
[8/3/2018 22:50:57] /addskill Jksase,distance,120
[8/3/2018 22:51:8] /addskill Jksase,magic,30
[8/3/2018 22:51:18] /addskill Jksase,level,400
[8/3/2018 22:51:29] /addskill Jksase,level,400
[8/3/2018 22:52:12] /m demon
[8/3/2018 22:52:48] /i sper crossbow
[8/3/2018 22:52:54] /i super crossbow
[8/3/2018 22:52:57] /i super crossbow
[8/3/2018 22:53:2] /m demon
[8/3/2018 22:53:11] /m demon
[8/3/2018 22:53:28] /m demon
[8/3/2018 22:53:39] /m orshabaal
[8/3/2018 22:53:57] /m morgaroth
[8/3/2018 22:54:12] /m hades
[8/3/2018 22:55:5] /c Jksase
[8/3/2018 22:56:6] /addskill Koae,level,1200
[8/3/2018 22:56:13] /addskill Koae,magic,140
[8/3/2018 22:56:18] /i 12764
[8/3/2018 22:56:23] /i 12762
[8/3/2018 22:56:30] /i 12761
[8/3/2018 22:56:31] /i 12760
[8/3/2018 22:57:25] /i strong mage legs
[8/3/2018 22:57:28] /i strong mage robe
[8/3/2018 22:57:30] /i strong mage shield
[8/3/2018 22:57:35] /i strong mage helmet
[8/3/2018 22:57:39] /i strong mage hat
[8/3/2018 22:58:1] /i best wake item
[8/3/2018 22:58:5] /i super amulet
[8/3/2018 22:58:12] /i vip amulet
[8/3/2018 22:58:15] /i vip ring
[8/3/2018 22:58:20] /i vip ring
[8/3/2018 22:58:50] /i dodge stone
[13/3/2018 12:38:23] /ghost
[13/3/2018 12:40:40] /t
[13/3/2018 12:43:50] /attr actionid 10540
[13/3/2018 12:43:53] /attr actionid 10540
[13/3/2018 12:43:54] /attr actionid 10540
[13/3/2018 12:44:23] /attr actionid 10540
[13/3/2018 12:44:43] /i 3152
[13/3/2018 12:44:44] /i 3152
[13/3/2018 12:44:45] /i 3152
[13/3/2018 12:46:15] /attr actionid 10541
[13/3/2018 12:47:11] /attr actionid 10543
[13/3/2018 12:58:54] /closeserver
[13/3/2018 13:6:42] /closeserver
[13/3/2018 13:7:0] /attr actionid 10540
[13/3/2018 13:16:27] /reload movements
[13/3/2018 13:16:48] /closeserver
[14/3/2018 0:34:49] /t
[14/3/2018 0:35:36] /attr health -500
[14/3/2018 0:35:42] /attr health -3000
[14/3/2018 7:12:17] /t
[14/3/2018 7:16:21] /t
[14/3/2018 7:20:48] /save
[14/3/2018 7:22:49] /save
[14/3/2018 7:27:35] /attr maxhealth 9000
[14/3/2018 7:27:48] /attr health +9000
[14/3/2018 7:47:29] /goto gm bogo
[14/3/2018 7:48:21] /t
[14/3/2018 7:49:6] /c Aisr
[14/3/2018 7:49:22] /c Aisr
[14/3/2018 7:56:31] /i backpack of holding
[14/3/2018 7:56:41] /i frozen starlight
[14/3/2018 7:56:48] /i dragon scale boots
[14/3/2018 7:56:57] /i elite wand
[14/3/2018 9:56:0] /t
[14/3/2018 10:0:27] /i winning lottery ticket
[14/3/2018 10:1:3] /t
[14/3/2018 10:1:20] /goto ibra
[14/3/2018 10:34:51] /goto gm bogo
[14/3/2018 10:46:15] /save
[14/3/2018 10:46:21] /reload channels
[14/3/2018 11:22:26] /save
[14/3/2018 11:22:30] /reload chat
[16/3/2018 5:34:54] /save
[16/3/2018 5:35:29] /b Servidor será reiniciado para mudanças in-game, logo menos postarei as mesmas no site do servidor. Boa noite!!
[16/3/2018 5:35:54] /goto Seu Policia
[16/3/2018 5:36:7] /save
[16/3/2018 5:37:14] /t
[16/3/2018 5:39:20] /reload globalevents
[16/3/2018 5:40:14] /reload globalevents
[16/3/2018 5:41:13] /reload globalevents
[16/3/2018 5:48:54] /i 1740
[16/3/2018 5:49:1] /i blessed shield
[16/3/2018 5:49:9] /attr actionid 2000
[16/3/2018 5:49:28] /goto Ashmawy
[16/3/2018 6:3:51] /goto Ashmawy
[16/3/2018 6:4:45] /i dead human
[16/3/2018 6:8:6] /goto Ashmawy
[16/3/2018 6:8:8] /goto Ashmawy
[16/3/2018 6:8:9] /goto Ashmawy
[16/3/2018 6:8:10] /goto Ashmawy
[16/3/2018 6:8:12] /goto Ashmawy
[16/3/2018 6:8:14] /goto Ashmawy
[16/3/2018 6:8:16] /goto Ashmawy
[16/3/2018 6:8:18] /goto Ashmawy
[16/3/2018 6:8:30] /goto Ashmawy
[16/3/2018 6:9:26] /goto Ashmawy
[16/3/2018 6:9:32] /goto Ashmawy
[16/3/2018 6:9:34] /goto Ashmawy
[16/3/2018 6:54:35] /t
[16/3/2018 6:55:12] /bc Server will be down, return in fell menutes
[16/3/2018 6:55:18] /save
[16/3/2018 6:55:25] /save
[16/3/2018 6:58:53] /t
[16/3/2018 7:5:42] /reload monster
[16/3/2018 7:5:53] /m brimstomes bugs
[16/3/2018 7:5:58] /m 
[16/3/2018 7:6:0] /m Brimstone Bug
[16/3/2018 7:6:10] /reload monster
[16/3/2018 7:6:12] /m Brimstone Bug
[16/3/2018 7:7:25] /reload monster
[16/3/2018 7:7:28] /m Brimstone Bug
[16/3/2018 7:8:5] /t
[16/3/2018 7:8:31] /goto Ashmawy
[16/3/2018 7:8:47] /t
[16/3/2018 7:9:2] /c Ashmawy
[16/3/2018 7:10:6] /c ashmaway
[16/3/2018 7:10:11] /c ashmawy
[16/3/2018 7:10:13] /m Brimstone Bug
[16/3/2018 7:10:14] /m Brimstone Bug
[16/3/2018 7:10:15] /m Brimstone Bug
[16/3/2018 7:10:15] /m Brimstone Bug
[16/3/2018 7:10:15] /m Brimstone Bug
[16/3/2018 7:10:16] /m Brimstone Bug
[16/3/2018 7:10:16] /m Brimstone Bug
[16/3/2018 7:10:46] /t
[16/3/2018 7:10:50] /c Ashmawy
[16/3/2018 7:13:17] /up
[16/3/2018 7:13:19] /up
[16/3/2018 7:16:36] /promote Ashmawy
[16/3/2018 8:45:29] /goto Ashmawy
[16/3/2018 8:45:57] /t
[20/3/2018 13:9:50] /goto pablito
[20/3/2018 13:9:52] /goto pablito
[20/3/2018 13:9:53] /goto pablito
[20/3/2018 13:10:5] /goto pablito
[20/3/2018 13:10:14] /goto Lulu Sem Pell
[20/3/2018 13:10:18] /goto Lulu Sem Pell
[20/3/2018 13:10:41] /goto love loko
[20/3/2018 13:10:55] /goto so vem
[20/3/2018 13:11:4] /goto so vem
[20/3/2018 13:11:24] /goto scooby doop
[20/3/2018 13:11:32] /goto scooby doop
[20/3/2018 13:11:41] /goto Mufazza
[20/3/2018 13:11:51] /goto Mufazza
[20/3/2018 13:11:52] /goto Mufazza
[20/3/2018 13:11:54] /goto Mufazza
[20/3/2018 13:11:55] /goto Mufazza
[20/3/2018 13:11:56] /goto Mufazza
[20/3/2018 13:11:57] /goto Mufazza
[20/3/2018 13:11:57] /goto Mufazza
[20/3/2018 13:11:58] /goto Mufazza
[20/3/2018 13:11:59] /goto Mufazza
[20/3/2018 13:11:59] /goto Mufazza
[20/3/2018 13:12:20] /goto Mufazza
[20/3/2018 13:12:25] /goto Mufazza
[20/3/2018 13:12:26] /goto Mufazza
[20/3/2018 13:12:34] /t
[20/3/2018 17:13:24] /t
[22/3/2018 12:9:3] /i 11259
[22/3/2018 12:9:18] /addskill GM Wake,level,200
[22/3/2018 12:9:21] /i 11259
[22/3/2018 12:9:22] /i 11259
[22/3/2018 12:13:0] /i premium hand
[22/3/2018 12:13:5] /i premium hand
[22/3/2018 12:17:7] /t
[13/4/2018 2:26:1] /r
[13/4/2018 2:26:3] /r
[13/4/2018 2:26:4] /r
[13/4/2018 2:27:18] /t
[13/4/2018 2:31:45] /reload globalevents
[13/4/2018 2:32:15] /t
[13/4/2018 2:33:56] /reload globalevents
[13/4/2018 2:52:35] /t
[13/4/2018 2:53:12] /save
[13/4/2018 16:9:25] /t
[13/4/2018 16:11:50] /t
[13/4/2018 16:35:38] /goto gm bogo
[13/4/2018 16:35:48] /c gm bogo
[13/4/2018 16:37:17] /t
[13/4/2018 16:40:46] /c gm bogo
[13/4/2018 16:41:53] /t
[13/4/2018 16:44:0] /t
[13/4/2018 16:52:58] /t
[2/8/2018 5:42:9] /t
[7/8/2018 4:1:53] /reload globalevents
[7/8/2018 4:2:43] /reload globalevents
[7/8/2018 4:5:31] /reload globalevents
[7/8/2018 4:7:22] /reload globalevents
[7/8/2018 4:7:52] /reload globalevents
[7/8/2018 4:8:43] /reload globalevents
[7/8/2018 4:9:37] /reload globalevents
[7/8/2018 4:10:39] /reload globalevents
[7/8/2018 18:5:37] /r
[7/8/2018 18:55:20] /goto Herry Porrah
[7/8/2018 18:55:25] /t
[7/8/2018 18:55:38] /closeserver
[7/8/2018 18:55:40] /t
[13/8/2018 4:37:26] /ghost
[13/8/2018 5:29:44] /i 9565
[13/8/2018 5:29:52] /attr actionid 8199
[14/8/2018 0:49:2] /attr uniqueid 8199
[14/8/2018 0:49:14] /attr actionid 8199
[14/8/2018 1:32:13] /goto gm bogo
[14/8/2018 1:35:20] /reload actions
[14/8/2018 1:39:9] /reload actions
[14/8/2018 1:39:17] /t
[14/8/2018 1:41:19] /t
[14/8/2018 1:41:32] /reload actions
[14/8/2018 1:42:32] /t
[14/8/2018 1:43:7] /reload actions
[14/8/2018 1:43:17] /i premium hand
[14/8/2018 1:44:34] /reload actions
[14/8/2018 1:48:9] /reload actions
[14/8/2018 1:48:40] /reload actions
[14/8/2018 1:49:58] /reload actions
[14/8/2018 1:50:4] /t
[14/8/2018 1:51:18] /t
[14/8/2018 1:51:44] /reload actions
[14/8/2018 2:5:49] /i super sword
[14/8/2018 2:6:26] /i elite sword
[14/8/2018 2:7:49] /t
[14/8/2018 2:10:40] /t
[14/8/2018 2:30:33] /t
[14/8/2018 2:35:1] /i demon backáck
[14/8/2018 2:35:5] /i demon backpack
[14/8/2018 2:35:14] /i 2160
[14/8/2018 23:26:47] /i super wand
[14/8/2018 23:27:3] /i super wand nv 1
[14/8/2018 23:27:6] /i super wand nv1
[14/8/2018 23:53:35] /i super wand
[14/8/2018 23:56:31] /i kk
[15/8/2018 0:0:15] /reload weapons
[15/8/2018 0:0:19] /reload weapons
[15/8/2018 0:0:56] /addskill GM Wake,magic,100
[15/8/2018 0:1:4] /addskill GM Wake,magic,100
[15/8/2018 0:6:1] /addskill Oijase,level,50
[15/8/2018 0:6:6] /c Oijase
[15/8/2018 0:6:14] /m trainer
[15/8/2018 1:52:32] /m trainer
[15/8/2018 1:55:36] /i mega staff
[15/8/2018 1:55:55] /i super wand
[15/8/2018 1:59:34] /i mega staff
[15/8/2018 1:59:36] /i trainer
[15/8/2018 1:59:39] /m trainer
[15/8/2018 1:59:44] /i super wand
[15/8/2018 2:11:50] /closeserver
[15/8/2018 17:43:51] /i mega staff
[15/8/2018 17:46:34] /reload config
[15/8/2018 17:47:9] /i /i 12676
[15/8/2018 17:47:11] /i 12676
[15/8/2018 17:55:14] /i 2112
[15/8/2018 17:56:0] /reload monster
[15/8/2018 17:58:26] /reload config
[15/8/2018 18:28:3] /t
[15/8/2018 18:33:58] /m demon
[15/8/2018 18:52:36] /i premium hand
[15/8/2018 21:51:5] /t
[15/8/2018 21:54:9] /x 55
[15/8/2018 21:54:11] /x 56
[15/8/2018 21:59:6] /reload globalevents
[15/8/2018 22:4:43] /t
[15/8/2018 22:4:55] /reload globalevents
[15/8/2018 22:7:46] /t
[15/8/2018 22:8:42] /r
[15/8/2018 22:10:25] /reload globalevents
[15/8/2018 22:13:51] /save
[15/8/2018 22:14:15] /down
[15/8/2018 22:14:18] /save
[15/8/2018 22:15:21] /t
[15/8/2018 22:23:25] /i 1387
[15/8/2018 22:23:44] /r
[15/8/2018 22:36:34] /i 1387
[15/8/2018 22:36:36] /r
[16/8/2018 1:12:2] /save
[16/8/2018 2:42:54] /i elemental wand
[16/8/2018 2:43:0] /i demon backpack
[16/8/2018 2:43:4] /i vip amulet
[16/8/2018 2:43:8] /i super boots
[16/8/2018 2:43:12] /i dragon scale legs
[16/8/2018 2:43:17] /i magic plate armor
[16/8/2018 2:43:20] /i golden helmet
[16/8/2018 2:43:26] /i blessed shield
[16/8/2018 2:43:35] /i golden ring
[16/8/2018 2:43:37] /i gold ring
[16/8/2018 2:45:27] /save
[18/8/2018 15:14:38] /t
[23/8/2018 15:11:24] /ghost
[14/9/2018 15:43:58] /t
[14/9/2018 15:44:0] /ghost
[14/9/2018 15:44:2] /ghost
[14/9/2018 15:44:30] /owner gm wake
[14/9/2018 15:44:32] /owner gm wake
[14/9/2018 15:44:35] /owner gm wake
[14/9/2018 15:44:39] /owner gm wake
[14/9/2018 15:44:50] /owner gm wake
[14/9/2018 15:44:53] /owner gm wake
[14/9/2018 15:44:56] /owner gm wake
[14/9/2018 15:45:3] /owner gm wake
[14/9/2018 15:54:8] /b Galera, irei reiniciar o servidor para ajustar as novas rates..
[14/9/2018 15:54:13] /b Galera, irei reiniciar o servidor para ajustar as novas rates..
[14/9/2018 15:54:13] /b Galera, irei reiniciar o servidor para ajustar as novas rates..
[14/9/2018 15:54:14] /b Galera, irei reiniciar o servidor para ajustar as novas rates..
[14/9/2018 15:54:14] /b Galera, irei reiniciar o servidor para ajustar as novas rates..
[14/9/2018 15:54:37] /save
[14/9/2018 16:0:20] /reload config
[14/9/2018 16:0:22] /save
[14/9/2018 16:7:2] /reload config
[14/9/2018 16:15:30] /t
[14/9/2018 17:55:36] /goto indefinido
[16/9/2018 17:9:48] /goto tsf sheep
[16/9/2018 17:9:52] /ghost
[16/9/2018 17:9:52] /ghost
[16/9/2018 18:19:58] /goto tsf sheep
[16/9/2018 18:20:2] /ghost
[16/9/2018 18:20:3] /ghost
[17/9/2018 22:26:37] /t
[17/9/2018 22:47:32] /goto Jair Bolsonaro Mito
[17/9/2018 22:51:54] /save
[17/9/2018 22:51:57] /reload config
[17/9/2018 22:52:45] /goto overlord
[17/9/2018 22:53:3] /t
[17/9/2018 22:57:31] /bc Suporte online no Help Channel! Boa noite á todos
[17/9/2018 22:59:13] /ghost
[17/9/2018 23:1:4] /ghost
[17/9/2018 23:36:42] /goto Emelhorjairseacostumando
[17/9/2018 23:36:45] /t
[17/9/2018 23:43:25] /goto Foda-se
[17/9/2018 23:48:31] /reload config
[17/9/2018 23:48:38] /town 3
[17/9/2018 23:48:39] /town 2
[17/9/2018 23:48:41] /town 4
[17/9/2018 23:52:58] /goto Lariana
[17/9/2018 23:53:2] /ghost
[17/9/2018 23:53:12] /r
[17/9/2018 23:53:13] /r
[17/9/2018 23:53:26] /i 1220
[17/9/2018 23:53:37] /attr door
[17/9/2018 23:53:47] /ghost
[17/9/2018 23:58:56] /town 4
[18/9/2018 0:1:55] /reload config
[18/9/2018 0:4:0] /reload config
[18/9/2018 0:4:4] /save
[18/9/2018 0:4:8] /reload actions
[18/9/2018 0:17:19] /t
[18/9/2018 0:17:31] /town 4
[18/9/2018 0:17:39] /c gm bogo
[18/9/2018 0:26:19] /t
[18/9/2018 0:30:28] /goto croata
[18/9/2018 0:31:0] /promote croata
[18/9/2018 0:31:5] /save
[18/9/2018 0:32:17] /b Temos um novo Tutor para auxiliar no nosso HELP Channel, seja Bem vindo ao time, Croata.
[18/9/2018 0:32:27] /town 4
[18/9/2018 1:57:7] /goto Elven Havoc
[18/9/2018 1:57:29] /goto Punhetossauro
[18/9/2018 1:57:38] /kick Punhetossauro
[18/9/2018 2:0:55] /goto Punhetossauro
[18/9/2018 2:18:59] /goto caverao
[18/9/2018 2:19:3] /goto caverao
[18/9/2018 2:19:12] /goto caverao
[18/9/2018 2:27:6] /goto xonoxo
[18/9/2018 2:27:7] /goto xonoxo
[18/9/2018 2:27:10] /goto xonoxo
[18/9/2018 2:27:11] /goto xonoxo
[18/9/2018 2:27:12] /goto xonoxo
[18/9/2018 2:27:21] /goto xanoxo
[18/9/2018 2:28:57] /bc Um problema que já foi resolvido, podem jogar tranquilamente..
[18/9/2018 2:32:21] /bc Galera, irei reiniciar o servidor e enviar todos ao templo, ok?
[18/9/2018 2:32:24] /t
[18/9/2018 2:33:49] /bc Galera, irei reiniciar o servidor e enviar todos ao templo, ok?
[18/9/2018 2:34:34] /t
[18/9/2018 2:34:36] /town 1
[18/9/2018 2:35:37] /reload talkactions
[18/9/2018 2:35:41] /save
[18/9/2018 2:36:0] /reload talkactions
[18/9/2018 2:36:4] /reload talkactions
[18/9/2018 2:36:6] /alltemple
[18/9/2018 2:36:9] /save
[18/9/2018 2:36:54] /b Servidor liberado para jogar
[18/9/2018 2:38:14] /town 1
[18/9/2018 2:40:40] /goto morgaroth
[18/9/2018 2:40:45] /t
[18/9/2018 2:43:41] /goto Elven Havoc
[18/9/2018 2:44:39] /goto morgaroth
[18/9/2018 2:44:48] /goto warlock
[18/9/2018 2:44:55] /goto lord warlock
[18/9/2018 2:45:1] /goto morgaroth
[18/9/2018 2:45:14] /r
[18/9/2018 2:45:15] /goto morgaroth
[18/9/2018 2:45:18] /r
[18/9/2018 2:45:36] /down
[18/9/2018 2:45:43] /down
[18/9/2018 2:45:45] /down
[18/9/2018 2:46:9] /c Elven Havoc
[18/9/2018 2:46:15] /c Punhetossauro
[18/9/2018 2:51:24] /t
[18/9/2018 2:52:47] /t
[18/9/2018 2:52:50] /town 1
[18/9/2018 2:53:31] /town 1
[18/9/2018 2:53:33] /t
[18/9/2018 11:47:29] /town 1
[18/9/2018 11:49:46] /t
[18/9/2018 14:9:2] /goto Lariana
[18/9/2018 14:9:5] /goto Lariana
[18/9/2018 14:9:6] /t
[18/9/2018 14:9:9] /town 1
[19/9/2018 0:4:10] /goto Lariana
[19/9/2018 0:4:12] /t
[19/9/2018 0:4:15] /town 1
[19/9/2018 0:4:27] /r
[19/9/2018 0:4:29] /r
[19/9/2018 0:4:32] /i 1220
[19/9/2018 1:15:3] !lua
[19/9/2018 1:15:5] !lua ff
[19/9/2018 1:16:16] /reload talkactions
[19/9/2018 1:16:19] /save
[19/9/2018 1:16:22] !lua
[19/9/2018 1:22:28] /t
[19/9/2018 1:22:30] /town 1
[19/9/2018 1:22:32] /ghost
[19/9/2018 1:23:28] /ghost
[19/9/2018 1:26:22] /goto Elven Havoc
[19/9/2018 17:44:50] /t
[20/9/2018 13:12:54] /b Suporte online no Help Channel, boa tarde á todos..
[20/9/2018 13:17:10] /t
[20/9/2018 13:55:41] /goto Donacroata
[20/9/2018 15:59:4] /i event bag
[20/9/2018 15:59:19] /i event surprise
[20/9/2018 15:59:24] /i surprise bag
[20/9/2018 15:59:29] /i surprise bag
[20/9/2018 15:59:31] /i surprise bag
[20/9/2018 15:59:32] /i surprise bag
[20/9/2018 15:59:33] /i surprise bag
[20/9/2018 15:59:35] /i surprise bag
[20/9/2018 15:59:36] /i surprise bag
[20/9/2018 15:59:37] /i surprise bag
[20/9/2018 18:35:32] /town 4
[26/11/2018 20:31:52] /i 12669
[26/11/2018 20:31:55] /i 12670
[26/11/2018 20:32:2] /i 12671
[26/11/2018 20:32:3] /i 12672
[26/11/2018 20:32:5] /i 12673
[26/11/2018 20:32:6] /i 12674
[26/11/2018 21:21:23] /save
[26/11/2018 21:23:15] /town 4
[26/11/2018 21:23:30] /c gm bogo
[26/11/2018 21:24:4] /c francis nukador
[26/11/2018 21:24:54] /ghost
[26/11/2018 21:34:14] /closeserver
[27/11/2018 2:4:21] /t
[27/11/2018 2:4:23] /town 1
[27/11/2018 2:52:19] /i demon backpack
[27/11/2018 2:54:6] /save
[27/11/2018 2:55:46] /t
[27/11/2018 2:56:27] /i 12670
[27/11/2018 2:56:28] /i 12671
[27/11/2018 2:56:29] /i 12672
[27/11/2018 2:56:30] /i 12673
[27/11/2018 3:39:12] /reload actions
[28/11/2018 1:55:36] /ghost
[28/11/2018 1:55:42] /ghost
[28/11/2018 1:56:12] /goto Neguinho
[28/11/2018 1:56:20] /i kk
[28/11/2018 1:57:58] /i 12671
[28/11/2018 1:57:58] /i 12671
[28/11/2018 1:57:58] /i 12671
[28/11/2018 1:57:59] /i 12671
[28/11/2018 1:57:59] /i 12671
[28/11/2018 1:58:0] /i 12671
[28/11/2018 1:58:0] /i 12671
[28/11/2018 1:58:1] /i 12671
[28/11/2018 1:58:1] /i 12671
[28/11/2018 1:58:2] /i 12671
[28/11/2018 1:58:2] /i 12671
[28/11/2018 1:58:3] /i 12671
[28/11/2018 1:58:4] /i 12671
[28/11/2018 1:58:4] /i 12671
[28/11/2018 1:58:5] /i 12671
[28/11/2018 1:58:5] /i 12671
[28/11/2018 1:58:37] /ghost
[28/11/2018 2:2:59] /t
[28/11/2018 2:16:24] /goto Ls Sword
[28/11/2018 2:17:27] /addskill GM Wake,level,192
[28/11/2018 2:17:36] /i backpack
[28/11/2018 2:17:39] /t ls sword
[28/11/2018 2:17:44] /c ls sword
[28/11/2018 2:17:58] /t
[28/11/2018 2:17:58] /t
[28/11/2018 2:18:5] /r
[28/11/2018 2:18:6] /r
[28/11/2018 2:18:7] /r
[28/11/2018 2:18:8] /r
[28/11/2018 2:18:25] /i 9563
[28/11/2018 2:40:41] /t
[28/11/2018 2:49:47] /i kk
[28/11/2018 4:31:53] /i super boots
[28/11/2018 4:32:38] /t
[28/11/2018 4:33:30] /i magic plate armor
[28/11/2018 4:42:9] /t
[28/11/2018 4:42:10] /t
[28/11/2018 17:53:40] /t
[28/11/2018 17:53:46] /r
[28/11/2018 17:53:47] /r
[28/11/2018 17:53:48] /r
[28/11/2018 17:57:26] /t
[28/11/2018 17:57:39] /goto gm bogo
[28/11/2018 18:23:24] /goto GM Bogo
[28/11/2018 18:24:45] /goto GM Bogo
[28/11/2018 18:26:0] /i super wand
[28/11/2018 18:26:5] /i demon shield
[28/11/2018 18:26:8] /i super boots
[28/11/2018 18:26:13] /i golden legs
[28/11/2018 18:26:17] /i demon helmet
[28/11/2018 18:26:22] /i frozen starlight
[28/11/2018 21:57:7] /goto GM Bogo
[28/11/2018 22:0:16] /i elemental wand
[28/11/2018 22:50:27] /t
[29/11/2018 1:0:53] /ghost
[29/11/2018 1:1:19] /t
[29/11/2018 1:12:2] /openserver
[29/11/2018 1:15:38] /closeserver
[29/11/2018 1:15:42] /goto gm bogo
[29/11/2018 1:16:19] /demote gm wake
[29/11/2018 1:16:22] /demote gm wake
[29/11/2018 1:28:22] /m demon
[29/11/2018 1:28:30] /reload weapons
[29/11/2018 1:28:31] /m demon
[29/11/2018 4:15:24] /closeserver
[30/11/2018 3:23:2] /save
[30/11/2018 3:27:59] /t
[30/11/2018 3:30:40] /c arstenzinho
[30/11/2018 3:30:43] /r
[30/11/2018 3:39:48] /save
[30/11/2018 4:0:33] /t
[30/11/2018 4:1:3] /c braga
[30/11/2018 4:1:5] /c braga
[30/11/2018 4:1:34] /newtype 12652
[30/11/2018 4:24:29] /reload globalevents
[30/11/2018 4:27:30] /reload globalevents
[30/11/2018 4:30:30] /reload globalevents
[30/11/2018 4:31:35] /reload globalevents
[30/11/2018 4:33:7] /reload globalevents
[30/11/2018 4:33:58] /reload globalevents
[30/11/2018 4:40:48] /reload globalevents
[30/11/2018 4:44:13] /reload globalevents
[30/11/2018 4:57:6] /reload globalevents
[30/11/2018 4:57:58] /reload globalevents
[30/11/2018 4:59:52] /reload globalevents
[30/11/2018 5:2:41] /i super addon doll
[30/11/2018 5:2:47] /i super addon doll
[30/11/2018 5:17:49] /reload globalevents
[30/11/2018 5:20:28] /goto Ambeck
[30/11/2018 6:5:12] /ghost
[30/11/2018 7:31:26] /ghost
[30/11/2018 7:31:27] /ghost
[30/11/2018 7:32:2] /save
[30/11/2018 7:42:25] /reload globalevents
[30/11/2018 7:44:32] /save
[30/11/2018 7:59:33] /reload globalevents
[30/11/2018 8:0:12] /clean
[30/11/2018 8:2:32] /goto braga
[30/11/2018 8:2:38] /town 4
[30/11/2018 8:4:11] /reload globalevents
[30/11/2018 8:6:35] /reload globalevents
[30/11/2018 8:9:43] /reload globalevents
[30/11/2018 8:10:23] /save
[30/11/2018 8:16:30] /reload globalevents
[30/11/2018 8:16:33] /reload globalevents
[30/11/2018 8:18:7] /reload globalevents
[30/11/2018 8:20:56] /reload globalevents
[30/11/2018 8:21:30] /save
[30/11/2018 8:23:53] /reload globalevents
[30/11/2018 8:27:56] /reload globalevents
[30/11/2018 8:38:56] /reload globalevents
[30/11/2018 8:42:21] /save
[30/11/2018 9:14:12] /reload globalevents
[30/11/2018 9:16:26] /reload globalevents
[30/11/2018 9:18:21] /reload globalevents
[30/11/2018 9:18:50] /ghost
[30/11/2018 9:18:52] /save
[30/11/2018 9:19:10] /up
[30/11/2018 9:19:43] /reload globalevents
[30/11/2018 9:20:6] /save
[30/11/2018 9:20:42] /reload globalevents
[30/11/2018 9:24:56] /save
[30/11/2018 9:29:53] /reload globalevents
[30/11/2018 9:30:45] /reload globalevents
[30/11/2018 9:32:4] /save
[30/11/2018 9:33:30] /reload globalevents
[30/11/2018 9:42:32] /reload globalevents
[30/11/2018 9:42:52] /save
[30/11/2018 9:44:26] /reload globalevents
[30/11/2018 9:46:32] /reload globalevents
[30/11/2018 9:51:46] /reload globalevents
[30/11/2018 10:6:32] /t
[30/11/2018 10:15:59] /reload config
[30/11/2018 10:19:3] /ghost
[30/11/2018 10:19:36] /reload config
[30/11/2018 10:20:33] /town 4
[30/11/2018 10:21:9] /t
[30/11/2018 10:21:12] /reload globalevents
[30/11/2018 10:21:32] /town 4
[30/11/2018 15:53:4] /goto GM Bogo
[30/11/2018 16:29:44] /t
[30/11/2018 16:53:17] /town 4
[30/11/2018 18:5:23] /goto Snowball
[30/11/2018 18:6:10] /t
[30/11/2018 18:12:5] /up
[30/11/2018 18:12:8] /up
[30/11/2018 18:13:21] /owner gm wake
[30/11/2018 18:13:28] /i ice cube
[30/11/2018 18:13:29] /i ice cube
[30/11/2018 18:13:31] /i ice cube
[30/11/2018 18:13:31] /i ice cube
[30/11/2018 18:13:32] /i ice cube
[30/11/2018 18:13:33] /i ice cube
[30/11/2018 18:13:37] /i ice cube
[30/11/2018 18:13:38] /i ice cube
[30/11/2018 18:13:38] /i ice cube
[30/11/2018 18:13:40] /i ice cube
[30/11/2018 18:13:40] /i ice cube
[30/11/2018 18:15:25] /i ice cube
[30/11/2018 18:15:26] /i ice cube
[30/11/2018 18:15:27] /i ice cube
[30/11/2018 18:15:29] /i ice cube
[30/11/2018 18:15:30] /i ice cube
[30/11/2018 18:15:31] /i ice cube
[30/11/2018 18:15:33] /i ice cube
[30/11/2018 18:15:34] /i ice cube
[30/11/2018 18:15:35] /i ice cube
[30/11/2018 18:15:38] /i ice cube
[30/11/2018 18:15:39] /i ice cube
[30/11/2018 18:15:40] /i ice cube
[30/11/2018 18:15:41] /i ice cube
[30/11/2018 18:15:43] /i ice cube
[30/11/2018 18:15:45] /i ice cube
[30/11/2018 18:15:46] /i ice cube
[30/11/2018 18:15:47] /i ice cube
[30/11/2018 18:15:48] /i ice cube
[30/11/2018 18:15:53] /i ice cube
[30/11/2018 18:15:54] /i ice cube
[30/11/2018 18:15:55] /i ice cube
[30/11/2018 18:15:58] /i box
[30/11/2018 18:16:0] /i box
[30/11/2018 18:16:1] /i box
[30/11/2018 18:16:2] /i box
[30/11/2018 18:16:4] /i ice cube
[30/11/2018 18:16:5] /i ice cube
[30/11/2018 18:16:6] /i ice cube
[30/11/2018 18:16:7] /i ice cube
[30/11/2018 18:17:6] /i blood herb
[30/11/2018 18:18:47] /i 2128
[30/11/2018 18:18:57] /i mega staff
[30/11/2018 18:19:7] /t
[30/11/2018 18:19:39] /i staff iniciante
[30/11/2018 18:20:17] /i 2656
[30/11/2018 18:20:25] /i 2361
[30/11/2018 18:20:38] /i demon shield
[30/11/2018 18:20:39] /i demon shield
[30/11/2018 18:21:13] /i 12727
[30/11/2018 18:22:30] /i 2361
[30/11/2018 18:22:43] /i 12727
[30/11/2018 18:22:55] /i 2361
[30/11/2018 18:22:55] /i 2361
[30/11/2018 18:22:56] /i 2361
[30/11/2018 18:22:57] /i 2361
[30/11/2018 18:22:58] /i 2361
[30/11/2018 18:23:25] /i 2126
[30/11/2018 18:23:33] /i 2160
[30/11/2018 18:23:34] /i 2160
[30/11/2018 18:23:35] /i 2160
[30/11/2018 18:23:35] /i 2160
[30/11/2018 18:23:36] /i 2160
[30/11/2018 18:23:38] /i 2160
[30/11/2018 18:23:38] /i 2160
[30/11/2018 18:23:39] /i 2160
[30/11/2018 18:23:40] /i 2160
[30/11/2018 18:23:41] /i 2160
[30/11/2018 18:23:42] /i 2160
[30/11/2018 18:23:42] /i 2160
[30/11/2018 18:23:43] /i 2160
[30/11/2018 18:23:44] /i 2160
[30/11/2018 18:23:45] /i 2160
[30/11/2018 18:23:46] /i 2160
[30/11/2018 18:23:47] /i 2160
[30/11/2018 18:23:47] /i 2160
[30/11/2018 18:23:48] /i 2160
[30/11/2018 18:23:50] /i 2160
[30/11/2018 18:23:50] /i 2160
[30/11/2018 18:23:52] /i 2160
[30/11/2018 18:23:53] /i 2160
[30/11/2018 18:23:53] /i 2160
[30/11/2018 18:23:54] /i 2160
[30/11/2018 18:23:55] /i 2160
[30/11/2018 18:24:41] /i ice cube
[30/11/2018 18:24:42] /i ice cube
[30/11/2018 18:24:43] /i ice cube
[30/11/2018 18:24:44] /i ice cube
[30/11/2018 18:24:45] /i ice cube
[30/11/2018 18:24:46] /i ice cube
[30/11/2018 18:24:47] /i ice cube
[30/11/2018 18:24:48] /i ice cube
[30/11/2018 18:25:3] /i demon backpack
[30/11/2018 18:25:14] /i demon legs
[30/11/2018 18:25:22] /i demon armor
[30/11/2018 18:25:26] /i demon helmet
[30/11/2018 18:25:30] /i dragon scale mail
[30/11/2018 18:25:34] /i dragon scale legsd
[30/11/2018 18:25:35] /i dragon scale legs
[30/11/2018 18:25:39] /i dragon scale helmet
[30/11/2018 18:25:54] /i golden helmet
[30/11/2018 18:26:7] /i dragon scale boots
[30/11/2018 18:26:10] /i dragon scale boots
[30/11/2018 18:26:15] /i golden boots
[30/11/2018 18:27:14] /i blessed shield
[30/11/2018 18:27:22] /i great shield
[30/11/2018 18:27:33] /i mastermind shield
[30/11/2018 18:27:53] /i box
[30/11/2018 18:27:54] /i box
[30/11/2018 18:27:54] /i box
[30/11/2018 18:27:55] /i box
[30/11/2018 18:28:19] /i box
[30/11/2018 18:28:21] /i box
[30/11/2018 18:28:22] /i box
[30/11/2018 18:28:23] /i box
[30/11/2018 18:28:33] /i box
[30/11/2018 18:28:33] /i box
[30/11/2018 18:28:34] /i box
[30/11/2018 18:28:36] /i box
[30/11/2018 18:30:15] /i strong knight shield
[30/11/2018 18:30:22] /i strong pally shield
[30/11/2018 18:30:28] /i strong mage shield
[30/11/2018 18:30:39] /i rainbow shield
[30/11/2018 18:31:30] /t
[30/11/2018 18:31:46] /i 12644
[30/11/2018 18:32:6] /t
[30/11/2018 18:32:23] /c gm bogo
[30/11/2018 18:32:36] /c gm bogo
[30/11/2018 18:32:47] /down
[30/11/2018 18:33:2] /c gm bogo
[30/11/2018 18:33:45] /i book of bless
[30/11/2018 18:33:59] /i box
[30/11/2018 18:34:0] /i box
[30/11/2018 18:34:1] /i box
[30/11/2018 18:34:2] /i box
[30/11/2018 18:34:15] /i super addon doll
[30/11/2018 18:34:20] /i cm token
[30/11/2018 18:35:4] /i addon doll
[3/12/2018 20:4:55] /addskill GM Wake,level.11
[3/12/2018 20:5:2] /addskill GM Wake,level,11
[3/12/2018 20:7:54] /ghost
[3/12/2018 20:15:37] /i demon backpack
[3/12/2018 20:15:39] /i super sword
[3/12/2018 20:17:39] /c Sinister
[3/12/2018 20:17:40] /c Sinister
[3/12/2018 20:18:5] /goto GM Bogo
[3/12/2018 20:38:51] /t
[3/12/2018 20:38:58] /ghost
[3/12/2018 20:44:1] /goto Satanaiz
[3/12/2018 20:44:4] /ghost
[3/12/2018 20:44:21] /t
[3/12/2018 20:44:23] /c Satanaiz
[3/12/2018 20:44:31] /goto Satanaiz
[3/12/2018 20:44:42] /goto Satanaiz
[3/12/2018 20:45:7] /r
[3/12/2018 20:45:9] /r
[3/12/2018 21:0:57] /m demon
[3/12/2018 21:6:58] /i double exp potion
[4/12/2018 2:30:58] /ghost
[4/12/2018 2:31:5] /ghost
[4/12/2018 2:31:51] /b Galera, teremos uma manutenção mais tarde e nosso servidor ficará offline por mais ou menos 30 minutos.. iremos migrar para um host BR.. sendo assim, menos ping na sua gameplay.. ATT
[4/12/2018 2:38:52] /ghost
[4/12/2018 2:39:9] /goto Elitarny Knight
[4/12/2018 2:39:15] /t
[4/12/2018 2:58:23] /up
[4/12/2018 2:59:50] /t
[4/12/2018 3:0:45] /town 4
[4/12/2018 3:3:39] /t
[4/12/2018 3:3:48] /i pick
[4/12/2018 3:25:43] /down
[4/12/2018 3:27:7] /t
[4/12/2018 22:31:23] /t
[4/12/2018 23:53:2] /down
[4/12/2018 23:53:6] /up
[5/12/2018 2:29:26] /b Galera, irei reiniciar o servidor para manutenção, voltamos em breve, lembre-se de fechar e abrir o cliente novamente para conectar-se... Fique de olho no nosso SITE
[5/12/2018 2:29:27] /b Galera, irei reiniciar o servidor para manutenção, voltamos em breve, lembre-se de fechar e abrir o cliente novamente para conectar-se... Fique de olho no nosso SITE
[5/12/2018 2:29:28] /b Galera, irei reiniciar o servidor para manutenção, voltamos em breve, lembre-se de fechar e abrir o cliente novamente para conectar-se... Fique de olho no nosso SITE
[5/12/2018 2:29:29] /b Galera, irei reiniciar o servidor para manutenção, voltamos em breve, lembre-se de fechar e abrir o cliente novamente para conectar-se... Fique de olho no nosso SITE
[5/12/2018 2:29:29] /b Galera, irei reiniciar o servidor para manutenção, voltamos em breve, lembre-se de fechar e abrir o cliente novamente para conectar-se... Fique de olho no nosso SITE
[5/12/2018 2:29:30] /b Galera, irei reiniciar o servidor para manutenção, voltamos em breve, lembre-se de fechar e abrir o cliente novamente para conectar-se... Fique de olho no nosso SITE
[5/12/2018 2:29:30] /b Galera, irei reiniciar o servidor para manutenção, voltamos em breve, lembre-se de fechar e abrir o cliente novamente para conectar-se... Fique de olho no nosso SITE
[5/12/2018 2:29:31] /b Galera, irei reiniciar o servidor para manutenção, voltamos em breve, lembre-se de fechar e abrir o cliente novamente para conectar-se... Fique de olho no nosso SITE
[5/12/2018 2:29:32] /t
[5/12/2018 2:29:44] /t
[5/12/2018 2:29:46] /b Galera, irei reiniciar o servidor para manutenção, voltamos em breve, lembre-se de fechar e abrir o cliente novamente para conectar-se... Fique de olho no nosso SITE
[5/12/2018 2:29:46] /b Galera, irei reiniciar o servidor para manutenção, voltamos em breve, lembre-se de fechar e abrir o cliente novamente para conectar-se... Fique de olho no nosso SITE
[5/12/2018 2:29:47] /b Galera, irei reiniciar o servidor para manutenção, voltamos em breve, lembre-se de fechar e abrir o cliente novamente para conectar-se... Fique de olho no nosso SITE
[5/12/2018 2:29:59] /alltemple
[5/12/2018 2:30:4] /alltemple
[5/12/2018 2:30:6] /alltemple
[5/12/2018 2:30:6] /alltemple
[5/12/2018 2:30:7] /alltemple
[5/12/2018 2:30:7] /alltemple
[5/12/2018 2:30:8] /alltemple
[5/12/2018 2:30:19] /b Galera, irei reiniciar o servidor para manutenção, voltamos em breve, lembre-se de fechar e abrir o cliente novamente para conectar-se... Fique de olho no nosso SITE
[5/12/2018 2:30:20] /b Galera, irei reiniciar o servidor para manutenção, voltamos em breve, lembre-se de fechar e abrir o cliente novamente para conectar-se... Fique de olho no nosso SITE
[5/12/2018 2:30:20] /b Galera, irei reiniciar o servidor para manutenção, voltamos em breve, lembre-se de fechar e abrir o cliente novamente para conectar-se... Fique de olho no nosso SITE
[5/12/2018 2:30:21] /b Galera, irei reiniciar o servidor para manutenção, voltamos em breve, lembre-se de fechar e abrir o cliente novamente para conectar-se... Fique de olho no nosso SITE
[5/12/2018 2:30:21] /b Galera, irei reiniciar o servidor para manutenção, voltamos em breve, lembre-se de fechar e abrir o cliente novamente para conectar-se... Fique de olho no nosso SITE
[5/12/2018 2:30:22] /b Galera, irei reiniciar o servidor para manutenção, voltamos em breve, lembre-se de fechar e abrir o cliente novamente para conectar-se... Fique de olho no nosso SITE
[5/12/2018 2:30:23] /b Galera, irei reiniciar o servidor para manutenção, voltamos em breve, lembre-se de fechar e abrir o cliente novamente para conectar-se... Fique de olho no nosso SITE
[5/12/2018 2:30:24] /b Galera, irei reiniciar o servidor para manutenção, voltamos em breve, lembre-se de fechar e abrir o cliente novamente para conectar-se... Fique de olho no nosso SITE
[5/12/2018 2:30:24] /b Galera, irei reiniciar o servidor para manutenção, voltamos em breve, lembre-se de fechar e abrir o cliente novamente para conectar-se... Fique de olho no nosso SITE
[5/12/2018 2:30:25] /b Galera, irei reiniciar o servidor para manutenção, voltamos em breve, lembre-se de fechar e abrir o cliente novamente para conectar-se... Fique de olho no nosso SITE
[5/12/2018 2:30:26] /b Galera, irei reiniciar o servidor para manutenção, voltamos em breve, lembre-se de fechar e abrir o cliente novamente para conectar-se... Fique de olho no nosso SITE
[5/12/2018 2:30:37] /closeserver
[5/12/2018 2:30:40] /save
[5/12/2018 3:45:1] /openserver
[7/12/2018 6:0:16] /closeserver
[7/12/2018 11:57:40] /i bag
[9/12/2018 23:27:53] /x
[9/12/2018 23:27:55] /x 55
[9/12/2018 23:27:56] /x 56
[9/12/2018 23:27:57] /x 57
[9/12/2018 23:27:58] /x 58
[9/12/2018 23:27:59] /x 59
[9/12/2018 23:28:0] /x 50
[9/12/2018 23:28:1] /x 60
[9/12/2018 23:28:3] /x 61
[9/12/2018 23:28:4] /x 62
[9/12/2018 23:28:5] /x 63
[9/12/2018 23:28:5] /x 63
[9/12/2018 23:28:7] /x 64
[9/12/2018 23:28:8] /x 65
[9/12/2018 23:28:9] /x 66
[9/12/2018 23:28:10] /x 67
[9/12/2018 23:28:11] /x 68
[9/12/2018 23:28:11] /x 69
[9/12/2018 23:28:12] /x 69
[9/12/2018 23:28:15] /x 70
[9/12/2018 23:28:17] /x 40
[9/12/2018 23:28:18] /x 41
[9/12/2018 23:28:19] /x 42
[9/12/2018 23:28:20] /x 43
[9/12/2018 23:28:21] /x 43
[9/12/2018 23:28:22] /x 4
[9/12/2018 23:28:23] /x 44
[9/12/2018 23:28:24] /x 4
[9/12/2018 23:28:25] /x 45
[9/12/2018 23:28:26] /x 46
[9/12/2018 23:28:27] /x 47
[9/12/2018 23:28:28] /x 48
[9/12/2018 23:28:29] /x 49
[9/12/2018 23:28:31] /x 30
[9/12/2018 23:28:32] /x 31
[9/12/2018 23:28:33] /x 32
[9/12/2018 23:28:34] /x 33
[9/12/2018 23:28:51] /x 3
[9/12/2018 23:28:56] /x 33
[9/12/2018 23:28:57] /x 4
[9/12/2018 23:28:59] /x 5
[9/12/2018 23:29:0] /x 6
[9/12/2018 23:29:2] /x 7
[9/12/2018 23:29:2] /x 6
[9/12/2018 23:29:3] /x 6
[9/12/2018 23:29:5] /x 6
[19/12/2018 18:42:47] /ghost
[20/12/2018 1:53:59] /i 12698
[20/12/2018 1:54:19] /i 12698
[20/12/2018 1:56:45] /i fire field rune
[20/12/2018 1:56:50] /i fire bomb rune
[20/12/2018 1:56:56] /i firebomb rune
[20/12/2018 1:57:2] /i energy wall rune
[20/12/2018 1:57:9] /i magic wall rune
[20/12/2018 2:1:7] /goto gm bogo
[20/12/2018 2:1:11] /t
[20/12/2018 2:4:47] /t
[20/12/2018 2:53:7] /goto Danyel
[20/12/2018 2:54:26] /goto Danyel
[20/12/2018 3:11:10] /goto gm bogo
[20/12/2018 3:11:56] /goto gm bogo
[20/12/2018 3:12:7] /t
[20/12/2018 3:50:6] /up
[20/12/2018 3:50:8] /up
[20/12/2018 4:1:9] /up
[20/12/2018 4:1:11] /up
[20/12/2018 4:1:51] /up 2
[20/12/2018 4:2:9] /t
[20/12/2018 4:3:7] /c gm bogo
[20/12/2018 4:3:10] /c gm bogo
[20/12/2018 4:21:23] /goto gm bogo
[20/12/2018 4:23:32] /i 2195
[20/12/2018 4:31:31] /t
[20/12/2018 4:41:43] /t
[20/12/2018 4:45:49] /b como solta bomba?
[20/12/2018 4:48:59] /c gm bogo
[20/12/2018 4:49:10] /clean
[20/12/2018 4:52:46] /i fire field
[20/12/2018 4:53:10] /i 1488
[20/12/2018 4:53:27] /r
[20/12/2018 4:54:50] /i poison
[20/12/2018 4:54:54] /i poison field
[20/12/2018 4:55:11] /t
[20/12/2018 4:55:27] /i 2360
[20/12/2018 4:55:32] /goto gm bogo
[20/12/2018 14:20:24] /addskill GM Wake,level,300
[20/12/2018 23:9:7] /t
[20/12/2018 23:9:38] /b WIKI BIKI INIVIR Í NISSI LIMA
[22/12/2018 13:54:39] /goto gm bogo
[22/12/2018 13:55:35] /goto 535,79,6
[22/12/2018 14:1:54] /goto 525,82,7
[22/12/2018 14:2:55] /goto 550,81,6
[22/12/2018 14:7:39] /goto 461,83,7
[22/12/2018 14:11:22] /save
[22/12/2018 14:12:2] /closeserver
[24/12/2018 0:8:3] /goto gm bogo
[24/12/2018 0:9:8] /t
[24/12/2018 0:10:39] /i letter
[24/12/2018 0:12:12] /i letter
[24/12/2018 0:12:13] /i letter
[24/12/2018 0:12:13] /i letter
[24/12/2018 0:12:13] /i letter
[24/12/2018 0:12:13] /i letter
[24/12/2018 0:12:13] /i letter
[24/12/2018 0:12:13] /i letter
[24/12/2018 0:12:13] /i letter
[24/12/2018 0:12:13] /i letter
[24/12/2018 0:12:13] /i letter
[24/12/2018 0:12:13] /i letter
[24/12/2018 0:12:13] /i letter
[24/12/2018 0:12:13] /i letter
[24/12/2018 0:12:13] /i letter
[24/12/2018 0:12:13] /i letter
[24/12/2018 0:12:13] /i letter
[24/12/2018 0:12:13] /i letter
[24/12/2018 0:12:13] /i letter
[24/12/2018 0:12:13] /i letter
[24/12/2018 0:12:13] /i letter
[24/12/2018 0:12:14] /i letter
[24/12/2018 0:12:14] /i letter
[24/12/2018 0:12:14] /i letter
[24/12/2018 0:12:14] /i letter
[24/12/2018 0:12:14] /i letter
[24/12/2018 0:12:14] /i letter
[24/12/2018 0:12:14] /i letter
[24/12/2018 0:12:14] /i letter
[24/12/2018 0:12:14] /i letter
[24/12/2018 0:12:14] /i letter
[24/12/2018 0:12:14] /i letter
[24/12/2018 0:12:14] /i letter
[24/12/2018 0:12:14] /i letter
[24/12/2018 0:12:14] /i letter
[24/12/2018 0:12:14] /i letter
[24/12/2018 0:12:14] /i letter
[24/12/2018 0:12:14] /i letter
[24/12/2018 0:12:14] /i letter
[24/12/2018 0:12:14] /i letter
[24/12/2018 0:12:14] /i letter
[24/12/2018 0:12:14] /i letter
[24/12/2018 0:12:14] /i letter
[24/12/2018 0:12:14] /i letter
[24/12/2018 0:12:14] /i letter
[24/12/2018 0:12:14] /i letter
[24/12/2018 0:12:14] /i letter
[24/12/2018 0:12:14] /i letter
[24/12/2018 0:12:14] /i letter
[24/12/2018 0:12:14] /i letter
[24/12/2018 0:12:14] /i letter
[24/12/2018 0:12:14] /i letter
[24/12/2018 0:12:14] /i letter
[24/12/2018 0:12:14] /i letter
[24/12/2018 0:12:14] /i letter
[24/12/2018 0:12:14] /i letter
[24/12/2018 0:12:14] /i letter
[24/12/2018 0:12:14] /i letter
[24/12/2018 0:12:14] /i letter
[24/12/2018 0:12:14] /i letter
[24/12/2018 0:12:14] /i letter
[24/12/2018 0:12:15] /i letter
[24/12/2018 0:12:15] /i letter
[24/12/2018 0:12:15] /i letter
[24/12/2018 0:12:15] /i letter
[24/12/2018 0:12:15] /i letter
[24/12/2018 0:12:15] /i letter
[24/12/2018 0:12:15] /i letter
[24/12/2018 0:12:15] /i letter
[24/12/2018 0:12:15] /i letter
[24/12/2018 0:12:15] /i letter
[24/12/2018 0:12:15] /i letter
[24/12/2018 0:12:15] /i letter
[24/12/2018 0:12:15] /i letter
[24/12/2018 0:12:15] /i letter
[24/12/2018 0:12:15] /i letter
[24/12/2018 0:12:15] /i letter
[24/12/2018 0:12:15] /i letter
[24/12/2018 0:12:15] /i letter
[24/12/2018 0:12:15] /i letter
[24/12/2018 0:12:15] /i letter
[24/12/2018 0:12:15] /i letter
[24/12/2018 0:12:15] /i letter
[24/12/2018 0:12:15] /i letter
[24/12/2018 0:12:15] /i letter
[24/12/2018 0:12:15] /i letter
[24/12/2018 0:12:15] /i letter
[24/12/2018 0:12:15] /i letter
[24/12/2018 0:12:15] /i letter
[24/12/2018 0:12:15] /i letter
[24/12/2018 0:12:15] /i letter
[24/12/2018 0:12:15] /i letter
[24/12/2018 0:12:16] /i letter
[24/12/2018 0:12:16] /i letter
[24/12/2018 0:12:16] /i letter
[24/12/2018 0:12:16] /i letter
[24/12/2018 0:12:16] /i letter
[24/12/2018 0:12:16] /i letter
[24/12/2018 0:12:16] /i letter
[24/12/2018 0:12:16] /i letter
[24/12/2018 0:12:16] /i letter
[24/12/2018 0:12:16] /i letter
[24/12/2018 0:12:16] /i letter
[24/12/2018 0:12:16] /i letter
[24/12/2018 0:12:16] /i letter
[24/12/2018 0:12:16] /i letter
[24/12/2018 0:12:16] /i letter
[24/12/2018 0:12:16] /i letter
[24/12/2018 0:12:16] /i letter
[24/12/2018 0:12:16] /i letter
[24/12/2018 0:12:16] /i letter
[24/12/2018 0:12:16] /i letter
[24/12/2018 0:12:16] /i letter
[24/12/2018 0:12:16] /i letter
[24/12/2018 0:12:16] /i letter
[24/12/2018 0:12:16] /i letter
[24/12/2018 0:12:16] /i letter
[24/12/2018 0:12:16] /i letter
[24/12/2018 0:12:16] /i letter
[24/12/2018 0:12:16] /i letter
[24/12/2018 0:12:16] /i letter
[24/12/2018 0:12:17] /i letter
[24/12/2018 0:12:17] /i letter
[24/12/2018 0:12:17] /i letter
[24/12/2018 0:12:17] /i letter
[24/12/2018 0:12:17] /i letter
[24/12/2018 0:12:17] /i letter
[24/12/2018 0:12:17] /i letter
[24/12/2018 0:12:17] /i letter
[24/12/2018 0:12:17] /i letter
[24/12/2018 0:12:17] /i letter
[24/12/2018 0:12:17] /i letter
[24/12/2018 0:12:17] /i letter
[24/12/2018 0:12:17] /i letter
[24/12/2018 0:12:17] /i letter
[24/12/2018 0:12:17] /i letter
[24/12/2018 0:12:17] /i letter
[24/12/2018 0:12:17] /i letter
[24/12/2018 0:12:17] /i letter
[24/12/2018 0:12:17] /i letter
[24/12/2018 0:12:17] /i letter
[24/12/2018 0:12:17] /i letter
[24/12/2018 0:12:18] /i letter
[24/12/2018 0:12:18] /i letter
[24/12/2018 0:12:18] /i letter
[24/12/2018 0:12:18] /i letter
[24/12/2018 0:12:18] /i letter
[24/12/2018 0:12:18] /i letter
[24/12/2018 0:12:18] /i letter
[24/12/2018 0:12:18] /i letter
[24/12/2018 0:12:18] /i letter
[24/12/2018 0:12:18] /i letter
[24/12/2018 0:12:18] /i letter
[24/12/2018 0:12:18] /i letter
[24/12/2018 0:12:18] /i letter
[24/12/2018 0:12:18] /i letter
[24/12/2018 0:12:18] /i letter
[24/12/2018 0:12:18] /i letter
[24/12/2018 0:12:18] /i letter
[24/12/2018 0:12:18] /i letter
[24/12/2018 0:12:18] /i letter
[24/12/2018 0:12:18] /i letter
[24/12/2018 0:12:18] /i letter
[24/12/2018 0:12:18] /i letter
[24/12/2018 0:12:18] /i letter
[24/12/2018 0:12:18] /i letter
[24/12/2018 0:12:18] /i letter
[24/12/2018 0:12:18] /i letter
[24/12/2018 0:12:18] /i letter
[24/12/2018 0:12:18] /i letter
[24/12/2018 0:12:18] /i letter
[24/12/2018 0:12:18] /i letter
[24/12/2018 0:12:18] /i letter
[24/12/2018 0:12:18] /i letter
[24/12/2018 0:12:18] /i letter
[24/12/2018 0:12:18] /i letter
[24/12/2018 0:12:18] /i letter
[24/12/2018 0:12:18] /i letter
[24/12/2018 0:12:18] /i letter
[24/12/2018 0:12:18] /i letter
[24/12/2018 0:12:58] /clean
[24/12/2018 0:13:1] /i letter
[24/12/2018 0:13:2] /i letter
[24/12/2018 0:13:2] /i letter
[24/12/2018 0:13:2] /i letter
[24/12/2018 0:13:2] /i letter
[24/12/2018 0:13:2] /i letter
[24/12/2018 0:13:2] /i letter
[24/12/2018 0:13:2] /i letter
[24/12/2018 0:13:2] /i letter
[24/12/2018 0:13:2] /i letter
[24/12/2018 0:13:2] /i letter
[24/12/2018 0:13:2] /i letter
[24/12/2018 0:13:2] /i letter
[24/12/2018 0:13:2] /i letter
[24/12/2018 0:13:2] /i letter
[24/12/2018 0:13:2] /i letter
[24/12/2018 0:13:2] /i letter
[24/12/2018 0:13:2] /i letter
[24/12/2018 0:13:2] /i letter
[24/12/2018 0:13:2] /i letter
[24/12/2018 0:13:2] /i letter
[24/12/2018 0:13:2] /i letter
[24/12/2018 0:13:2] /i letter
[24/12/2018 0:13:2] /i letter
[24/12/2018 0:13:2] /i letter
[24/12/2018 0:13:2] /i letter
[24/12/2018 0:13:2] /i letter
[24/12/2018 0:13:2] /i letter
[24/12/2018 0:13:2] /i letter
[24/12/2018 0:13:2] /i letter
[24/12/2018 0:13:2] /i letter
[24/12/2018 0:13:2] /i letter
[24/12/2018 0:13:2] /i letter
[24/12/2018 0:13:2] /i letter
[24/12/2018 0:13:2] /i letter
[24/12/2018 0:13:3] /i letter
[24/12/2018 0:13:3] /i letter
[24/12/2018 0:13:3] /i letter
[24/12/2018 0:13:3] /i letter
[24/12/2018 0:13:3] /i letter
[24/12/2018 0:13:3] /i letter
[24/12/2018 0:13:3] /i letter
[24/12/2018 0:13:3] /i letter
[24/12/2018 0:13:3] /i letter
[24/12/2018 0:13:3] /i letter
[24/12/2018 0:13:3] /i letter
[24/12/2018 0:13:3] /i letter
[24/12/2018 0:13:3] /i letter
[24/12/2018 0:13:3] /i letter
[24/12/2018 0:13:3] /i letter
[24/12/2018 0:13:3] /i letter
[24/12/2018 0:13:3] /i letter
[24/12/2018 0:13:3] /i letter
[24/12/2018 0:13:3] /i letter
[24/12/2018 0:13:3] /i letter
[24/12/2018 0:13:3] /i letter
[24/12/2018 0:13:3] /i letter
[24/12/2018 0:13:3] /i letter
[24/12/2018 0:13:3] /i letter
[24/12/2018 0:13:3] /i letter
[24/12/2018 0:13:3] /i letter
[24/12/2018 0:13:3] /i letter
[24/12/2018 0:13:3] /i letter
[24/12/2018 0:13:3] /i letter
[24/12/2018 0:13:3] /i letter
[24/12/2018 0:13:3] /i letter
[24/12/2018 0:13:3] /i letter
[24/12/2018 0:13:3] /i letter
[24/12/2018 0:13:3] /i letter
[24/12/2018 0:13:3] /i letter
[24/12/2018 0:13:3] /i letter
[24/12/2018 0:13:3] /i letter
[24/12/2018 0:13:3] /i letter
[24/12/2018 0:13:4] /i letter
[24/12/2018 0:13:4] /i letter
[24/12/2018 0:13:14] /clean
[24/12/2018 0:13:15] /i letter
[24/12/2018 0:13:16] /i letter
[24/12/2018 0:13:16] /i letter
[24/12/2018 0:13:16] /i letter
[24/12/2018 0:13:16] /i letter
[24/12/2018 0:13:16] /i letter
[24/12/2018 0:13:16] /i letter
[24/12/2018 0:13:16] /i letter
[24/12/2018 0:13:16] /i letter
[24/12/2018 0:13:16] /i letter
[24/12/2018 0:13:16] /i letter
[24/12/2018 0:13:16] /i letter
[24/12/2018 0:13:16] /i letter
[24/12/2018 0:13:16] /i letter
[24/12/2018 0:13:16] /i letter
[24/12/2018 0:13:16] /i letter
[24/12/2018 0:13:16] /i letter
[24/12/2018 0:13:16] /i letter
[24/12/2018 0:13:16] /i letter
[24/12/2018 0:13:16] /i letter
[24/12/2018 0:13:16] /i letter
[24/12/2018 0:13:16] /i letter
[24/12/2018 0:13:16] /i letter
[24/12/2018 0:13:16] /i letter
[24/12/2018 0:13:16] /i letter
[24/12/2018 0:13:16] /i letter
[24/12/2018 0:13:16] /i letter
[24/12/2018 0:13:16] /i letter
[24/12/2018 0:13:16] /i letter
[24/12/2018 0:13:16] /i letter
[24/12/2018 0:13:16] /i letter
[24/12/2018 0:13:16] /i letter
[24/12/2018 0:13:16] /i letter
[24/12/2018 0:13:16] /i letter
[24/12/2018 0:13:17] /i letter
[24/12/2018 0:13:17] /i letter
[24/12/2018 0:13:17] /i letter
[24/12/2018 0:13:17] /i letter
[24/12/2018 0:13:17] /i letter
[24/12/2018 0:13:17] /i letter
[24/12/2018 0:13:17] /i letter
[24/12/2018 0:13:17] /i letter
[24/12/2018 0:13:17] /i letter
[24/12/2018 0:13:17] /i letter
[24/12/2018 0:13:17] /i letter
[24/12/2018 0:13:17] /i letter
[24/12/2018 0:13:17] /i letter
[24/12/2018 0:13:17] /i letter
[24/12/2018 0:13:17] /i letter
[24/12/2018 0:13:17] /i letter
[24/12/2018 0:13:17] /i letter
[24/12/2018 0:13:17] /i letter
[24/12/2018 0:13:17] /i letter
[24/12/2018 0:13:17] /i letter
[24/12/2018 0:13:17] /i letter
[24/12/2018 0:13:17] /i letter
[24/12/2018 0:13:17] /i letter
[24/12/2018 0:13:17] /i letter
[24/12/2018 0:13:17] /i letter
[24/12/2018 0:13:17] /i letter
[24/12/2018 0:13:17] /i letter
[24/12/2018 0:13:17] /i letter
[24/12/2018 0:13:17] /i letter
[24/12/2018 0:13:17] /i letter
[24/12/2018 0:13:17] /i letter
[24/12/2018 0:13:17] /i letter
[24/12/2018 0:13:17] /i letter
[24/12/2018 0:13:17] /i letter
[24/12/2018 0:13:17] /i letter
[24/12/2018 0:13:17] /i letter
[24/12/2018 0:13:18] /i letter
[24/12/2018 0:13:18] /i letter
[24/12/2018 0:13:18] /i letter
[24/12/2018 0:13:18] /i letter
[24/12/2018 0:13:18] /i letter
[24/12/2018 0:13:18] /i letter
[24/12/2018 0:13:18] /i letter
[24/12/2018 0:13:18] /i letter
[24/12/2018 0:13:18] /i letter
[24/12/2018 0:13:18] /i letter
[24/12/2018 0:13:18] /i letter
[24/12/2018 0:13:18] /i letter
[24/12/2018 0:13:18] /i letter
[24/12/2018 0:13:18] /i letter
[24/12/2018 0:13:18] /i letter
[24/12/2018 0:13:18] /i letter
[24/12/2018 0:13:18] /i letter
[24/12/2018 0:13:18] /i letter
[24/12/2018 0:13:18] /i letter
[24/12/2018 0:13:18] /i letter
[24/12/2018 0:13:18] /i letter
[24/12/2018 0:13:18] /i letter
[24/12/2018 0:13:18] /i letter
[24/12/2018 0:13:18] /i letter
[24/12/2018 0:13:18] /i letter
[24/12/2018 0:13:18] /i letter
[24/12/2018 0:13:18] /i letter
[24/12/2018 0:13:18] /i letter
[24/12/2018 0:13:18] /i letter
[24/12/2018 0:13:18] /i letter
[24/12/2018 0:13:18] /i letter
[24/12/2018 0:13:18] /i letter
[24/12/2018 0:13:18] /i letter
[24/12/2018 0:13:18] /i letter
[24/12/2018 0:13:18] /i letter
[24/12/2018 0:13:18] /i letter
[24/12/2018 0:13:18] /i letter
[24/12/2018 0:13:18] /i letter
[24/12/2018 0:13:18] /i letter
[24/12/2018 0:13:18] /i letter
[24/12/2018 0:13:18] /i letter
[24/12/2018 0:13:18] /i letter
[24/12/2018 0:13:18] /i letter
[24/12/2018 0:13:37] /clean
[24/12/2018 0:16:12] /t
[24/12/2018 2:13:1] /openserver
[24/12/2018 2:14:13] /save
[26/12/2018 19:17:45] /t
[28/12/2018 3:37:0] /r
[28/12/2018 3:37:25] /i backpack
[28/12/2018 3:37:29] /i promotion key
[28/12/2018 3:37:36] /i promotion key
[28/12/2018 4:3:31] /save
[28/12/2018 4:48:33] /c gm bogo
[28/12/2018 4:48:37] /r
[28/12/2018 4:48:48] /i 11932
[28/12/2018 4:48:49] /i 11932
[28/12/2018 4:48:54] /r
[28/12/2018 4:48:56] /r
[28/12/2018 4:48:58] /r
[10/1/2019 23:4:34] /t
[10/1/2019 23:6:10] /down
[10/1/2019 23:6:14] /up
[10/1/2019 23:6:18] /i premium hand
[10/1/2019 23:6:27] /down
[10/1/2019 23:6:30] /up
[10/1/2019 23:7:17] /t
