[22/2/2018 17:10:0] /goto gm bogo
[22/2/2018 17:10:8] /newtype 300
[22/2/2018 17:10:17] /c daniel
[22/2/2018 17:10:22] /goto gm bogo
[22/2/2018 17:10:32] /goto gm bogo
[22/2/2018 17:10:34] /c pitaco
[22/2/2018 17:11:3] /c pitaco
[22/2/2018 17:11:10] /newtype 200
[22/2/2018 17:13:7] /newtype 302
[22/2/2018 17:13:27] /goto pitaco
[22/2/2018 17:13:36] /goto pitaco
[22/2/2018 17:13:42] /goto pitaco
[22/2/2018 17:14:46] /t
[22/2/2018 17:14:48] /goto pitaco
[22/2/2018 17:15:20] /reward
[22/2/2018 17:15:30] /c pitaco
[22/2/2018 17:15:34] /c pitaco
[22/2/2018 17:15:36] /c pitaco
[22/2/2018 17:15:37] /c pitaco
[22/2/2018 17:15:39] /goto gm bogo
[22/2/2018 17:15:49] /newtype 
[22/2/2018 17:15:50] /newtype 1
[22/2/2018 17:16:21] /newtype 2
[22/2/2018 17:16:24] /newtype 3
[22/2/2018 17:16:46] /newtype 4
[22/2/2018 17:16:47] /newtype 5
[22/2/2018 17:16:48] /newtype 6
[22/2/2018 17:16:49] /newtype 7
[22/2/2018 17:16:51] /newtype 10
[22/2/2018 17:18:2] /i 2263
[22/2/2018 17:18:40] /i spike sword
[22/2/2018 17:18:46] /attr set attack 9999999
[22/2/2018 17:19:4] /m lord evil
[22/2/2018 17:19:12] /s lord evil
[22/2/2018 17:19:16] /m demon
[22/2/2018 17:19:20] /m demon
[22/2/2018 17:19:26] /s demon
[22/2/2018 17:19:30] /goto pitaco
[22/2/2018 17:19:48] /newtype 300
[22/2/2018 17:19:49] /newtype 301
[22/2/2018 17:19:50] /newtype 303
[22/2/2018 17:19:51] /newtype 304
[22/2/2018 17:19:52] /newtype 305
[22/2/2018 17:19:53] /newtype 306
[22/2/2018 17:19:54] /newtype 307
[22/2/2018 17:19:56] /newtype 308
[22/2/2018 17:20:7] /m lord evil
[22/2/2018 17:20:15] /c lord evil
[22/2/2018 17:20:57] /goto gm bogo
[22/2/2018 17:20:58] /goto gm bogo
[22/2/2018 17:21:0] /c pitaco
[22/2/2018 17:21:1] /goto gm bogo
[22/2/2018 17:21:3] /goto gm bogo
[22/2/2018 17:21:4] /c pitaco
[22/2/2018 17:21:5] /goto gm bogo
[22/2/2018 17:21:7] /goto gm bogo
[22/2/2018 17:21:8] /goto gm bogo
[22/2/2018 17:21:9] /goto gm bogo
[22/2/2018 17:21:10] /goto gm bogo
[22/2/2018 17:21:11] /goto gm bogo
[22/2/2018 17:21:12] /goto gm bogo
[22/2/2018 17:21:13] /goto gm bogo
[22/2/2018 17:21:14] /goto gm bogo
[22/2/2018 17:21:15] /goto gm bogo
[22/2/2018 17:21:15] /goto gm bogo
[22/2/2018 17:21:16] /goto gm bogo
[22/2/2018 17:21:17] /goto gm bogo
[22/2/2018 17:21:18] /goto gm bogo
[22/2/2018 17:21:19] /goto gm bogo
[22/2/2018 17:21:20] /goto gm bogo
[22/2/2018 17:21:20] /goto gm bogo
[22/2/2018 17:21:21] /goto gm bogo
[22/2/2018 17:21:22] /goto gm bogo
[22/2/2018 17:21:23] /goto gm bogo
[22/2/2018 17:21:24] /goto gm bogo
[22/2/2018 17:21:25] /goto gm bogo
[22/2/2018 17:21:25] /goto gm bogo
[22/2/2018 17:21:27] /goto gm bogo
[22/2/2018 17:21:28] /goto gm bogo
[22/2/2018 17:21:29] /goto gm bogo
[22/2/2018 17:21:30] /goto gm bogo
[22/2/2018 17:21:32] /goto gm bogo
[22/2/2018 17:21:44] /goto gm bogo
[22/2/2018 17:21:46] /goto gm bogo
[22/2/2018 17:21:49] /goto gm bogo
[22/2/2018 17:22:29] /goto gm bogo
[22/2/2018 17:22:32] /goto gm bogo
[22/2/2018 17:22:45] /c pitaco
[22/2/2018 17:23:16] /newtype 320
[22/2/2018 17:23:55] /goto gm bogo
[22/2/2018 17:24:26] /m lord evil
[22/2/2018 17:24:28] /m lord evil
[22/2/2018 17:24:29] /m lord evil
[22/2/2018 17:25:29] /m lord evil
[22/2/2018 17:25:36] /s lord evil
[22/2/2018 17:25:54] /m cryxalis
[22/2/2018 17:26:5] /m chicken
[22/2/2018 17:26:23] /m chicken
[22/2/2018 17:26:23] /m chicken
[22/2/2018 17:26:24] /m chicken
[22/2/2018 17:26:24] /m chicken
[22/2/2018 17:26:25] /m chicken
[22/2/2018 17:26:26] /m chicken
