[14/6/2019 14:55:8] /t
[14/6/2019 14:55:37] /down
[14/6/2019 14:55:40] /up
[14/6/2019 14:57:29] /t
[14/6/2019 15:26:22] /i
[14/6/2019 15:26:26] /i 2160, 100
[14/6/2019 15:26:30] /i 2160, 100
[14/6/2019 15:26:31] /i 2160, 100
[14/6/2019 15:26:32] /i 2160, 100
[14/6/2019 15:26:32] /i 2160, 100
[14/6/2019 15:26:33] /i 2160, 100
[14/6/2019 15:26:42] /t
[14/6/2019 15:27:2] /i 2160, 100
[14/6/2019 15:27:2] /i 2160, 100
[14/6/2019 15:27:2] /i 2160, 100
[14/6/2019 15:27:3] /i 2160, 100
[14/6/2019 15:27:3] /i 2160, 100
[14/6/2019 15:27:12] /i 2160, 100
[14/6/2019 15:27:12] /i 2160, 100
[14/6/2019 15:27:13] /i 2160, 100
[14/6/2019 15:27:14] /i 2160, 100
[14/6/2019 15:27:15] /i 2160, 100
[14/6/2019 15:27:23] /i 2160, 100
[14/6/2019 15:27:24] /i 2160, 100
[14/6/2019 15:27:25] /i 2160, 100
[14/6/2019 15:27:26] /i 2160, 100
[14/6/2019 15:27:31] /i 2160, 100
[14/6/2019 15:27:32] /i 2160, 100
[14/6/2019 15:27:33] /i 2160, 100
[14/6/2019 15:27:34] /i 2160, 100
[14/6/2019 15:27:34] /i 2160, 100
[14/6/2019 15:27:39] /i 2160, 100
[14/6/2019 15:27:39] /i 2160, 100
[14/6/2019 15:27:40] /i 2160, 100
[14/6/2019 15:27:41] /i 2160, 100
[14/6/2019 15:27:41] /i 2160, 100
[14/6/2019 15:27:53] /i 2160, 100
[14/6/2019 15:27:54] /i 2160, 100
[14/6/2019 15:27:54] /i 2160, 100
[14/6/2019 15:27:54] /i 2160, 100
[14/6/2019 15:27:54] /i 2160, 100
[14/6/2019 15:27:54] /i 2160, 100
[14/6/2019 15:27:54] /i 2160, 100
[14/6/2019 15:27:54] /i 2160, 100
[14/6/2019 15:27:56] /i 2160, 100
[14/6/2019 15:27:57] /i 2160, 100
[14/6/2019 15:27:57] /i 2160, 100
[14/6/2019 15:27:57] /i 2160, 100
[14/6/2019 15:27:57] /i 2160, 100
[14/6/2019 15:28:9] /i 2160, 100
[14/6/2019 15:28:9] /i 2160, 100
[14/6/2019 15:28:9] /i 2160, 100
[14/6/2019 15:28:13] /i 2160, 100
[14/6/2019 15:28:14] /i 2160, 100
[14/6/2019 15:28:14] /i 2160, 100
[14/6/2019 15:28:14] /i 2160, 100
[14/6/2019 15:28:14] /i 2160, 100
[14/6/2019 15:28:14] /i 2160, 100
[14/6/2019 15:28:15] /i 2160, 100
[14/6/2019 15:28:19] /i 2160, 100
[14/6/2019 15:28:19] /i 2160, 100
[14/6/2019 15:28:19] /i 2160, 100
[14/6/2019 15:28:19] /i 2160, 100
[14/6/2019 15:28:26] /i 2160, 100
[14/6/2019 15:28:26] /i 2160, 100
[14/6/2019 15:28:27] /i 2160, 100
[14/6/2019 15:28:27] /i 2160, 100
[14/6/2019 15:28:31] /i 2160, 100
[14/6/2019 15:28:31] /i 2160, 100
[14/6/2019 15:28:31] /i 2160, 100
[14/6/2019 15:28:32] /i 2160, 100
[14/6/2019 15:28:32] /i 2160, 100
[14/6/2019 15:28:32] /i 2160, 100
[14/6/2019 15:28:32] /i 2160, 100
[14/6/2019 15:28:32] /i 2160, 100
[14/6/2019 15:28:34] /i 2160, 100
[14/6/2019 15:28:38] /i 2160, 100
[14/6/2019 15:28:38] /i 2160, 100
[14/6/2019 15:28:39] /i 2160, 100
[14/6/2019 15:28:39] /i 2160, 100
[14/6/2019 15:28:46] /i 2160, 100
[14/6/2019 15:28:47] /i 2160, 100
[14/6/2019 15:28:47] /i 2160, 100
[14/6/2019 15:28:47] /i 2160, 100
[14/6/2019 15:28:47] /i 2160, 100
[14/6/2019 15:28:51] /i 2160, 100
[14/6/2019 15:28:51] /i 2160, 100
[14/6/2019 15:28:51] /i 2160, 100
[14/6/2019 15:28:51] /i 2160, 100
[14/6/2019 15:28:58] /i 2160, 100
[14/6/2019 15:28:58] /i 2160, 100
[14/6/2019 15:28:58] /i 2160, 100
[14/6/2019 15:28:58] /i 2160, 100
[14/6/2019 15:29:3] /i 2160, 100
[14/6/2019 15:29:3] /i 2160, 100
[14/6/2019 15:29:4] /i 2160, 100
[14/6/2019 15:29:4] /i 2160, 100
[14/6/2019 15:29:4] /i 2160, 100
[14/6/2019 15:29:12] /i 2160, 100
[14/6/2019 15:29:13] /i 2160, 100
[14/6/2019 15:29:13] /i 2160, 100
[14/6/2019 15:29:13] /i 2160, 100
[14/6/2019 15:29:14] /i 2160, 100
[14/6/2019 15:29:18] /i 2160, 100
[14/6/2019 15:29:18] /i 2160, 100
[14/6/2019 15:29:19] /i 2160, 100
[14/6/2019 15:29:19] /i 2160, 100
[14/6/2019 15:29:19] /i 2160, 100
[14/6/2019 15:29:24] /i 2160, 100
[14/6/2019 15:29:25] /i 2160, 100
[14/6/2019 15:29:25] /i 2160, 100
[14/6/2019 15:29:25] /i 2160, 100
[14/6/2019 15:29:31] /i 2160, 100
[14/6/2019 15:29:31] /i 2160, 100
[14/6/2019 15:29:31] /i 2160, 100
[14/6/2019 15:29:31] /i 2160, 100
[14/6/2019 15:29:32] /i 2160, 100
[14/6/2019 15:29:36] /i 2160, 100
[14/6/2019 15:29:36] /i 2160, 100
[14/6/2019 15:29:36] /i 2160, 100
[14/6/2019 15:29:37] /i 2160, 100
[14/6/2019 15:29:37] /i 2160, 100
[14/6/2019 15:29:43] /i 2160, 100
[14/6/2019 15:29:43] /i 2160, 100
[14/6/2019 15:29:43] /i 2160, 100
[14/6/2019 15:29:43] /i 2160, 100
[14/6/2019 15:29:44] /i 2160, 100
[14/6/2019 15:29:47] /i 2160, 100
[14/6/2019 15:29:47] /i 2160, 100
[14/6/2019 15:29:47] /i 2160, 100
[14/6/2019 15:29:47] /i 2160, 100
[14/6/2019 15:29:48] /i 2160, 100
[14/6/2019 15:29:52] /i 2160, 100
[14/6/2019 15:29:52] /i 2160, 100
[14/6/2019 15:29:52] /i 2160, 100
[14/6/2019 15:29:53] /i 2160, 100
[14/6/2019 15:29:53] /i 2160, 100
[14/6/2019 15:29:55] /i 2160, 100
[14/6/2019 15:30:1] /i 2160, 100
[14/6/2019 15:30:1] /i 2160, 100
[14/6/2019 15:30:1] /i 2160, 100
[14/6/2019 15:30:2] /i 2160, 100
[14/6/2019 15:30:45] /t
[14/6/2019 15:35:44] /i elite wand
[14/6/2019 15:50:49] /t
[14/6/2019 15:53:52] /i 12543, 100
[14/6/2019 15:54:38] /i 2319, 100
[14/6/2019 15:54:46] /i 2319, 100
[14/6/2019 15:54:46] /i 2319, 100
[14/6/2019 15:54:46] /i 2319, 100
[14/6/2019 15:54:46] /i 2319, 100
[14/6/2019 15:54:47] /i 2319, 100
[14/6/2019 15:54:47] /i 2319, 100
[14/6/2019 15:54:47] /i 2319, 100
[14/6/2019 15:54:48] /i 2319, 100
[14/6/2019 15:54:48] /i 2319, 100
[14/6/2019 15:54:48] /i 2319, 100
[14/6/2019 15:54:48] /i 2319, 100
[14/6/2019 15:54:49] /i 2319, 100
[14/6/2019 15:54:49] /i 2319, 100
[14/6/2019 15:54:49] /i 2319, 100
[14/6/2019 15:54:50] /i 2319, 100
[14/6/2019 15:54:50] /i 2319, 100
[14/6/2019 15:54:50] /i 2319, 100/i 2319, 100
[14/6/2019 15:54:51] /i 2319, 100
[14/6/2019 15:54:51] /i 2319, 100
[14/6/2019 15:54:52] /i 2319, 100
[14/6/2019 15:54:52] /i 2319, 100
[14/6/2019 15:54:53] /i 2319, 100
[14/6/2019 15:55:10] /i 2319, 100
[14/6/2019 15:55:10] /i 2319, 100
[14/6/2019 15:55:11] /i 2319, 100
[14/6/2019 15:55:11] /i 2319, 100
[14/6/2019 15:55:12] /i 2319, 100
[14/6/2019 15:55:12] /i 2319, 100
[14/6/2019 15:55:12] /i 2319, 100
[14/6/2019 15:55:13] /i 2319, 100
[14/6/2019 15:55:13] /i 2319, 100
[14/6/2019 15:55:13] /i 2319, 100
[14/6/2019 15:55:14] /i 2319, 100
[14/6/2019 15:55:14] /i 2319, 100
[14/6/2019 15:55:14] /i 2319, 100
[14/6/2019 15:55:15] /i 2319, 100
[14/6/2019 15:55:15] /i 2319, 100
[14/6/2019 15:55:16] /i 2319, 100
[14/6/2019 15:55:22] /i 2319, 100
[14/6/2019 15:55:22] /i 2319, 100
[14/6/2019 15:55:23] /i 2319, 100
[14/6/2019 15:55:23] /i 2319, 100
[14/6/2019 15:55:38] /i 2319, 100
[14/6/2019 15:55:38] /i 2319, 100
[14/6/2019 15:55:38] /i 2319, 100
[14/6/2019 15:55:39] /i 2319, 100
[14/6/2019 15:55:39] /i 2319, 100
[14/6/2019 15:55:43] /i 2319, 100
[14/6/2019 15:55:43] /i 2319, 100
[14/6/2019 15:55:44] /i 2319, 100
[14/6/2019 15:55:44] /i 2319, 100
[14/6/2019 15:55:44] /i 2319, 100
[14/6/2019 15:55:44] /i 2319, 100
[14/6/2019 15:55:44] /i 2319, 100
[14/6/2019 15:55:44] /i 2319, 100
[14/6/2019 15:55:45] /i 2319, 100
[14/6/2019 15:55:45] /i 2319, 100
[14/6/2019 15:55:45] /i 2319, 100
[14/6/2019 15:55:45] /i 2319, 100
[14/6/2019 15:55:45] /i 2319, 100
[14/6/2019 15:55:45] /i 2319, 100
[14/6/2019 15:55:45] /i 2319, 100
[14/6/2019 15:55:46] /i 2319, 100
[14/6/2019 15:55:52] /i 2319, 100
[14/6/2019 15:55:52] /i 2319, 100
[14/6/2019 15:55:52] /i 2319, 100
[14/6/2019 15:55:52] /i 2319, 100
[14/6/2019 15:55:52] /i 2319, 100
[14/6/2019 15:55:52] /i 2319, 100
[14/6/2019 15:55:53] /i 2319, 100
[14/6/2019 15:55:53] /i 2319, 100
[14/6/2019 15:55:53] /i 2319, 100
[14/6/2019 15:55:53] /i 2319, 100
[14/6/2019 15:55:53] /i 2319, 100
[14/6/2019 15:55:53] /i 2319, 100
[14/6/2019 15:55:54] /i 2319, 100
[14/6/2019 15:55:54] /i 2319, 100
[14/6/2019 15:55:54] /i 2319, 100
[14/6/2019 15:55:54] /i 2319, 100
[14/6/2019 15:55:55] /i 2319, 100
[14/6/2019 15:55:55] /i 2319, 100
[14/6/2019 15:55:56] /i 2319, 100
[14/6/2019 15:55:56] /i 2319, 100
[14/6/2019 15:55:56] /i 2319, 100
[14/6/2019 15:55:56] /i 2319, 100
[14/6/2019 15:55:56] /i 2319, 100
[14/6/2019 15:55:57] /i 2319, 100
[14/6/2019 15:55:57] /i 2319, 100
[14/6/2019 15:56:4] /i 2319, 100
[14/6/2019 15:56:4] /i 2319, 100
[14/6/2019 15:56:5] /i 2319, 100
[14/6/2019 15:56:5] /i 2319, 100
[14/6/2019 15:56:5] /i 2319, 100
[14/6/2019 15:56:5] /i 2319, 100
[14/6/2019 15:56:5] /i 2319, 100
[14/6/2019 15:56:5] /i 2319, 100
[14/6/2019 15:56:6] /i 2319, 100
[14/6/2019 15:56:6] /i 2319, 100
[14/6/2019 15:56:6] /i 2319, 100
[14/6/2019 15:56:6] /i 2319, 100
[14/6/2019 15:56:6] /i 2319, 100
[14/6/2019 15:56:6] /i 2319, 100
[14/6/2019 15:56:13] /i 2319, 100
[14/6/2019 15:56:13] /i 2319, 100
[14/6/2019 15:56:13] /i 2319, 100
[14/6/2019 15:56:13] /i 2319, 100
[14/6/2019 15:56:13] /i 2319, 100
[14/6/2019 15:56:53] /i 12715, 100
[14/6/2019 15:57:38] /i 12715, 100
[14/6/2019 16:8:21] /t
[14/6/2019 16:9:43] /m demon
[14/6/2019 16:12:28] /i 12734, 80
[14/6/2019 16:13:51] /i 12759
[14/6/2019 17:38:34] /b salve
[14/6/2019 17:38:39] /bc salve
[14/6/2019 17:39:11] /i 2160
[14/6/2019 17:39:27] /bc save
[14/6/2019 17:39:42] /config
[14/6/2019 17:59:20] /i 12734, 100
[14/6/2019 18:6:3] /i 12734, 100
[14/6/2019 18:6:3] /i 12734, 100
[14/6/2019 18:6:4] /i 12734, 100
[14/6/2019 18:6:5] /i 12734, 100
[14/6/2019 18:6:6] /i 12734, 100
[14/6/2019 18:6:6] /i 12734, 100
[14/6/2019 18:6:7] /i 12734, 100
[14/6/2019 18:6:8] /i 12734, 100
[14/6/2019 18:6:8] /i 12734, 100
[14/6/2019 18:6:9] /i 12734, 100
[14/6/2019 18:6:10] /i 12734, 100
[14/6/2019 18:6:11] /i 12734, 100
[14/6/2019 18:6:11] /i 12734, 100
[14/6/2019 18:6:12] /i 12734, 100
[14/6/2019 18:6:13] /i 12734, 100
[14/6/2019 21:29:2] /save
[14/6/2019 21:29:2] /save
[14/6/2019 21:29:3] /save
[14/6/2019 21:33:44] /reload actions
[14/6/2019 21:34:5] /reload actions
[14/6/2019 21:34:26] /i 12730, 1
[14/6/2019 21:50:0] /i 2160, 100
[14/6/2019 21:50:30] /i 12715, 100
[14/6/2019 21:51:30] /reward
[14/6/2019 21:51:31] /reward
[14/6/2019 21:51:37] /reward
[14/6/2019 21:51:38] /reward
[14/6/2019 21:51:49] /reward
[14/6/2019 21:51:54] /reward Elite Wand
[14/6/2019 21:51:59] /reward Elite Wands
[14/6/2019 21:53:38] /x 4
[14/6/2019 21:53:41] /x 3
[14/6/2019 21:53:43] /x 40
[14/6/2019 21:54:20] /alltemple
[14/6/2019 21:54:23] /alltemple
[14/6/2019 21:54:24] /alltemple
[14/6/2019 21:54:34] /popup
[14/6/2019 21:54:38] /popup salve
[14/6/2019 21:54:50] /popup add a; teste
[14/6/2019 21:54:55] /popup add a;
[14/6/2019 21:54:57] /popup add 
[14/6/2019 21:55:0] /popup add, teste
[14/6/2019 21:55:25] /t
[14/6/2019 21:55:54] /serverdiag
[14/6/2019 21:56:29] /send
[14/6/2019 21:56:33] /send Wilzao
[14/6/2019 21:56:39] /wp
[14/6/2019 21:56:51] /wp
[14/6/2019 21:57:9] /wp anderzor
[14/6/2019 21:57:23] /town 1
[14/6/2019 21:57:26] /town 2
[14/6/2019 21:57:32] /town 3
[14/6/2019 21:57:33] /town 4
[14/6/2019 21:57:46] /town 5
[14/6/2019 21:57:59] /town 6
[14/6/2019 21:58:2] /town 7
[14/6/2019 21:58:8] /town 8
[14/6/2019 21:58:11] /town 9
[14/6/2019 21:58:14] /town 10
[14/6/2019 21:58:16] /town 11
[14/6/2019 21:58:18] /town 4
[14/6/2019 21:58:33] /r
[14/6/2019 21:58:34] /r
[14/6/2019 21:59:37] !info
[14/6/2019 21:59:40] !info
[14/6/2019 21:59:57] /town 1
[14/6/2019 22:8:11] /goto anderzor
[14/6/2019 22:12:14] /t
[14/6/2019 22:12:16] /c anderzor
[15/6/2019 10:8:14] /t
[15/6/2019 10:9:9] /town 4
[15/6/2019 10:9:21] /r
[15/6/2019 10:9:40] /t
[15/6/2019 10:9:54] /town 1
[15/6/2019 10:34:41] /reload movments
[15/6/2019 10:34:48] /reload movements
[15/6/2019 10:38:42] /reload talkactions
[15/6/2019 10:40:40] /reload talkactions
[15/6/2019 10:43:42] /c anderzor
[15/6/2019 10:47:17] /t
[15/6/2019 10:50:42] /reload npc
[15/6/2019 11:8:5] /t
[15/6/2019 11:8:10] /m dragon lord
[15/6/2019 14:26:27] /t
[15/6/2019 14:28:24] /light
[15/6/2019 14:28:28] /light
[15/6/2019 14:28:31] /light
[15/6/2019 14:29:6] /reward
[15/6/2019 14:30:7] /town 4
[15/6/2019 14:30:24] /town 2
[15/6/2019 14:30:32] /town 3
[15/6/2019 14:30:41] /town 5
[15/6/2019 14:30:44] /town 6
[15/6/2019 14:30:46] /town 7
[15/6/2019 14:31:3] /town 8
[15/6/2019 14:31:5] /town 9
[15/6/2019 14:31:8] /town 10
[15/6/2019 14:33:43] /i promotion key
[15/6/2019 14:33:54] /i promotion key
[15/6/2019 14:34:19] /t
[15/6/2019 14:50:44] /reload mods
[15/6/2019 15:7:30] /reload globalevents
[15/6/2019 22:36:39] /goto Jads
[15/6/2019 22:36:42] /n jads
[15/6/2019 22:37:12] /goto jads
[15/6/2019 22:37:18] /goto frodo
[15/6/2019 22:37:27] /goto Leonard
[15/6/2019 22:39:50] /goto king daniel
[15/6/2019 22:40:3] /reload npc
[15/6/2019 22:44:22] /goto Mad
[15/6/2019 22:44:53] /goto mad
[15/6/2019 22:45:30] /goto anderzor
[15/6/2019 22:47:44] /up
[15/6/2019 22:48:8] /ghost
[15/6/2019 22:48:15] /goto anderzor
[15/6/2019 22:48:59] /t
[15/6/2019 22:49:13] /r
[15/6/2019 22:49:31] /ghost
[15/6/2019 22:49:33] /ghost
[15/6/2019 22:49:36] /goto anderzor
[15/6/2019 22:49:42] /goto anderzor
[15/6/2019 22:49:53] /goto andezor
[15/6/2019 22:49:58] /goto anderzor
[15/6/2019 22:50:11] /goto anderzor
[15/6/2019 22:50:58] /t
[15/6/2019 22:51:15] /t
[15/6/2019 22:51:38] /alltemple
[15/6/2019 22:51:59] /goto anderzor
[15/6/2019 22:52:18] /ghost
[15/6/2019 22:52:27] /ghost
[15/6/2019 22:52:32] /goto anderzor
[15/6/2019 22:53:1] /goto anderzor
[15/6/2019 22:53:37] /ghost
[15/6/2019 22:54:35] /i event coin
[15/6/2019 22:54:59] /i 12715
[15/6/2019 22:55:1] /i 12715
[15/6/2019 22:55:5] /i 12715
[15/6/2019 22:59:7] /i 12699
[15/6/2019 22:59:18] /i 12669
[15/6/2019 23:1:15] /i 12701
[15/6/2019 23:1:23] /i 6571
[15/6/2019 23:1:34] /i 6571
[15/6/2019 23:1:37] /i 6571
[15/6/2019 23:1:43] /i 6571
[15/6/2019 23:2:39] /i 12701
[15/6/2019 23:2:47] /i 12713
[15/6/2019 23:2:53] /i 12718
[15/6/2019 23:2:58] /i 12544
[15/6/2019 23:3:9] /i 12711
[15/6/2019 23:3:15] /i 12734
[15/6/2019 23:5:31] /goto anderzor
[15/6/2019 23:5:34] /save
[15/6/2019 23:18:38] /i cave exclusiva
[15/6/2019 23:18:50] /i cave exclusiva
[15/6/2019 23:19:18] /up
[15/6/2019 23:19:23] /down
[15/6/2019 23:20:45] /i 12759
[15/6/2019 23:20:46] /i 12759
[15/6/2019 23:20:52] /i 12759
[15/6/2019 23:20:53] /i 12759
[15/6/2019 23:20:53] /i 12759
[15/6/2019 23:23:46] /reward 
[15/6/2019 23:24:57] /m Ideal Boss
[15/6/2019 23:29:19] /t
[15/6/2019 23:29:27] /m Ideal Boss
[15/6/2019 23:29:30] /c anderzor
[15/6/2019 23:32:13] /c anderzor
[15/6/2019 23:37:26] /i 12730
[15/6/2019 23:46:59] /t
[15/6/2019 23:50:18] /t
[15/6/2019 23:51:4] /t
[16/6/2019 10:11:12] /reload monster
[16/6/2019 10:24:45] /goto Teste Pally
[16/6/2019 10:24:48] /r
[16/6/2019 10:24:51] /t
[16/6/2019 10:24:57] /town Teste Pally
[16/6/2019 10:25:0] /t Teste Pally
[16/6/2019 10:25:4] /ghost
[16/6/2019 10:25:7] /ghost
[16/6/2019 10:34:3] /reload talkactions
[16/6/2019 10:37:0] /i super crossbow
[16/6/2019 10:38:34] /i 12714
[16/6/2019 10:38:58] /i 8300
[16/6/2019 10:39:7] /i 8300
[16/6/2019 10:39:8] /i 8300
[16/6/2019 10:39:9] /i 8300
[16/6/2019 10:39:13] /i 8300
[16/6/2019 10:39:16] /i 8300
[16/6/2019 10:39:27] /i 12694
[16/6/2019 10:39:41] /i focus cape
[16/6/2019 10:39:46] /i 8300
[16/6/2019 10:40:10] /i 12694
[16/6/2019 10:40:16] /i 12694
[16/6/2019 10:40:23] /i 12694
[16/6/2019 10:40:24] /i 12694
[16/6/2019 10:40:31] /i 12694
[16/6/2019 10:40:33] /i 12694
[16/6/2019 10:40:42] /i 12694
[16/6/2019 10:40:42] /i 12694
[16/6/2019 10:40:49] /i 12694
[16/6/2019 10:40:49] /i 12694
[16/6/2019 10:40:57] /r
[16/6/2019 10:41:5] /i super staff
[16/6/2019 10:41:29] /i super wand
[16/6/2019 10:41:44] /i 8300
[16/6/2019 10:41:45] /i 8300
[16/6/2019 10:42:19] /i 12694
[16/6/2019 10:45:19] /reload actions
[16/6/2019 10:45:24] /save
[16/6/2019 10:45:26] /goto anderzor
[16/6/2019 10:47:22] /goto Teste Pally
[16/6/2019 10:52:12] /reload itens
[16/6/2019 10:52:14] /reload items
[16/6/2019 11:3:46] /reload spells
[16/6/2019 11:4:14] /reload spells
[16/6/2019 11:4:42] /reload spells
[16/6/2019 11:8:29] /t
[16/6/2019 11:10:8] /reload spells
[16/6/2019 11:11:13] /reload spells
[16/6/2019 11:15:50] /goto anderzor
[16/6/2019 11:16:5] /t
[16/6/2019 11:21:55] /reload monster
[16/6/2019 11:21:59] /goto donate hydra
[16/6/2019 11:24:43] /reload monster
[16/6/2019 11:24:45] /goto donate hydra
[16/6/2019 11:25:19] /t
[16/6/2019 11:28:36] /reload monster
[16/6/2019 11:30:24] /ghost
[16/6/2019 11:30:32] /goto anderzor
[16/6/2019 11:32:6] /t
[16/6/2019 11:33:35] /i 2152
[16/6/2019 11:34:42] /goto anderzor
[16/6/2019 11:35:38] /reload mods
[16/6/2019 11:35:41] /goto anderzor
[16/6/2019 11:39:5] /reload mods
[16/6/2019 11:39:10] /reload monster
[16/6/2019 11:39:11] /goto anderzor
[16/6/2019 11:39:18] /t anderzor
[16/6/2019 11:39:22] /goto anderzor
[16/6/2019 11:39:23] /goto anderzor
[16/6/2019 11:39:25] /goto anderzor
[16/6/2019 11:39:27] /goto anderzor
[16/6/2019 11:39:28] /goto anderzor
[16/6/2019 11:39:30] /goto anderzor
[16/6/2019 11:39:31] /goto anderzor
[16/6/2019 11:39:32] /goto anderzor
[16/6/2019 11:39:34] /goto anderzor
[16/6/2019 11:39:35] /goto anderzor
[16/6/2019 11:39:37] /goto anderzor
[16/6/2019 11:39:38] /goto anderzor
[16/6/2019 11:39:42] /goto anderzor
[16/6/2019 11:39:44] /goto anderzor
[16/6/2019 11:39:47] /goto anderzor
[16/6/2019 11:39:59] /goto anderzor
[16/6/2019 11:40:4] /goto anderzor
[16/6/2019 11:40:5] /goto anderzor
[16/6/2019 11:40:7] /goto anderzor
[16/6/2019 11:40:9] /goto anderzor
[16/6/2019 11:40:10] /goto anderzor
[16/6/2019 11:40:19] /goto anderzor
[16/6/2019 11:40:33] /goto anderzor
[16/6/2019 11:40:35] /goto anderzor
[16/6/2019 11:40:36] /goto anderzor
[16/6/2019 11:40:40] /goto anderzor
[16/6/2019 11:40:43] /goto anderzor
[16/6/2019 11:40:53] /goto anderzor
[16/6/2019 11:40:55] /goto anderzor
[16/6/2019 11:41:31] /t
[16/6/2019 11:41:41] /goto kuraizer
[16/6/2019 11:42:4] /t
[16/6/2019 11:48:43] /goto Teste Pally
[16/6/2019 11:48:53] /ghost
[16/6/2019 11:48:55] /goto
[16/6/2019 11:48:56] /t
[16/6/2019 12:52:35] /t
[16/6/2019 12:53:52] /i cave exclusiva
[16/6/2019 14:42:38] /i 12708
[16/6/2019 14:43:57] /reload weapons
[16/6/2019 14:46:10] /i 12707
[16/6/2019 14:48:20] /reload weapons
[16/6/2019 14:48:49] /i 12732
[16/6/2019 14:50:26] /reload weapons
[16/6/2019 14:50:33] /r
[16/6/2019 14:50:35] /reload weapons
[16/6/2019 14:50:38] /i 12732
[16/6/2019 14:51:2] /i 12733
[16/6/2019 14:51:27] /i 12731
[16/6/2019 14:54:0] /reload movments
[16/6/2019 14:54:4] /reload movements
[16/6/2019 14:55:17] /i shield of corruption
[16/6/2019 14:55:25] /i 12644
[16/6/2019 15:1:59] /i 12732
[16/6/2019 15:5:23] /i 12732
[16/6/2019 15:8:7] /i 12733
[16/6/2019 15:8:13] /i 12731
[16/6/2019 15:9:21] /i 12704
[16/6/2019 15:11:38] /i 12704
[16/6/2019 15:11:39] /i 12705
[16/6/2019 15:12:1] /r
[16/6/2019 15:12:5] /i backpack
[16/6/2019 15:12:59] /r
[16/6/2019 15:12:59] /r
[16/6/2019 15:14:9] /i backpack
[16/6/2019 15:15:17] /i 12642
[16/6/2019 15:15:21] /r
[16/6/2019 15:18:20] /r
[16/6/2019 15:18:22] /i backpack
[16/6/2019 21:24:25] /goto kuraizer
[16/6/2019 21:24:30] /r
[16/6/2019 21:24:32] /r
[16/6/2019 21:24:39] /c kuraizer
[16/6/2019 21:24:42] /up
[16/6/2019 21:25:28] /ghost
[16/6/2019 21:25:31] /ghost
[16/6/2019 21:25:57] /kick kuraizer
[16/6/2019 21:26:9] /goto kuraizer
[16/6/2019 21:26:16] /goto kuraizer
[16/6/2019 21:26:29] /goto kuraizer
[16/6/2019 21:27:25] /t kuraizer
[16/6/2019 21:27:26] /t
[16/6/2019 21:28:36] /goto kuraizer
[16/6/2019 21:30:21] /c Teste Pally
[16/6/2019 21:31:9] /t
[16/6/2019 21:31:11] /c Teste Pally
[16/6/2019 21:33:42] /up
[16/6/2019 21:33:43] /up
[16/6/2019 21:34:14] /c Teste Pally
[17/6/2019 14:16:24] /t
[17/6/2019 14:16:24] /t
[17/6/2019 14:16:37] /i 1128
[17/6/2019 14:16:59] /i 12661
[17/6/2019 14:37:46] /town 4
[17/6/2019 14:38:3] /c anderzor
[17/6/2019 14:38:22] /up
[17/6/2019 14:38:24] /down
[17/6/2019 14:40:27] /town 4
[17/6/2019 14:40:29] /c anderzo
[17/6/2019 14:40:30] /c anderzor
[17/6/2019 14:42:37] /t
[17/6/2019 14:54:20] /town 4
[17/6/2019 14:54:22] /c anderzor
[17/6/2019 14:54:57] /c Capitao Levi
[17/6/2019 14:55:20] /t
[17/6/2019 17:41:9] /town 4
[17/6/2019 17:41:13] /c teste tes
[17/6/2019 17:42:10] /c Viarol Ri
[17/6/2019 17:42:48] /c Viarol Ri
[17/6/2019 17:42:53] /c Naskev Flayer
[17/6/2019 17:43:2] /m Cyclops drone
[17/6/2019 17:43:9] /m Cyclops drone
[17/6/2019 17:43:9] /m Cyclops drone
[17/6/2019 17:43:10] /m Cyclops drone
[17/6/2019 17:43:10] /m Cyclops drone
[17/6/2019 17:43:16] /m Cyclops drone
[17/6/2019 17:43:30] /m Cyclops drone
[17/6/2019 17:43:32] /m Cyclops drone
[17/6/2019 17:43:33] /m Cyclops drone
[17/6/2019 17:43:33] /m Cyclops drone
[17/6/2019 17:43:34] /m Cyclops drone
[17/6/2019 17:43:34] /m Cyclops drone
[17/6/2019 17:46:13] /reload monster
[17/6/2019 17:46:16] /m exp
[17/6/2019 17:46:18] /m exp
[17/6/2019 17:46:20] /m skeleton
[17/6/2019 17:46:23] /r
[17/6/2019 17:46:33] /reload monster
[17/6/2019 17:46:35] /m exp
[17/6/2019 17:46:41] /c Winthae
[17/6/2019 17:48:57] /c Dunjo Seasing
[17/6/2019 17:49:4] /reload monster
[17/6/2019 17:49:5] /m exp
[17/6/2019 17:49:20] /ghost
[17/6/2019 17:49:35] /c Charmander Nancy
[17/6/2019 17:49:37] /m exp
[17/6/2019 17:49:37] /m exp
[17/6/2019 17:49:41] /m exp
[17/6/2019 17:50:52] /c Lachol
[17/6/2019 17:50:55] /m exp
[17/6/2019 17:50:55] /m exp
[17/6/2019 17:50:56] /m exp
[17/6/2019 17:50:56] /m exp
[17/6/2019 17:51:42] /c Vialen Of Marley
[17/6/2019 17:51:44] /m exp
[17/6/2019 17:51:44] /m exp
[17/6/2019 17:52:14] /reload monster
[17/6/2019 17:52:32] /c Dzeromeianove
[17/6/2019 17:52:34] /m exp
[17/6/2019 17:52:34] /m exp
[17/6/2019 17:52:35] /m exp
[17/6/2019 17:52:36] /m exp
[17/6/2019 17:52:36] /m exp
[17/6/2019 17:52:42] /m exp
[17/6/2019 17:52:42] /m exp
[17/6/2019 17:52:42] /m exp
[17/6/2019 17:52:42] /m exp
[17/6/2019 17:52:42] /m exp
[17/6/2019 17:52:42] /m exp
[17/6/2019 17:52:43] /m exp
[17/6/2019 17:52:43] /m exp
[17/6/2019 17:52:43] /m exp
[17/6/2019 17:52:43] /m exp
[17/6/2019 17:52:53] /m exp
[17/6/2019 17:52:54] /m exp
[17/6/2019 17:52:54] /m exp
[17/6/2019 17:52:54] /m exp
[17/6/2019 17:52:54] /m exp
[17/6/2019 17:52:54] /m exp
[17/6/2019 17:52:54] /m exp
[17/6/2019 17:52:54] /m exp
[17/6/2019 17:52:55] /m exp
[17/6/2019 17:53:24] /c Not Frambs
[17/6/2019 17:53:26] /m exp
[17/6/2019 17:53:26] /m exp
[17/6/2019 17:53:27] /m exp
[17/6/2019 17:53:27] /m exp
[17/6/2019 17:53:27] /m exp
[17/6/2019 17:53:27] /m exp
[17/6/2019 17:53:28] /m exp
[17/6/2019 17:53:28] /m exp
[17/6/2019 17:53:28] /m exp
[17/6/2019 17:54:13] /reload monster
[17/6/2019 17:54:27] /c Frajola Jr
[17/6/2019 17:54:27] /m exp
[17/6/2019 17:54:28] /m exp
[17/6/2019 17:54:28] /m exp
[17/6/2019 17:54:34] /m exp
[17/6/2019 17:54:34] /m exp
[17/6/2019 17:54:34] /m exp
[17/6/2019 17:54:34] /m exp
[17/6/2019 17:54:34] /m exp
[17/6/2019 17:54:35] /m exp
[17/6/2019 17:54:35] /m exp
[17/6/2019 17:54:35] /m exp
[17/6/2019 17:54:35] /m exp
[17/6/2019 17:54:35] /m exp
[17/6/2019 17:54:35] /m exp
[17/6/2019 17:54:38] /m exp
[17/6/2019 17:54:38] /m exp
[17/6/2019 17:54:38] /m exp
[17/6/2019 17:54:38] /m exp
[17/6/2019 17:54:38] /m exp
[17/6/2019 17:54:38] /m exp
[17/6/2019 17:54:39] /m exp
[17/6/2019 17:54:39] /m exp
[17/6/2019 17:54:39] /m exp
[17/6/2019 17:54:39] /m exp
[17/6/2019 17:54:39] /m exp
[17/6/2019 17:54:41] /m exp
[17/6/2019 17:54:41] /m exp
[17/6/2019 17:54:42] /m exp
[17/6/2019 17:54:42] /m exp
[17/6/2019 17:54:42] /m exp
[17/6/2019 17:54:42] /m exp
[17/6/2019 17:54:42] /m exp
[17/6/2019 17:54:42] /m exp
[17/6/2019 17:54:42] /m exp
[17/6/2019 17:54:43] /m exp
[17/6/2019 17:54:48] /m exp
[17/6/2019 17:54:48] /m exp
[17/6/2019 17:54:48] /m exp
[17/6/2019 17:54:48] /m exp
[17/6/2019 17:54:48] /m exp
[17/6/2019 17:54:48] /m exp
[17/6/2019 17:54:48] /m exp
[17/6/2019 17:54:48] /m exp
[17/6/2019 17:54:48] /m exp
[17/6/2019 17:55:14] /c Master Yi
[17/6/2019 17:55:16] /m exp
[17/6/2019 17:55:16] /m exp
[17/6/2019 17:55:16] /m exp
[17/6/2019 17:55:17] /m exp
[17/6/2019 17:55:17] /m exp
[17/6/2019 17:55:24] /m exp
[17/6/2019 17:55:24] /m exp
[17/6/2019 17:55:25] /m exp
[17/6/2019 17:55:25] /m exp
[17/6/2019 17:55:25] /m exp
[17/6/2019 17:55:25] /m exp
[17/6/2019 17:55:25] /m exp
[17/6/2019 17:55:25] /m exp
[17/6/2019 17:55:25] /m exp
[17/6/2019 17:55:27] /m exp
[17/6/2019 17:55:27] /m exp
[17/6/2019 17:55:27] /m exp
[17/6/2019 17:55:27] /m exp
[17/6/2019 17:55:27] /m exp
[17/6/2019 17:55:27] /m exp
[17/6/2019 17:55:28] /m exp
[17/6/2019 17:55:28] /m exp
[17/6/2019 17:55:28] /m exp
[17/6/2019 17:55:30] /m exp
[17/6/2019 17:55:30] /m exp
[17/6/2019 17:55:30] /m exp
[17/6/2019 17:55:31] /m exp
[17/6/2019 17:55:31] /m exp
[17/6/2019 17:55:31] /m exp
[17/6/2019 17:55:31] /m exp
[17/6/2019 17:55:31] /m exp
[17/6/2019 17:55:33] /m exp
[17/6/2019 17:55:33] /m exp
[17/6/2019 17:55:33] /m exp
[17/6/2019 17:55:33] /m exp
[17/6/2019 17:55:33] /m exp
[17/6/2019 17:55:33] /m exp
[17/6/2019 17:55:34] /m exp
[17/6/2019 17:55:34] /m exp
[17/6/2019 17:55:37] /m exp
[17/6/2019 17:55:37] /m exp
[17/6/2019 17:55:38] /m exp
[17/6/2019 17:55:38] /m exp
[17/6/2019 17:55:38] /m exp
[17/6/2019 17:55:38] /m exp
[17/6/2019 17:55:38] /m exp
[17/6/2019 17:55:38] /m exp
[17/6/2019 17:55:47] /m exp
[17/6/2019 17:55:47] /m exp
[17/6/2019 17:55:47] /m exp
[17/6/2019 17:55:47] /m exp
[17/6/2019 17:55:47] /m exp
[17/6/2019 17:55:47] /m exp
[17/6/2019 17:55:48] /m exp
[17/6/2019 17:55:48] /m exp
[17/6/2019 17:55:48] /m exp
[17/6/2019 17:56:17] /c Medium Bits
[17/6/2019 17:56:18] /m exp
[17/6/2019 17:56:18] /m exp
[17/6/2019 17:56:18] /m exp
[17/6/2019 17:56:18] /m exp
[17/6/2019 17:56:19] /m exp
[17/6/2019 17:56:19] /m exp
[17/6/2019 17:56:19] /m exp
[17/6/2019 17:56:19] /m exp
[17/6/2019 17:56:19] /m exp
[17/6/2019 17:56:19] /m exp
[17/6/2019 17:56:52] /c Miracle
[17/6/2019 17:56:53] /m exp
[17/6/2019 17:56:53] /m exp
[17/6/2019 17:56:53] /m exp
[17/6/2019 17:56:54] /m exp
[17/6/2019 17:56:54] /m exp
[17/6/2019 17:56:54] /m exp
[17/6/2019 17:56:54] /m exp
[17/6/2019 17:57:2] /m exp
[17/6/2019 17:57:2] /m exp
[17/6/2019 17:57:2] /m exp
[17/6/2019 17:57:2] /m exp
[17/6/2019 17:57:2] /m exp
[17/6/2019 17:57:7] /m exp
[17/6/2019 17:57:37] /c Hammer Frts
[17/6/2019 17:57:39] /m exp
[17/6/2019 17:57:39] /m exp
[17/6/2019 17:57:39] /m exp
[17/6/2019 17:58:13] /c Bjirn Sleep
[17/6/2019 17:58:42] /c v
[17/6/2019 17:58:47] /c Seven Scarner
[17/6/2019 18:5:37] /c Bart Shard
[17/6/2019 18:5:38] /m exp
[17/6/2019 18:5:38] /m exp
[17/6/2019 18:5:38] /m exp
[17/6/2019 18:5:38] /m exp
[17/6/2019 18:5:39] /m exp
[17/6/2019 18:5:39] /m exp
[17/6/2019 18:6:51] /c Twenty Stressed
[17/6/2019 18:6:52] /m exp
[17/6/2019 18:6:55] /m exp
[17/6/2019 18:14:54] /c Piltover
[17/6/2019 18:14:55] /m exp
[17/6/2019 18:14:55] /m exp
[17/6/2019 18:14:56] /m exp
[17/6/2019 18:15:0] /m exp
[17/6/2019 18:15:0] /m exp
[17/6/2019 18:15:0] /m exp
[17/6/2019 18:15:0] /m exp
[17/6/2019 18:15:5] /m exp
[17/6/2019 18:15:5] /m exp
[17/6/2019 18:15:6] /m exp
[17/6/2019 18:15:6] /m exp
[17/6/2019 18:15:11] /m exp
[17/6/2019 18:15:13] /m exp
[17/6/2019 18:15:15] /m exp
[17/6/2019 18:15:19] /m exp
[17/6/2019 18:16:42] /t
[17/6/2019 18:17:57] /town 4
[17/6/2019 18:18:1] /c capitao levi
[18/6/2019 8:58:50] /c Ragnar Lothbrook
[18/6/2019 9:1:31] /t
[18/6/2019 9:1:32] /town 1
[18/6/2019 9:1:52] /i bone
[18/6/2019 9:1:59] /i bone, 100
[18/6/2019 9:2:10] /i 5925, 100
[18/6/2019 9:4:1] /reload npc
[18/6/2019 9:4:11] /i 5925, 100
[18/6/2019 9:4:42] /t
[18/6/2019 9:4:44] /town 1
[18/6/2019 9:4:59] /i 12661
[18/6/2019 9:5:51] /town 2
[18/6/2019 9:5:54] /town 1
[18/6/2019 9:6:10] /i 9485
[18/6/2019 9:6:16] /i 9485
[18/6/2019 9:6:27] /i 9485
[18/6/2019 9:6:32] /r
[18/6/2019 9:6:33] /r
[18/6/2019 9:6:34] /r
[18/6/2019 9:6:35] /r
[18/6/2019 9:6:40] /i 9485
[18/6/2019 9:6:43] /i 9485
[18/6/2019 9:12:53] /t
[18/6/2019 9:13:3] /c Scorps Xas
[18/6/2019 9:13:12] /m exp
[18/6/2019 9:13:12] /m exp
[18/6/2019 9:13:12] /m exp
[18/6/2019 9:13:12] /m exp
[18/6/2019 9:15:3] /c
[18/6/2019 9:15:4] /c Scarbs
[18/6/2019 9:15:4] /m exp
[18/6/2019 9:15:4] /m exp
[18/6/2019 9:15:5] /m exp
[18/6/2019 9:15:5] /m exp
[18/6/2019 9:16:4] /c floki
[18/6/2019 9:16:6] /m exp
[18/6/2019 9:16:7] /m exp
[18/6/2019 9:16:7] /m exp
[18/6/2019 9:16:14] /m exp
[18/6/2019 9:16:14] /m exp
[18/6/2019 9:16:14] /m exp
[18/6/2019 9:16:14] /m exp
[18/6/2019 9:17:50] /c Davi Jhones
[18/6/2019 9:17:51] /m exp
[18/6/2019 9:17:51] /m exp
[18/6/2019 9:17:51] /m exp
[18/6/2019 9:17:51] /m exp
[18/6/2019 9:17:51] /m exp
[18/6/2019 9:17:51] /m exp
[18/6/2019 9:17:51] /m exp
[18/6/2019 9:17:52] /m exp
[18/6/2019 9:17:52] /m exp
[18/6/2019 9:19:31] /c yasuo
[18/6/2019 9:19:33] /m exp
[18/6/2019 9:19:33] /m exp
[18/6/2019 9:19:34] /m exp
[18/6/2019 9:19:34] /m exp
[18/6/2019 9:19:34] /m exp
[18/6/2019 9:19:34] /m exp
[18/6/2019 9:19:34] /m exp
[18/6/2019 9:19:44] /m exp
[18/6/2019 9:19:44] /m exp
[18/6/2019 9:19:44] /m exp
[18/6/2019 9:19:44] /m exp
[18/6/2019 9:19:44] /m exp
[18/6/2019 9:19:45] /m exp
[18/6/2019 9:19:45] /m exp
[18/6/2019 9:19:45] /m exp
[18/6/2019 9:19:47] /m exp
[18/6/2019 9:19:47] /m exp
[18/6/2019 9:19:47] /m exp
[18/6/2019 9:19:47] /m exp
[18/6/2019 9:19:47] /m exp
[18/6/2019 9:19:48] /m exp
[18/6/2019 9:19:48] /m exp
[18/6/2019 9:19:48] /m exp
[18/6/2019 9:19:48] /m exp
[18/6/2019 9:19:48] /m exp
[18/6/2019 9:19:48] /m exp
[18/6/2019 9:19:52] /m exp
[18/6/2019 9:19:52] /m exp
[18/6/2019 9:19:52] /m exp
[18/6/2019 9:19:52] /m exp
[18/6/2019 9:19:53] /m exp
[18/6/2019 9:19:53] /m exp
[18/6/2019 9:19:53] /m exp
[18/6/2019 9:19:53] /m exp
[18/6/2019 9:19:53] /m exp
[18/6/2019 9:19:53] /m exp
[18/6/2019 9:19:55] /m exp
[18/6/2019 9:19:56] /m exp
[18/6/2019 9:19:56] /m exp
[18/6/2019 9:19:56] /m exp
[18/6/2019 9:19:56] /m exp
[18/6/2019 9:19:56] /m exp
[18/6/2019 9:19:56] /m exp
[18/6/2019 9:19:57] /m exp
[18/6/2019 9:19:57] /m exp
[18/6/2019 9:19:57] /m exp
[18/6/2019 9:19:59] /m exp
[18/6/2019 9:19:59] /m exp
[18/6/2019 9:19:59] /m exp
[18/6/2019 9:19:59] /m exp
[18/6/2019 9:19:59] /m exp
[18/6/2019 9:20:0] /m exp
[18/6/2019 9:20:0] /m exp
[18/6/2019 9:20:0] /m exp
[18/6/2019 9:20:0] /m exp
[18/6/2019 9:20:0] /m exp
[18/6/2019 9:20:0] /m exp
[18/6/2019 9:20:2] /m exp
[18/6/2019 9:20:3] /m exp
[18/6/2019 9:20:3] /m exp
[18/6/2019 9:20:3] /m exp
[18/6/2019 9:20:3] /m exp
[18/6/2019 9:20:3] /m exp
[18/6/2019 9:20:3] /m exp
[18/6/2019 9:20:4] /m exp
[18/6/2019 9:20:4] /m exp
[18/6/2019 9:20:4] /m exp
[18/6/2019 9:20:4] /m exp
[18/6/2019 9:20:6] /m exp
[18/6/2019 9:20:6] /m exp
[18/6/2019 9:20:6] /m exp
[18/6/2019 9:20:6] /m exp
[18/6/2019 9:20:6] /m exp
[18/6/2019 9:20:7] /m exp
[18/6/2019 9:20:7] /m exp
[18/6/2019 9:20:7] /m exp
[18/6/2019 9:20:7] /m exp
[18/6/2019 9:20:10] /m exp
[18/6/2019 9:20:10] /m exp
[18/6/2019 9:20:10] /m exp
[18/6/2019 9:20:10] /m exp
[18/6/2019 9:20:10] /m exp
[18/6/2019 9:20:10] /m exp
[18/6/2019 9:20:10] /m exp
[18/6/2019 9:20:10] /m exp
[18/6/2019 9:20:10] /m exp
[18/6/2019 9:20:11] /m exp
[18/6/2019 9:20:11] /m exp
[18/6/2019 9:20:13] /m exp
[18/6/2019 9:20:13] /m exp
[18/6/2019 9:20:13] /m exp
[18/6/2019 9:20:14] /m exp
[18/6/2019 9:20:14] /m exp
[18/6/2019 9:20:14] /m exp
[18/6/2019 9:20:14] /m exp
[18/6/2019 9:20:14] /m exp
[18/6/2019 9:20:16] /m exp
[18/6/2019 9:20:16] /m exp
[18/6/2019 9:20:16] /m exp
[18/6/2019 9:20:16] /m exp
[18/6/2019 9:20:16] /m exp
[18/6/2019 9:20:17] /m exp
[18/6/2019 9:20:17] /m exp
[18/6/2019 9:20:17] /m exp
[18/6/2019 9:20:17] /m exp
[18/6/2019 9:20:17] /m exp
[18/6/2019 9:20:19] /m exp
[18/6/2019 9:20:19] /m exp
[18/6/2019 9:20:19] /m exp
[18/6/2019 9:20:20] /m exp
[18/6/2019 9:20:20] /m exp
[18/6/2019 9:20:20] /m exp
[18/6/2019 9:20:20] /m exp
[18/6/2019 9:20:20] /m exp
[18/6/2019 9:20:20] /m exp
[18/6/2019 9:20:20] /m exp
[18/6/2019 9:20:22] /m exp
[18/6/2019 9:20:23] /m exp
[18/6/2019 9:20:23] /m exp
[18/6/2019 9:20:23] /m exp
[18/6/2019 9:20:23] /m exp
[18/6/2019 9:20:23] /m exp
[18/6/2019 9:20:24] /m exp
[18/6/2019 9:20:24] /m exp
[18/6/2019 9:20:24] /m exp
[18/6/2019 9:21:36] /c bill
[18/6/2019 9:21:37] /m exp
[18/6/2019 9:21:37] /m exp
[18/6/2019 9:21:37] /m exp
[18/6/2019 9:21:42] /m exp
[18/6/2019 9:21:42] /m exp
[18/6/2019 9:21:42] /m exp
[18/6/2019 9:21:43] /m exp
[18/6/2019 9:21:43] /m exp
[18/6/2019 9:21:43] /m exp
[18/6/2019 9:21:43] /m exp
[18/6/2019 9:21:43] /m exp
[18/6/2019 9:21:43] /m exp
[18/6/2019 9:21:43] /m exp
[18/6/2019 9:21:45] /m exp
[18/6/2019 9:21:45] /m exp
[18/6/2019 9:21:45] /m exp
[18/6/2019 9:21:45] /m exp
[18/6/2019 9:21:45] /m exp
[18/6/2019 9:21:45] /m exp
[18/6/2019 9:21:46] /m exp
[18/6/2019 9:21:46] /m exp
[18/6/2019 9:21:47] /m exp
[18/6/2019 9:21:47] /m exp
[18/6/2019 9:21:48] /m exp
[18/6/2019 9:21:48] /m exp
[18/6/2019 9:21:48] /m exp
[18/6/2019 9:21:48] /m exp
[18/6/2019 9:21:48] /m exp
[18/6/2019 9:21:48] /m exp
[18/6/2019 9:21:48] /m exp
[18/6/2019 9:21:50] /m exp
[18/6/2019 9:21:50] /m exp
[18/6/2019 9:21:50] /m exp
[18/6/2019 9:21:50] /m exp
[18/6/2019 9:21:51] /m exp
[18/6/2019 9:21:51] /m exp
[18/6/2019 9:21:51] /m exp
[18/6/2019 9:21:51] /m exp
[18/6/2019 9:21:51] /m exp
[18/6/2019 9:21:52] /m exp
[18/6/2019 9:21:53] /m exp
[18/6/2019 9:21:53] /m exp
[18/6/2019 9:21:53] /m exp
[18/6/2019 9:21:53] /m exp
[18/6/2019 9:21:53] /m exp
[18/6/2019 9:21:53] /m exp
[18/6/2019 9:21:54] /m exp
[18/6/2019 9:21:54] /m exp
[18/6/2019 9:21:55] /m exp
[18/6/2019 9:21:55] /m exp
[18/6/2019 9:21:55] /m exp
[18/6/2019 9:21:56] /m exp
[18/6/2019 9:21:56] /m exp
[18/6/2019 9:21:56] /m exp
[18/6/2019 9:21:56] /m exp
[18/6/2019 9:21:56] /m exp
[18/6/2019 9:21:58] /m exp
[18/6/2019 9:21:58] /m exp
[18/6/2019 9:21:58] /m exp
[18/6/2019 9:21:58] /m exp
[18/6/2019 9:21:58] /m exp
[18/6/2019 9:21:58] /m exp
[18/6/2019 9:21:59] /m exp
[18/6/2019 9:21:59] /m exp
[18/6/2019 9:21:59] /m exp
[18/6/2019 9:22:0] /m exp
[18/6/2019 9:22:0] /m exp
[18/6/2019 9:22:1] /m exp
[18/6/2019 9:22:1] /m exp
[18/6/2019 9:22:1] /m exp
[18/6/2019 9:22:1] /m exp
[18/6/2019 9:22:1] /m exp
[18/6/2019 9:22:1] /m exp
[18/6/2019 9:22:2] /m exp
[18/6/2019 9:22:2] /m exp
[18/6/2019 9:22:3] /m exp
[18/6/2019 9:22:3] /m exp
[18/6/2019 9:22:4] /m exp
[18/6/2019 9:22:4] /m exp
[18/6/2019 9:22:4] /m exp
[18/6/2019 9:22:4] /m exp
[18/6/2019 9:22:4] /m exp
[18/6/2019 9:22:4] /m exp
[18/6/2019 9:22:5] /m exp
[18/6/2019 9:22:6] /m exp
[18/6/2019 9:22:6] /m exp
[18/6/2019 9:22:6] /m exp
[18/6/2019 9:22:7] /m exp
[18/6/2019 9:22:7] /m exp
[18/6/2019 9:22:7] /m exp
[18/6/2019 9:22:7] /m exp
[18/6/2019 9:22:7] /m exp
[18/6/2019 9:22:7] /m exp
[18/6/2019 9:22:7] /m exp
[18/6/2019 9:22:15] /m exp
[18/6/2019 9:22:15] /m exp
[18/6/2019 9:22:15] /m exp
[18/6/2019 9:22:15] /m exp
[18/6/2019 9:22:15] /m exp
[18/6/2019 9:22:15] /m exp
[18/6/2019 9:22:16] /m exp
[18/6/2019 9:23:10] /c scooby
[18/6/2019 9:23:13] /m exp
[18/6/2019 9:23:13] /m exp
[18/6/2019 9:23:13] /m exp
[18/6/2019 9:23:13] /m exp
[18/6/2019 9:23:13] /m exp
[18/6/2019 9:23:14] /m exp
[18/6/2019 9:23:14] /m exp
[18/6/2019 9:23:30] /m exp
[18/6/2019 9:23:30] /m exp
[18/6/2019 9:23:30] /m exp
[18/6/2019 9:23:30] /m exp
[18/6/2019 9:23:30] /m exp
[18/6/2019 9:23:30] /m exp
[18/6/2019 9:23:30] /m exp
[18/6/2019 9:23:31] /m exp
[18/6/2019 9:23:31] /m exp
[18/6/2019 9:23:33] /m exp
[18/6/2019 9:23:33] /m exp
[18/6/2019 9:23:33] /m exp
[18/6/2019 9:23:33] /m exp
[18/6/2019 9:23:33] /m exp
[18/6/2019 9:23:33] /m exp
[18/6/2019 9:23:34] /m exp
[18/6/2019 9:23:34] /m exp
[18/6/2019 9:23:34] /m exp
[18/6/2019 9:23:36] /m exp
[18/6/2019 9:23:36] /m exp
[18/6/2019 9:23:36] /m exp
[18/6/2019 9:23:36] /m exp
[18/6/2019 9:23:36] /m exp
[18/6/2019 9:23:36] /m exp
[18/6/2019 9:23:37] /m exp
[18/6/2019 9:23:37] /m exp
[18/6/2019 9:23:37] /m exp
[18/6/2019 9:23:37] /m exp
[18/6/2019 9:23:39] /m exp
[18/6/2019 9:23:39] /m exp
[18/6/2019 9:23:39] /m exp
[18/6/2019 9:23:39] /m exp
[18/6/2019 9:23:39] /m exp
[18/6/2019 9:23:39] /m exp
[18/6/2019 9:23:39] /m exp
[18/6/2019 9:23:40] /m exp
[18/6/2019 9:23:40] /m exp
[18/6/2019 9:23:42] /m exp
[18/6/2019 9:23:42] /m exp
[18/6/2019 9:23:42] /m exp
[18/6/2019 9:23:42] /m exp
[18/6/2019 9:23:42] /m exp
[18/6/2019 9:23:43] /m exp
[18/6/2019 9:23:43] /m exp
[18/6/2019 9:23:43] /m exp
[18/6/2019 9:23:43] /m exp
[18/6/2019 9:23:45] /m exp
[18/6/2019 9:23:45] /m exp
[18/6/2019 9:23:45] /m exp
[18/6/2019 9:23:45] /m exp
[18/6/2019 9:23:46] /m exp
[18/6/2019 9:23:46] /m exp
[18/6/2019 9:23:46] /m exp
[18/6/2019 9:23:46] /m exp
[18/6/2019 9:23:46] /m exp
[18/6/2019 9:23:48] /m exp
[18/6/2019 9:23:48] /m exp
[18/6/2019 9:23:48] /m exp
[18/6/2019 9:23:48] /m exp
[18/6/2019 9:23:48] /m exp
[18/6/2019 9:23:49] /m exp
[18/6/2019 9:23:49] /m exp
[18/6/2019 9:23:49] /m exp
[18/6/2019 9:23:49] /m exp
[18/6/2019 9:23:49] /m exp
[18/6/2019 9:23:51] /m exp
[18/6/2019 9:23:51] /m exp
[18/6/2019 9:23:51] /m exp
[18/6/2019 9:23:51] /m exp
[18/6/2019 9:23:52] /m exp
[18/6/2019 9:23:52] /m exp
[18/6/2019 9:23:52] /m exp
[18/6/2019 9:23:52] /m exp
[18/6/2019 9:23:52] /m exp
[18/6/2019 9:23:52] /m exp
[18/6/2019 9:23:54] /m exp
[18/6/2019 9:23:54] /m exp
[18/6/2019 9:23:54] /m exp
[18/6/2019 9:23:55] /m exp
[18/6/2019 9:23:55] /m exp
[18/6/2019 9:23:55] /m exp
[18/6/2019 9:23:55] /m exp
[18/6/2019 9:23:55] /m exp
[18/6/2019 9:23:55] /m exp
[18/6/2019 9:23:56] /m exp
[18/6/2019 9:23:56] /m exp
[18/6/2019 9:23:57] /m exp
[18/6/2019 9:23:58] /m exp
[18/6/2019 9:23:58] /m exp
[18/6/2019 9:23:58] /m exp
[18/6/2019 9:23:58] /m exp
[18/6/2019 9:23:58] /m exp
[18/6/2019 9:23:58] /m exp
[18/6/2019 9:23:59] /m exp
[18/6/2019 9:23:59] /m exp
[18/6/2019 9:23:59] /m exp
[18/6/2019 9:23:59] /m exp
[18/6/2019 9:24:1] /m exp
[18/6/2019 9:24:1] /m exp
[18/6/2019 9:24:1] /m exp
[18/6/2019 9:24:1] /m exp
[18/6/2019 9:24:1] /m exp
[18/6/2019 9:24:2] /m exp
[18/6/2019 9:24:2] /m exp
[18/6/2019 9:24:2] /m exp
[18/6/2019 9:24:2] /m exp
[18/6/2019 9:24:2] /m exp
[18/6/2019 9:24:3] /m exp
[18/6/2019 9:24:4] /m exp
[18/6/2019 9:24:5] /m exp
[18/6/2019 9:24:5] /m exp
[18/6/2019 9:24:5] /m exp
[18/6/2019 9:24:5] /m exp
[18/6/2019 9:24:5] /m exp
[18/6/2019 9:24:6] /m exp
[18/6/2019 9:24:6] /m exp
[18/6/2019 9:24:6] /m exp
[18/6/2019 9:24:6] /m exp
[18/6/2019 9:24:8] /m exp
[18/6/2019 9:24:8] /m exp
[18/6/2019 9:24:8] /m exp
[18/6/2019 9:24:8] /m exp
[18/6/2019 9:24:10] /m exp
[18/6/2019 9:24:10] /m exp
[18/6/2019 9:24:10] /m exp
[18/6/2019 9:24:10] /m exp
[18/6/2019 9:24:10] /m exp
[18/6/2019 9:24:10] /m exp
[18/6/2019 9:24:10] /m exp
[18/6/2019 9:24:10] /m exp
[18/6/2019 9:24:10] /m exp
[18/6/2019 9:24:10] /m exp
[18/6/2019 9:24:12] /m exp
[18/6/2019 9:24:12] /m exp
[18/6/2019 9:24:12] /m exp
[18/6/2019 9:24:13] /m exp
[18/6/2019 9:24:13] /m exp
[18/6/2019 9:24:13] /m exp
[18/6/2019 9:24:13] /m exp
[18/6/2019 9:24:13] /m exp
[18/6/2019 9:24:13] /m exp
[18/6/2019 9:24:13] /m exp
[18/6/2019 9:24:14] /m exp
[18/6/2019 9:24:15] /m exp
[18/6/2019 9:24:16] /m exp
[18/6/2019 9:24:16] /m exp
[18/6/2019 9:24:16] /m exp
[18/6/2019 9:24:16] /m exp
[18/6/2019 9:24:16] /m exp
[18/6/2019 9:24:16] /m exp
[18/6/2019 9:24:16] /m exp
[18/6/2019 9:24:17] /m exp
[18/6/2019 9:24:17] /m exp
[18/6/2019 9:24:19] /m exp
[18/6/2019 9:24:19] /m exp
[18/6/2019 9:24:19] /m exp
[18/6/2019 9:24:19] /m exp
[18/6/2019 9:24:20] /m exp
[18/6/2019 9:24:20] /m exp
[18/6/2019 9:24:20] /m exp
[18/6/2019 9:24:20] /m exp
[18/6/2019 9:24:20] /m exp
